{"/Users/jmeng/Documents/code/jump/src/lexer/Lexer.ts": {"path":"/Users/jmeng/Documents/code/jump/src/lexer/Lexer.ts","all":false,"statementMap":{"0":{"start":{"line":1,"column":0},"end":{"line":1,"column":44}},"1":{"start":{"line":2,"column":0},"end":{"line":2,"column":46}},"2":{"start":{"line":3,"column":0},"end":{"line":3,"column":30}},"3":{"start":{"line":4,"column":0},"end":{"line":4,"column":0}},"4":{"start":{"line":5,"column":0},"end":{"line":5,"column":0}},"5":{"start":{"line":6,"column":0},"end":{"line":6,"column":3}},"6":{"start":{"line":7,"column":0},"end":{"line":7,"column":39}},"7":{"start":{"line":8,"column":0},"end":{"line":8,"column":3}},"8":{"start":{"line":9,"column":0},"end":{"line":9,"column":44}},"9":{"start":{"line":10,"column":0},"end":{"line":10,"column":42}},"10":{"start":{"line":11,"column":0},"end":{"line":11,"column":0}},"11":{"start":{"line":12,"column":0},"end":{"line":12,"column":57}},"12":{"start":{"line":13,"column":0},"end":{"line":13,"column":17}},"13":{"start":{"line":14,"column":0},"end":{"line":14,"column":27}},"14":{"start":{"line":15,"column":0},"end":{"line":15,"column":2}},"15":{"start":{"line":16,"column":0},"end":{"line":16,"column":1}},"16":{"start":{"line":17,"column":0},"end":{"line":17,"column":0}},"17":{"start":{"line":18,"column":0},"end":{"line":18,"column":63}},"18":{"start":{"line":19,"column":0},"end":{"line":19,"column":4}},"19":{"start":{"line":20,"column":0},"end":{"line":20,"column":33}},"20":{"start":{"line":21,"column":0},"end":{"line":21,"column":4}},"21":{"start":{"line":22,"column":0},"end":{"line":22,"column":32}},"22":{"start":{"line":23,"column":0},"end":{"line":23,"column":0}},"23":{"start":{"line":24,"column":0},"end":{"line":24,"column":4}},"24":{"start":{"line":25,"column":0},"end":{"line":25,"column":57}},"25":{"start":{"line":26,"column":0},"end":{"line":26,"column":4}},"26":{"start":{"line":27,"column":0},"end":{"line":27,"column":21}},"27":{"start":{"line":28,"column":0},"end":{"line":28,"column":0}},"28":{"start":{"line":29,"column":0},"end":{"line":29,"column":4}},"29":{"start":{"line":30,"column":0},"end":{"line":30,"column":35}},"30":{"start":{"line":31,"column":0},"end":{"line":31,"column":4}},"31":{"start":{"line":32,"column":0},"end":{"line":32,"column":33}},"32":{"start":{"line":33,"column":0},"end":{"line":33,"column":0}},"33":{"start":{"line":34,"column":0},"end":{"line":34,"column":30}},"34":{"start":{"line":35,"column":0},"end":{"line":35,"column":23}},"35":{"start":{"line":36,"column":0},"end":{"line":36,"column":2}},"36":{"start":{"line":37,"column":0},"end":{"line":37,"column":0}},"37":{"start":{"line":38,"column":0},"end":{"line":38,"column":64}},"38":{"start":{"line":39,"column":0},"end":{"line":39,"column":46}},"39":{"start":{"line":40,"column":0},"end":{"line":40,"column":73}},"40":{"start":{"line":41,"column":0},"end":{"line":41,"column":73}},"41":{"start":{"line":42,"column":0},"end":{"line":42,"column":0}},"42":{"start":{"line":43,"column":0},"end":{"line":43,"column":50}},"43":{"start":{"line":44,"column":0},"end":{"line":44,"column":49}},"44":{"start":{"line":45,"column":0},"end":{"line":45,"column":0}},"45":{"start":{"line":46,"column":0},"end":{"line":46,"column":4}},"46":{"start":{"line":47,"column":0},"end":{"line":47,"column":44}},"47":{"start":{"line":48,"column":0},"end":{"line":48,"column":4}},"48":{"start":{"line":49,"column":0},"end":{"line":49,"column":28}},"49":{"start":{"line":50,"column":0},"end":{"line":50,"column":29}},"50":{"start":{"line":51,"column":0},"end":{"line":51,"column":26}},"51":{"start":{"line":52,"column":0},"end":{"line":52,"column":23}},"52":{"start":{"line":53,"column":0},"end":{"line":53,"column":0}},"53":{"start":{"line":54,"column":0},"end":{"line":54,"column":26}},"54":{"start":{"line":55,"column":0},"end":{"line":55,"column":55}},"55":{"start":{"line":56,"column":0},"end":{"line":56,"column":74}},"56":{"start":{"line":57,"column":0},"end":{"line":57,"column":55}},"57":{"start":{"line":58,"column":0},"end":{"line":58,"column":3}},"58":{"start":{"line":59,"column":0},"end":{"line":59,"column":33}},"59":{"start":{"line":60,"column":0},"end":{"line":60,"column":52}},"60":{"start":{"line":61,"column":0},"end":{"line":61,"column":68}},"61":{"start":{"line":62,"column":0},"end":{"line":62,"column":31}},"62":{"start":{"line":63,"column":0},"end":{"line":63,"column":7}},"63":{"start":{"line":64,"column":0},"end":{"line":64,"column":66}},"64":{"start":{"line":65,"column":0},"end":{"line":65,"column":66}},"65":{"start":{"line":66,"column":0},"end":{"line":66,"column":17}},"66":{"start":{"line":67,"column":0},"end":{"line":67,"column":32}},"67":{"start":{"line":68,"column":0},"end":{"line":68,"column":66}},"68":{"start":{"line":69,"column":0},"end":{"line":69,"column":61}},"69":{"start":{"line":70,"column":0},"end":{"line":70,"column":6}},"70":{"start":{"line":71,"column":0},"end":{"line":71,"column":53}},"71":{"start":{"line":72,"column":0},"end":{"line":72,"column":11}},"72":{"start":{"line":73,"column":0},"end":{"line":73,"column":67}},"73":{"start":{"line":74,"column":0},"end":{"line":74,"column":56}},"74":{"start":{"line":75,"column":0},"end":{"line":75,"column":4}},"75":{"start":{"line":76,"column":0},"end":{"line":76,"column":3}},"76":{"start":{"line":77,"column":0},"end":{"line":77,"column":28}},"77":{"start":{"line":78,"column":0},"end":{"line":78,"column":14}},"78":{"start":{"line":79,"column":0},"end":{"line":79,"column":0}},"79":{"start":{"line":80,"column":0},"end":{"line":80,"column":35}},"80":{"start":{"line":81,"column":0},"end":{"line":81,"column":27}},"81":{"start":{"line":82,"column":0},"end":{"line":82,"column":4}},"82":{"start":{"line":83,"column":0},"end":{"line":83,"column":0}},"83":{"start":{"line":84,"column":0},"end":{"line":84,"column":65}},"84":{"start":{"line":85,"column":0},"end":{"line":85,"column":35}},"85":{"start":{"line":86,"column":0},"end":{"line":86,"column":18}},"86":{"start":{"line":87,"column":0},"end":{"line":87,"column":52}},"87":{"start":{"line":88,"column":0},"end":{"line":88,"column":4}},"88":{"start":{"line":89,"column":0},"end":{"line":89,"column":0}},"89":{"start":{"line":90,"column":0},"end":{"line":90,"column":69}},"90":{"start":{"line":91,"column":0},"end":{"line":91,"column":53}},"91":{"start":{"line":92,"column":0},"end":{"line":92,"column":27}},"92":{"start":{"line":93,"column":0},"end":{"line":93,"column":4}},"93":{"start":{"line":94,"column":0},"end":{"line":94,"column":0}},"94":{"start":{"line":95,"column":0},"end":{"line":95,"column":29}},"95":{"start":{"line":96,"column":0},"end":{"line":96,"column":45}},"96":{"start":{"line":97,"column":0},"end":{"line":97,"column":3}},"97":{"start":{"line":98,"column":0},"end":{"line":98,"column":0}},"98":{"start":{"line":99,"column":0},"end":{"line":99,"column":90}},"99":{"start":{"line":100,"column":0},"end":{"line":100,"column":49}},"100":{"start":{"line":101,"column":0},"end":{"line":101,"column":35}},"101":{"start":{"line":102,"column":0},"end":{"line":102,"column":42}},"102":{"start":{"line":103,"column":0},"end":{"line":103,"column":55}},"103":{"start":{"line":104,"column":0},"end":{"line":104,"column":61}},"104":{"start":{"line":105,"column":0},"end":{"line":105,"column":4}},"105":{"start":{"line":106,"column":0},"end":{"line":106,"column":0}},"106":{"start":{"line":107,"column":0},"end":{"line":107,"column":64}},"107":{"start":{"line":108,"column":0},"end":{"line":108,"column":56}},"108":{"start":{"line":109,"column":0},"end":{"line":109,"column":61}},"109":{"start":{"line":110,"column":0},"end":{"line":110,"column":4}},"110":{"start":{"line":111,"column":0},"end":{"line":111,"column":0}},"111":{"start":{"line":112,"column":0},"end":{"line":112,"column":25}},"112":{"start":{"line":113,"column":0},"end":{"line":113,"column":53}},"113":{"start":{"line":114,"column":0},"end":{"line":114,"column":61}},"114":{"start":{"line":115,"column":0},"end":{"line":115,"column":4}},"115":{"start":{"line":116,"column":0},"end":{"line":116,"column":0}},"116":{"start":{"line":117,"column":0},"end":{"line":117,"column":44}},"117":{"start":{"line":118,"column":0},"end":{"line":118,"column":3}},"118":{"start":{"line":119,"column":0},"end":{"line":119,"column":28}},"119":{"start":{"line":120,"column":0},"end":{"line":120,"column":43}},"120":{"start":{"line":121,"column":0},"end":{"line":121,"column":3}},"121":{"start":{"line":122,"column":0},"end":{"line":122,"column":6}},"122":{"start":{"line":123,"column":0},"end":{"line":123,"column":71}},"123":{"start":{"line":124,"column":0},"end":{"line":124,"column":5}},"124":{"start":{"line":125,"column":0},"end":{"line":125,"column":4}},"125":{"start":{"line":126,"column":0},"end":{"line":126,"column":5}},"126":{"start":{"line":127,"column":0},"end":{"line":127,"column":17}},"127":{"start":{"line":128,"column":0},"end":{"line":128,"column":7}},"128":{"start":{"line":129,"column":0},"end":{"line":129,"column":22}},"129":{"start":{"line":130,"column":0},"end":{"line":130,"column":11}},"130":{"start":{"line":131,"column":0},"end":{"line":131,"column":20}},"131":{"start":{"line":132,"column":0},"end":{"line":132,"column":31}},"132":{"start":{"line":133,"column":0},"end":{"line":133,"column":29}},"133":{"start":{"line":134,"column":0},"end":{"line":134,"column":6}},"134":{"start":{"line":135,"column":0},"end":{"line":135,"column":0}},"135":{"start":{"line":136,"column":0},"end":{"line":136,"column":41}},"136":{"start":{"line":137,"column":0},"end":{"line":137,"column":49}},"137":{"start":{"line":138,"column":0},"end":{"line":138,"column":4}},"138":{"start":{"line":139,"column":0},"end":{"line":139,"column":51}},"139":{"start":{"line":140,"column":0},"end":{"line":140,"column":3}},"140":{"start":{"line":141,"column":0},"end":{"line":141,"column":22}},"141":{"start":{"line":142,"column":0},"end":{"line":142,"column":70}},"142":{"start":{"line":143,"column":0},"end":{"line":143,"column":30}},"143":{"start":{"line":144,"column":0},"end":{"line":144,"column":27}},"144":{"start":{"line":145,"column":0},"end":{"line":145,"column":3}},"145":{"start":{"line":146,"column":0},"end":{"line":146,"column":0}},"146":{"start":{"line":147,"column":0},"end":{"line":147,"column":28}},"147":{"start":{"line":148,"column":0},"end":{"line":148,"column":34}},"148":{"start":{"line":149,"column":0},"end":{"line":149,"column":23}},"149":{"start":{"line":150,"column":0},"end":{"line":150,"column":4}},"150":{"start":{"line":151,"column":0},"end":{"line":151,"column":2}},"151":{"start":{"line":152,"column":0},"end":{"line":152,"column":0}},"152":{"start":{"line":153,"column":0},"end":{"line":153,"column":33}},"153":{"start":{"line":154,"column":0},"end":{"line":154,"column":74}},"154":{"start":{"line":155,"column":0},"end":{"line":155,"column":24}},"155":{"start":{"line":156,"column":0},"end":{"line":156,"column":62}},"156":{"start":{"line":157,"column":0},"end":{"line":157,"column":2}},"157":{"start":{"line":158,"column":0},"end":{"line":158,"column":0}},"158":{"start":{"line":159,"column":0},"end":{"line":159,"column":39}},"159":{"start":{"line":160,"column":0},"end":{"line":160,"column":29}},"160":{"start":{"line":161,"column":0},"end":{"line":161,"column":11}},"161":{"start":{"line":162,"column":0},"end":{"line":162,"column":21}},"162":{"start":{"line":163,"column":0},"end":{"line":163,"column":15}},"163":{"start":{"line":164,"column":0},"end":{"line":164,"column":5}},"164":{"start":{"line":165,"column":0},"end":{"line":165,"column":3}},"165":{"start":{"line":166,"column":0},"end":{"line":166,"column":10}},"166":{"start":{"line":167,"column":0},"end":{"line":167,"column":27}},"167":{"start":{"line":168,"column":0},"end":{"line":168,"column":15}},"168":{"start":{"line":169,"column":0},"end":{"line":169,"column":4}},"169":{"start":{"line":170,"column":0},"end":{"line":170,"column":2}},"170":{"start":{"line":171,"column":0},"end":{"line":171,"column":0}},"171":{"start":{"line":172,"column":0},"end":{"line":172,"column":4}},"172":{"start":{"line":173,"column":0},"end":{"line":173,"column":75}},"173":{"start":{"line":174,"column":0},"end":{"line":174,"column":4}},"174":{"start":{"line":175,"column":0},"end":{"line":175,"column":28}},"175":{"start":{"line":176,"column":0},"end":{"line":176,"column":38}},"176":{"start":{"line":177,"column":0},"end":{"line":177,"column":2}},"177":{"start":{"line":178,"column":0},"end":{"line":178,"column":0}},"178":{"start":{"line":179,"column":0},"end":{"line":179,"column":29}},"179":{"start":{"line":180,"column":0},"end":{"line":180,"column":14}},"180":{"start":{"line":181,"column":0},"end":{"line":181,"column":2}},"181":{"start":{"line":182,"column":0},"end":{"line":182,"column":1}}},"s":{"0":1,"1":1,"2":1,"3":1,"4":1,"5":1,"6":1,"7":1,"8":9,"9":9,"10":9,"11":9,"12":9,"13":9,"14":9,"15":9,"16":1,"17":1,"18":1,"19":1,"20":1,"21":1,"22":1,"23":1,"24":1,"25":1,"26":1,"27":1,"28":1,"29":1,"30":1,"31":1,"32":1,"33":1,"34":10,"35":10,"36":1,"37":1,"38":1,"39":1,"40":1,"41":1,"42":1,"43":1,"44":1,"45":1,"46":1,"47":1,"48":1,"49":133,"50":133,"51":133,"52":133,"53":133,"54":9,"55":9,"56":9,"57":9,"58":133,"59":17,"60":17,"61":17,"62":17,"63":17,"64":17,"65":17,"66":17,"67":3,"68":3,"69":17,"70":15,"71":17,"72":2,"73":2,"74":2,"75":17,"76":133,"77":6,"78":6,"79":6,"80":3,"81":3,"82":6,"83":6,"84":6,"85":2,"86":2,"87":2,"88":4,"89":4,"90":6,"91":1,"92":1,"93":4,"94":4,"95":4,"96":4,"97":101,"98":101,"99":101,"100":133,"101":26,"102":26,"103":2,"104":2,"105":24,"106":24,"107":26,"108":2,"109":2,"110":22,"111":22,"112":26,"113":2,"114":2,"115":20,"116":20,"117":20,"118":133,"119":9,"120":9,"121":66,"122":66,"123":66,"124":66,"125":133,"126":21,"127":21,"128":21,"129":21,"130":21,"131":21,"132":21,"133":21,"134":21,"135":21,"136":2,"137":2,"138":19,"139":19,"140":133,"141":44,"142":44,"143":44,"144":44,"145":1,"146":1,"147":1,"148":1,"149":1,"150":1,"151":1,"152":1,"153":95,"154":95,"155":95,"156":95,"157":1,"158":1,"159":95,"160":6,"161":6,"162":6,"163":6,"164":6,"165":89,"166":89,"167":89,"168":89,"169":89,"170":1,"171":1,"172":1,"173":1,"174":1,"175":133,"176":133,"177":1,"178":1,"179":9,"180":9,"181":1},"branchMap":{"0":{"type":"branch","line":9,"loc":{"start":{"line":9,"column":0},"end":{"line":16,"column":1}},"locations":[{"start":{"line":9,"column":0},"end":{"line":16,"column":1}}]},"1":{"type":"branch","line":12,"loc":{"start":{"line":12,"column":1},"end":{"line":15,"column":2}},"locations":[{"start":{"line":12,"column":1},"end":{"line":15,"column":2}}]},"2":{"type":"branch","line":34,"loc":{"start":{"line":34,"column":1},"end":{"line":36,"column":2}},"locations":[{"start":{"line":34,"column":1},"end":{"line":36,"column":2}}]},"3":{"type":"branch","line":44,"loc":{"start":{"line":44,"column":8},"end":{"line":44,"column":48}},"locations":[{"start":{"line":44,"column":8},"end":{"line":44,"column":48}}]},"4":{"type":"branch","line":49,"loc":{"start":{"line":49,"column":8},"end":{"line":151,"column":2}},"locations":[{"start":{"line":49,"column":8},"end":{"line":151,"column":2}}]},"5":{"type":"branch","line":54,"loc":{"start":{"line":54,"column":25},"end":{"line":58,"column":3}},"locations":[{"start":{"line":54,"column":25},"end":{"line":58,"column":3}}]},"6":{"type":"branch","line":59,"loc":{"start":{"line":59,"column":-1},"end":{"line":59,"column":32}},"locations":[{"start":{"line":59,"column":-1},"end":{"line":59,"column":32}}]},"7":{"type":"branch","line":59,"loc":{"start":{"line":59,"column":32},"end":{"line":76,"column":3}},"locations":[{"start":{"line":59,"column":32},"end":{"line":76,"column":3}}]},"8":{"type":"branch","line":67,"loc":{"start":{"line":67,"column":29},"end":{"line":69,"column":61}},"locations":[{"start":{"line":67,"column":29},"end":{"line":69,"column":61}}]},"9":{"type":"branch","line":70,"loc":{"start":{"line":70,"column":5},"end":{"line":72,"column":10}},"locations":[{"start":{"line":70,"column":5},"end":{"line":72,"column":10}}]},"10":{"type":"branch","line":72,"loc":{"start":{"line":72,"column":4},"end":{"line":75,"column":4}},"locations":[{"start":{"line":72,"column":4},"end":{"line":75,"column":4}}]},"11":{"type":"branch","line":77,"loc":{"start":{"line":77,"column":-1},"end":{"line":77,"column":27}},"locations":[{"start":{"line":77,"column":-1},"end":{"line":77,"column":27}}]},"12":{"type":"branch","line":77,"loc":{"start":{"line":77,"column":27},"end":{"line":97,"column":3}},"locations":[{"start":{"line":77,"column":27},"end":{"line":97,"column":3}}]},"13":{"type":"branch","line":80,"loc":{"start":{"line":80,"column":34},"end":{"line":82,"column":4}},"locations":[{"start":{"line":80,"column":34},"end":{"line":82,"column":4}}]},"14":{"type":"branch","line":85,"loc":{"start":{"line":85,"column":34},"end":{"line":88,"column":4}},"locations":[{"start":{"line":85,"column":34},"end":{"line":88,"column":4}}]},"15":{"type":"branch","line":89,"loc":{"start":{"line":89,"column":-1},"end":{"line":91,"column":27}},"locations":[{"start":{"line":89,"column":-1},"end":{"line":91,"column":27}}]},"16":{"type":"branch","line":91,"loc":{"start":{"line":91,"column":23},"end":{"line":91,"column":50}},"locations":[{"start":{"line":91,"column":23},"end":{"line":91,"column":50}}]},"17":{"type":"branch","line":91,"loc":{"start":{"line":91,"column":52},"end":{"line":93,"column":4}},"locations":[{"start":{"line":91,"column":52},"end":{"line":93,"column":4}}]},"18":{"type":"branch","line":94,"loc":{"start":{"line":94,"column":-1},"end":{"line":97,"column":3}},"locations":[{"start":{"line":94,"column":-1},"end":{"line":97,"column":3}}]},"19":{"type":"branch","line":98,"loc":{"start":{"line":98,"column":-1},"end":{"line":101,"column":34}},"locations":[{"start":{"line":98,"column":-1},"end":{"line":101,"column":34}}]},"20":{"type":"branch","line":101,"loc":{"start":{"line":101,"column":34},"end":{"line":118,"column":3}},"locations":[{"start":{"line":101,"column":34},"end":{"line":118,"column":3}}]},"21":{"type":"branch","line":103,"loc":{"start":{"line":103,"column":16},"end":{"line":103,"column":52}},"locations":[{"start":{"line":103,"column":16},"end":{"line":103,"column":52}}]},"22":{"type":"branch","line":103,"loc":{"start":{"line":103,"column":54},"end":{"line":105,"column":4}},"locations":[{"start":{"line":103,"column":54},"end":{"line":105,"column":4}}]},"23":{"type":"branch","line":106,"loc":{"start":{"line":106,"column":-1},"end":{"line":108,"column":28}},"locations":[{"start":{"line":106,"column":-1},"end":{"line":108,"column":28}}]},"24":{"type":"branch","line":108,"loc":{"start":{"line":108,"column":24},"end":{"line":108,"column":53}},"locations":[{"start":{"line":108,"column":24},"end":{"line":108,"column":53}}]},"25":{"type":"branch","line":108,"loc":{"start":{"line":108,"column":55},"end":{"line":110,"column":4}},"locations":[{"start":{"line":108,"column":55},"end":{"line":110,"column":4}}]},"26":{"type":"branch","line":111,"loc":{"start":{"line":111,"column":-1},"end":{"line":113,"column":27}},"locations":[{"start":{"line":111,"column":-1},"end":{"line":113,"column":27}}]},"27":{"type":"branch","line":113,"loc":{"start":{"line":113,"column":23},"end":{"line":113,"column":50}},"locations":[{"start":{"line":113,"column":23},"end":{"line":113,"column":50}}]},"28":{"type":"branch","line":113,"loc":{"start":{"line":113,"column":52},"end":{"line":115,"column":4}},"locations":[{"start":{"line":113,"column":52},"end":{"line":115,"column":4}}]},"29":{"type":"branch","line":116,"loc":{"start":{"line":116,"column":-1},"end":{"line":118,"column":3}},"locations":[{"start":{"line":116,"column":-1},"end":{"line":118,"column":3}}]},"30":{"type":"branch","line":119,"loc":{"start":{"line":119,"column":-1},"end":{"line":119,"column":27}},"locations":[{"start":{"line":119,"column":-1},"end":{"line":119,"column":27}}]},"31":{"type":"branch","line":119,"loc":{"start":{"line":119,"column":27},"end":{"line":121,"column":3}},"locations":[{"start":{"line":119,"column":27},"end":{"line":121,"column":3}}]},"32":{"type":"branch","line":122,"loc":{"start":{"line":122,"column":-1},"end":{"line":125,"column":4}},"locations":[{"start":{"line":122,"column":-1},"end":{"line":125,"column":4}}]},"33":{"type":"branch","line":126,"loc":{"start":{"line":126,"column":4},"end":{"line":140,"column":3}},"locations":[{"start":{"line":126,"column":4},"end":{"line":140,"column":3}}]},"34":{"type":"branch","line":136,"loc":{"start":{"line":136,"column":40},"end":{"line":138,"column":4}},"locations":[{"start":{"line":136,"column":40},"end":{"line":138,"column":4}}]},"35":{"type":"branch","line":139,"loc":{"start":{"line":139,"column":-1},"end":{"line":140,"column":3}},"locations":[{"start":{"line":139,"column":-1},"end":{"line":140,"column":3}}]},"36":{"type":"branch","line":141,"loc":{"start":{"line":141,"column":-1},"end":{"line":141,"column":21}},"locations":[{"start":{"line":141,"column":-1},"end":{"line":141,"column":21}}]},"37":{"type":"branch","line":141,"loc":{"start":{"line":141,"column":21},"end":{"line":145,"column":3}},"locations":[{"start":{"line":141,"column":21},"end":{"line":145,"column":3}}]},"38":{"type":"branch","line":146,"loc":{"start":{"line":146,"column":-1},"end":{"line":151,"column":2}},"locations":[{"start":{"line":146,"column":-1},"end":{"line":151,"column":2}}]},"39":{"type":"branch","line":153,"loc":{"start":{"line":153,"column":8},"end":{"line":157,"column":2}},"locations":[{"start":{"line":153,"column":8},"end":{"line":157,"column":2}}]},"40":{"type":"branch","line":159,"loc":{"start":{"line":159,"column":8},"end":{"line":170,"column":2}},"locations":[{"start":{"line":159,"column":8},"end":{"line":170,"column":2}}]},"41":{"type":"branch","line":160,"loc":{"start":{"line":160,"column":28},"end":{"line":165,"column":3}},"locations":[{"start":{"line":160,"column":28},"end":{"line":165,"column":3}}]},"42":{"type":"branch","line":166,"loc":{"start":{"line":166,"column":-1},"end":{"line":170,"column":2}},"locations":[{"start":{"line":166,"column":-1},"end":{"line":170,"column":2}}]},"43":{"type":"branch","line":175,"loc":{"start":{"line":175,"column":11},"end":{"line":177,"column":2}},"locations":[{"start":{"line":175,"column":11},"end":{"line":177,"column":2}}]},"44":{"type":"branch","line":179,"loc":{"start":{"line":179,"column":8},"end":{"line":181,"column":2}},"locations":[{"start":{"line":179,"column":8},"end":{"line":181,"column":2}}]}},"b":{"0":[9],"1":[9],"2":[10],"3":[2],"4":[133],"5":[9],"6":[124],"7":[17],"8":[3],"9":[15],"10":[2],"11":[107],"12":[6],"13":[3],"14":[2],"15":[4],"16":[1],"17":[1],"18":[4],"19":[101],"20":[26],"21":[3],"22":[2],"23":[24],"24":[2],"25":[2],"26":[22],"27":[2],"28":[2],"29":[20],"30":[75],"31":[9],"32":[66],"33":[21],"34":[2],"35":[19],"36":[45],"37":[44],"38":[1],"39":[95],"40":[95],"41":[6],"42":[89],"43":[133],"44":[9]},"fnMap":{"0":{"name":"<instance_members_initializer>","decl":{"start":{"line":9,"column":0},"end":{"line":16,"column":1}},"loc":{"start":{"line":9,"column":0},"end":{"line":16,"column":1}},"line":9},"1":{"name":"JumpSyntaxError","decl":{"start":{"line":12,"column":1},"end":{"line":15,"column":2}},"loc":{"start":{"line":12,"column":1},"end":{"line":15,"column":2}},"line":12},"2":{"name":"Lexer","decl":{"start":{"line":34,"column":1},"end":{"line":36,"column":2}},"loc":{"start":{"line":34,"column":1},"end":{"line":36,"column":2}},"line":34},"3":{"name":"<static_initializer>","decl":{"start":{"line":44,"column":8},"end":{"line":44,"column":48}},"loc":{"start":{"line":44,"column":8},"end":{"line":44,"column":48}},"line":44},"4":{"name":"nextToken","decl":{"start":{"line":49,"column":8},"end":{"line":151,"column":2}},"loc":{"start":{"line":49,"column":8},"end":{"line":151,"column":2}},"line":49},"5":{"name":"hasNextToken","decl":{"start":{"line":153,"column":8},"end":{"line":157,"column":2}},"loc":{"start":{"line":153,"column":8},"end":{"line":157,"column":2}},"line":153},"6":{"name":"next","decl":{"start":{"line":159,"column":8},"end":{"line":170,"column":2}},"loc":{"start":{"line":159,"column":8},"end":{"line":170,"column":2}},"line":159},"7":{"name":"setTokenIndex","decl":{"start":{"line":175,"column":11},"end":{"line":177,"column":2}},"loc":{"start":{"line":175,"column":11},"end":{"line":177,"column":2}},"line":175},"8":{"name":"Object.<anonymous>","decl":{"start":{"line":179,"column":8},"end":{"line":181,"column":2}},"loc":{"start":{"line":179,"column":8},"end":{"line":181,"column":2}},"line":179}},"f":{"0":9,"1":9,"2":10,"3":2,"4":133,"5":95,"6":95,"7":133,"8":9}}
,"/Users/jmeng/Documents/code/jump/src/lexer/Source.ts": {"path":"/Users/jmeng/Documents/code/jump/src/lexer/Source.ts","all":false,"statementMap":{"0":{"start":{"line":1,"column":0},"end":{"line":1,"column":46}},"1":{"start":{"line":2,"column":0},"end":{"line":2,"column":42}},"2":{"start":{"line":3,"column":0},"end":{"line":3,"column":0}},"3":{"start":{"line":4,"column":0},"end":{"line":4,"column":29}},"4":{"start":{"line":5,"column":0},"end":{"line":5,"column":22}},"5":{"start":{"line":6,"column":0},"end":{"line":6,"column":30}},"6":{"start":{"line":7,"column":0},"end":{"line":7,"column":0}},"7":{"start":{"line":8,"column":0},"end":{"line":8,"column":4}},"8":{"start":{"line":9,"column":0},"end":{"line":9,"column":44}},"9":{"start":{"line":10,"column":0},"end":{"line":10,"column":4}},"10":{"start":{"line":11,"column":0},"end":{"line":11,"column":21}},"11":{"start":{"line":12,"column":0},"end":{"line":12,"column":21}},"12":{"start":{"line":13,"column":0},"end":{"line":13,"column":2}},"13":{"start":{"line":14,"column":0},"end":{"line":14,"column":0}},"14":{"start":{"line":15,"column":0},"end":{"line":15,"column":28}},"15":{"start":{"line":16,"column":0},"end":{"line":16,"column":19}},"16":{"start":{"line":17,"column":0},"end":{"line":17,"column":2}},"17":{"start":{"line":18,"column":0},"end":{"line":18,"column":4}},"18":{"start":{"line":19,"column":0},"end":{"line":19,"column":92}},"19":{"start":{"line":20,"column":0},"end":{"line":20,"column":57}},"20":{"start":{"line":21,"column":0},"end":{"line":21,"column":4}},"21":{"start":{"line":22,"column":0},"end":{"line":22,"column":24}},"22":{"start":{"line":23,"column":0},"end":{"line":23,"column":40}},"23":{"start":{"line":24,"column":0},"end":{"line":24,"column":29}},"24":{"start":{"line":25,"column":0},"end":{"line":25,"column":31}},"25":{"start":{"line":26,"column":0},"end":{"line":26,"column":46}},"26":{"start":{"line":27,"column":0},"end":{"line":27,"column":5}},"27":{"start":{"line":28,"column":0},"end":{"line":28,"column":3}},"28":{"start":{"line":29,"column":0},"end":{"line":29,"column":35}},"29":{"start":{"line":30,"column":0},"end":{"line":30,"column":16}},"30":{"start":{"line":31,"column":0},"end":{"line":31,"column":11}},"31":{"start":{"line":32,"column":0},"end":{"line":32,"column":2}},"32":{"start":{"line":33,"column":0},"end":{"line":33,"column":0}},"33":{"start":{"line":34,"column":0},"end":{"line":34,"column":4}},"34":{"start":{"line":35,"column":0},"end":{"line":35,"column":85}},"35":{"start":{"line":36,"column":0},"end":{"line":36,"column":85}},"36":{"start":{"line":37,"column":0},"end":{"line":37,"column":61}},"37":{"start":{"line":38,"column":0},"end":{"line":38,"column":4}},"38":{"start":{"line":39,"column":0},"end":{"line":39,"column":38}},"39":{"start":{"line":40,"column":0},"end":{"line":40,"column":49}},"40":{"start":{"line":41,"column":0},"end":{"line":41,"column":13}},"41":{"start":{"line":42,"column":0},"end":{"line":42,"column":3}},"42":{"start":{"line":43,"column":0},"end":{"line":43,"column":0}},"43":{"start":{"line":44,"column":0},"end":{"line":44,"column":41}},"44":{"start":{"line":45,"column":0},"end":{"line":45,"column":2}},"45":{"start":{"line":46,"column":0},"end":{"line":46,"column":0}},"46":{"start":{"line":47,"column":0},"end":{"line":47,"column":4}},"47":{"start":{"line":48,"column":0},"end":{"line":48,"column":92}},"48":{"start":{"line":49,"column":0},"end":{"line":49,"column":106}},"49":{"start":{"line":50,"column":0},"end":{"line":50,"column":4}},"50":{"start":{"line":51,"column":0},"end":{"line":51,"column":45}},"51":{"start":{"line":52,"column":0},"end":{"line":52,"column":18}},"52":{"start":{"line":53,"column":0},"end":{"line":53,"column":43}},"53":{"start":{"line":54,"column":0},"end":{"line":54,"column":3}},"54":{"start":{"line":55,"column":0},"end":{"line":55,"column":0}},"55":{"start":{"line":56,"column":0},"end":{"line":56,"column":46}},"56":{"start":{"line":57,"column":0},"end":{"line":57,"column":29}},"57":{"start":{"line":58,"column":0},"end":{"line":58,"column":29}},"58":{"start":{"line":59,"column":0},"end":{"line":59,"column":46}},"59":{"start":{"line":60,"column":0},"end":{"line":60,"column":5}},"60":{"start":{"line":61,"column":0},"end":{"line":61,"column":3}},"61":{"start":{"line":62,"column":0},"end":{"line":62,"column":61}},"62":{"start":{"line":63,"column":0},"end":{"line":63,"column":2}},"63":{"start":{"line":64,"column":0},"end":{"line":64,"column":0}},"64":{"start":{"line":65,"column":0},"end":{"line":65,"column":4}},"65":{"start":{"line":66,"column":0},"end":{"line":66,"column":69}},"66":{"start":{"line":67,"column":0},"end":{"line":67,"column":63}},"67":{"start":{"line":68,"column":0},"end":{"line":68,"column":65}},"68":{"start":{"line":69,"column":0},"end":{"line":69,"column":70}},"69":{"start":{"line":70,"column":0},"end":{"line":70,"column":24}},"70":{"start":{"line":71,"column":0},"end":{"line":71,"column":95}},"71":{"start":{"line":72,"column":0},"end":{"line":72,"column":34}},"72":{"start":{"line":73,"column":0},"end":{"line":73,"column":77}},"73":{"start":{"line":74,"column":0},"end":{"line":74,"column":84}},"74":{"start":{"line":75,"column":0},"end":{"line":75,"column":4}},"75":{"start":{"line":76,"column":0},"end":{"line":76,"column":21}},"76":{"start":{"line":77,"column":0},"end":{"line":77,"column":19}},"77":{"start":{"line":78,"column":0},"end":{"line":78,"column":53}},"78":{"start":{"line":79,"column":0},"end":{"line":79,"column":12}},"79":{"start":{"line":80,"column":0},"end":{"line":80,"column":67}},"80":{"start":{"line":81,"column":0},"end":{"line":81,"column":68}},"81":{"start":{"line":82,"column":0},"end":{"line":82,"column":70}},"82":{"start":{"line":83,"column":0},"end":{"line":83,"column":48}},"83":{"start":{"line":84,"column":0},"end":{"line":84,"column":39}},"84":{"start":{"line":85,"column":0},"end":{"line":85,"column":15}},"85":{"start":{"line":86,"column":0},"end":{"line":86,"column":10}},"86":{"start":{"line":87,"column":0},"end":{"line":87,"column":29}},"87":{"start":{"line":88,"column":0},"end":{"line":88,"column":27}},"88":{"start":{"line":89,"column":0},"end":{"line":89,"column":22}},"89":{"start":{"line":90,"column":0},"end":{"line":90,"column":5}},"90":{"start":{"line":91,"column":0},"end":{"line":91,"column":3}},"91":{"start":{"line":92,"column":0},"end":{"line":92,"column":18}},"92":{"start":{"line":93,"column":0},"end":{"line":93,"column":2}},"93":{"start":{"line":94,"column":0},"end":{"line":94,"column":0}},"94":{"start":{"line":95,"column":0},"end":{"line":95,"column":4}},"95":{"start":{"line":96,"column":0},"end":{"line":96,"column":78}},"96":{"start":{"line":97,"column":0},"end":{"line":97,"column":90}},"97":{"start":{"line":98,"column":0},"end":{"line":98,"column":4}},"98":{"start":{"line":99,"column":0},"end":{"line":99,"column":43}},"99":{"start":{"line":100,"column":0},"end":{"line":100,"column":53}},"100":{"start":{"line":101,"column":0},"end":{"line":101,"column":2}},"101":{"start":{"line":102,"column":0},"end":{"line":102,"column":0}},"102":{"start":{"line":103,"column":0},"end":{"line":103,"column":4}},"103":{"start":{"line":104,"column":0},"end":{"line":104,"column":62}},"104":{"start":{"line":105,"column":0},"end":{"line":105,"column":102}},"105":{"start":{"line":106,"column":0},"end":{"line":106,"column":65}},"106":{"start":{"line":107,"column":0},"end":{"line":107,"column":85}},"107":{"start":{"line":108,"column":0},"end":{"line":108,"column":4}},"108":{"start":{"line":109,"column":0},"end":{"line":109,"column":65}},"109":{"start":{"line":110,"column":0},"end":{"line":110,"column":18}},"110":{"start":{"line":111,"column":0},"end":{"line":111,"column":56}},"111":{"start":{"line":112,"column":0},"end":{"line":112,"column":25}},"112":{"start":{"line":113,"column":0},"end":{"line":113,"column":3}},"113":{"start":{"line":114,"column":0},"end":{"line":114,"column":16}},"114":{"start":{"line":115,"column":0},"end":{"line":115,"column":2}},"115":{"start":{"line":116,"column":0},"end":{"line":116,"column":0}},"116":{"start":{"line":117,"column":0},"end":{"line":117,"column":4}},"117":{"start":{"line":118,"column":0},"end":{"line":118,"column":83}},"118":{"start":{"line":119,"column":0},"end":{"line":119,"column":45}},"119":{"start":{"line":120,"column":0},"end":{"line":120,"column":4}},"120":{"start":{"line":121,"column":0},"end":{"line":121,"column":38}},"121":{"start":{"line":122,"column":0},"end":{"line":122,"column":42}},"122":{"start":{"line":123,"column":0},"end":{"line":123,"column":2}},"123":{"start":{"line":124,"column":0},"end":{"line":124,"column":0}},"124":{"start":{"line":125,"column":0},"end":{"line":125,"column":4}},"125":{"start":{"line":126,"column":0},"end":{"line":126,"column":83}},"126":{"start":{"line":127,"column":0},"end":{"line":127,"column":4}},"127":{"start":{"line":128,"column":0},"end":{"line":128,"column":19}},"128":{"start":{"line":129,"column":0},"end":{"line":129,"column":40}},"129":{"start":{"line":130,"column":0},"end":{"line":130,"column":2}},"130":{"start":{"line":131,"column":0},"end":{"line":131,"column":1}}},"s":{"0":1,"1":1,"2":1,"3":18,"4":18,"5":18,"6":18,"7":18,"8":18,"9":18,"10":18,"11":3,"12":3,"13":18,"14":18,"15":18,"16":18,"17":18,"18":18,"19":18,"20":18,"21":18,"22":255,"23":2,"24":2,"25":2,"26":2,"27":2,"28":253,"29":253,"30":253,"31":253,"32":18,"33":18,"34":18,"35":18,"36":18,"37":18,"38":18,"39":191,"40":2,"41":2,"42":189,"43":189,"44":189,"45":18,"46":18,"47":18,"48":18,"49":18,"50":18,"51":103,"52":99,"53":99,"54":4,"55":103,"56":2,"57":2,"58":2,"59":2,"60":2,"61":2,"62":2,"63":18,"64":18,"65":18,"66":18,"67":18,"68":18,"69":18,"70":18,"71":18,"72":18,"73":18,"74":18,"75":18,"76":12,"77":12,"78":12,"79":12,"80":12,"81":12,"82":12,"83":12,"84":8,"85":12,"86":4,"87":4,"88":4,"89":4,"90":4,"91":8,"92":8,"93":18,"94":18,"95":18,"96":18,"97":18,"98":18,"99":46,"100":46,"101":18,"102":18,"103":18,"104":18,"105":18,"106":18,"107":18,"108":18,"109":61,"110":61,"111":92,"112":92,"113":61,"114":61,"115":18,"116":18,"117":18,"118":18,"119":18,"120":18,"121":8,"122":8,"123":18,"124":18,"125":18,"126":18,"127":18,"128":153,"129":153,"130":18},"branchMap":{"0":{"type":"branch","line":4,"loc":{"start":{"line":4,"column":0},"end":{"line":131,"column":1}},"locations":[{"start":{"line":4,"column":0},"end":{"line":131,"column":1}}]},"1":{"type":"branch","line":11,"loc":{"start":{"line":11,"column":1},"end":{"line":13,"column":2}},"locations":[{"start":{"line":11,"column":1},"end":{"line":13,"column":2}}]},"2":{"type":"branch","line":15,"loc":{"start":{"line":15,"column":1},"end":{"line":17,"column":2}},"locations":[{"start":{"line":15,"column":1},"end":{"line":17,"column":2}}]},"3":{"type":"branch","line":22,"loc":{"start":{"line":22,"column":8},"end":{"line":32,"column":2}},"locations":[{"start":{"line":22,"column":8},"end":{"line":32,"column":2}}]},"4":{"type":"branch","line":23,"loc":{"start":{"line":23,"column":39},"end":{"line":28,"column":3}},"locations":[{"start":{"line":23,"column":39},"end":{"line":28,"column":3}}]},"5":{"type":"branch","line":29,"loc":{"start":{"line":29,"column":-1},"end":{"line":32,"column":2}},"locations":[{"start":{"line":29,"column":-1},"end":{"line":32,"column":2}}]},"6":{"type":"branch","line":39,"loc":{"start":{"line":39,"column":8},"end":{"line":45,"column":2}},"locations":[{"start":{"line":39,"column":8},"end":{"line":45,"column":2}}]},"7":{"type":"branch","line":40,"loc":{"start":{"line":40,"column":48},"end":{"line":42,"column":3}},"locations":[{"start":{"line":40,"column":48},"end":{"line":42,"column":3}}]},"8":{"type":"branch","line":43,"loc":{"start":{"line":43,"column":-1},"end":{"line":45,"column":2}},"locations":[{"start":{"line":43,"column":-1},"end":{"line":45,"column":2}}]},"9":{"type":"branch","line":51,"loc":{"start":{"line":51,"column":8},"end":{"line":63,"column":2}},"locations":[{"start":{"line":51,"column":8},"end":{"line":63,"column":2}}]},"10":{"type":"branch","line":52,"loc":{"start":{"line":52,"column":17},"end":{"line":56,"column":45}},"locations":[{"start":{"line":52,"column":17},"end":{"line":56,"column":45}}]},"11":{"type":"branch","line":55,"loc":{"start":{"line":55,"column":-1},"end":{"line":56,"column":45}},"locations":[{"start":{"line":55,"column":-1},"end":{"line":56,"column":45}}]},"12":{"type":"branch","line":56,"loc":{"start":{"line":56,"column":45},"end":{"line":63,"column":2}},"locations":[{"start":{"line":56,"column":45},"end":{"line":63,"column":2}}]},"13":{"type":"branch","line":76,"loc":{"start":{"line":76,"column":8},"end":{"line":93,"column":2}},"locations":[{"start":{"line":76,"column":8},"end":{"line":93,"column":2}}]},"14":{"type":"branch","line":84,"loc":{"start":{"line":84,"column":38},"end":{"line":86,"column":9}},"locations":[{"start":{"line":84,"column":38},"end":{"line":86,"column":9}}]},"15":{"type":"branch","line":86,"loc":{"start":{"line":86,"column":3},"end":{"line":91,"column":3}},"locations":[{"start":{"line":86,"column":3},"end":{"line":91,"column":3}}]},"16":{"type":"branch","line":92,"loc":{"start":{"line":92,"column":-1},"end":{"line":93,"column":2}},"locations":[{"start":{"line":92,"column":-1},"end":{"line":93,"column":2}}]},"17":{"type":"branch","line":80,"loc":{"start":{"line":80,"column":37},"end":{"line":80,"column":65}},"locations":[{"start":{"line":80,"column":37},"end":{"line":80,"column":65}}]},"18":{"type":"branch","line":99,"loc":{"start":{"line":99,"column":8},"end":{"line":101,"column":2}},"locations":[{"start":{"line":99,"column":8},"end":{"line":101,"column":2}}]},"19":{"type":"branch","line":100,"loc":{"start":{"line":100,"column":27},"end":{"line":100,"column":51}},"locations":[{"start":{"line":100,"column":27},"end":{"line":100,"column":51}}]},"20":{"type":"branch","line":109,"loc":{"start":{"line":109,"column":8},"end":{"line":115,"column":2}},"locations":[{"start":{"line":109,"column":8},"end":{"line":115,"column":2}}]},"21":{"type":"branch","line":111,"loc":{"start":{"line":111,"column":23},"end":{"line":111,"column":53}},"locations":[{"start":{"line":111,"column":23},"end":{"line":111,"column":53}}]},"22":{"type":"branch","line":111,"loc":{"start":{"line":111,"column":55},"end":{"line":113,"column":3}},"locations":[{"start":{"line":111,"column":55},"end":{"line":113,"column":3}}]},"23":{"type":"branch","line":121,"loc":{"start":{"line":121,"column":8},"end":{"line":123,"column":2}},"locations":[{"start":{"line":121,"column":8},"end":{"line":123,"column":2}}]},"24":{"type":"branch","line":128,"loc":{"start":{"line":128,"column":8},"end":{"line":130,"column":2}},"locations":[{"start":{"line":128,"column":8},"end":{"line":130,"column":2}}]}},"b":{"0":[18],"1":[3],"2":[18],"3":[255],"4":[2],"5":[253],"6":[191],"7":[2],"8":[189],"9":[103],"10":[99],"11":[4],"12":[2],"13":[12],"14":[8],"15":[4],"16":[8],"17":[37],"18":[46],"19":[92],"20":[61],"21":[146],"22":[92],"23":[8],"24":[153]},"fnMap":{"0":{"name":"<instance_members_initializer>","decl":{"start":{"line":4,"column":0},"end":{"line":131,"column":1}},"loc":{"start":{"line":4,"column":0},"end":{"line":131,"column":1}},"line":4},"1":{"name":"get index","decl":{"start":{"line":11,"column":1},"end":{"line":13,"column":2}},"loc":{"start":{"line":11,"column":1},"end":{"line":13,"column":2}},"line":11},"2":{"name":"Source","decl":{"start":{"line":15,"column":1},"end":{"line":17,"column":2}},"loc":{"start":{"line":15,"column":1},"end":{"line":17,"column":2}},"line":15},"3":{"name":"next","decl":{"start":{"line":22,"column":8},"end":{"line":32,"column":2}},"loc":{"start":{"line":22,"column":8},"end":{"line":32,"column":2}},"line":22},"4":{"name":"peekNext","decl":{"start":{"line":39,"column":8},"end":{"line":45,"column":2}},"loc":{"start":{"line":39,"column":8},"end":{"line":45,"column":2}},"line":39},"5":{"name":"peekNextCharacters","decl":{"start":{"line":51,"column":8},"end":{"line":63,"column":2}},"loc":{"start":{"line":51,"column":8},"end":{"line":63,"column":2}},"line":51},"6":{"name":"consumeUntil","decl":{"start":{"line":76,"column":8},"end":{"line":93,"column":2}},"loc":{"start":{"line":76,"column":8},"end":{"line":93,"column":2}},"line":76},"7":{"name":"consumeAll","decl":{"start":{"line":99,"column":8},"end":{"line":101,"column":2}},"loc":{"start":{"line":99,"column":8},"end":{"line":101,"column":2}},"line":99},"8":{"name":"consumeWhile","decl":{"start":{"line":109,"column":8},"end":{"line":115,"column":2}},"loc":{"start":{"line":109,"column":8},"end":{"line":115,"column":2}},"line":109},"9":{"name":"getPosition","decl":{"start":{"line":121,"column":8},"end":{"line":123,"column":2}},"loc":{"start":{"line":121,"column":8},"end":{"line":123,"column":2}},"line":121},"10":{"name":"hasNext","decl":{"start":{"line":128,"column":8},"end":{"line":130,"column":2}},"loc":{"start":{"line":128,"column":8},"end":{"line":130,"column":2}},"line":128}},"f":{"0":18,"1":3,"2":18,"3":255,"4":191,"5":103,"6":12,"7":46,"8":61,"9":8,"10":153}}
,"/Users/jmeng/Documents/code/jump/src/lexer/SourcePosition.ts": {"path":"/Users/jmeng/Documents/code/jump/src/lexer/SourcePosition.ts","all":false,"statementMap":{"0":{"start":{"line":1,"column":0},"end":{"line":1,"column":3}},"1":{"start":{"line":2,"column":0},"end":{"line":2,"column":64}},"2":{"start":{"line":3,"column":0},"end":{"line":3,"column":54}},"3":{"start":{"line":4,"column":0},"end":{"line":4,"column":3}},"4":{"start":{"line":5,"column":0},"end":{"line":5,"column":37}},"5":{"start":{"line":6,"column":0},"end":{"line":6,"column":4}},"6":{"start":{"line":7,"column":0},"end":{"line":7,"column":48}},"7":{"start":{"line":8,"column":0},"end":{"line":8,"column":69}},"8":{"start":{"line":9,"column":0},"end":{"line":9,"column":4}},"9":{"start":{"line":10,"column":0},"end":{"line":10,"column":83}},"10":{"start":{"line":11,"column":0},"end":{"line":11,"column":31}},"11":{"start":{"line":12,"column":0},"end":{"line":12,"column":38}},"12":{"start":{"line":13,"column":0},"end":{"line":13,"column":3}},"13":{"start":{"line":14,"column":0},"end":{"line":14,"column":2}},"14":{"start":{"line":15,"column":0},"end":{"line":15,"column":0}},"15":{"start":{"line":16,"column":0},"end":{"line":16,"column":4}},"16":{"start":{"line":17,"column":0},"end":{"line":17,"column":80}},"17":{"start":{"line":18,"column":0},"end":{"line":18,"column":4}},"18":{"start":{"line":19,"column":0},"end":{"line":19,"column":27}},"19":{"start":{"line":20,"column":0},"end":{"line":20,"column":64}},"20":{"start":{"line":21,"column":0},"end":{"line":21,"column":2}},"21":{"start":{"line":22,"column":0},"end":{"line":22,"column":0}},"22":{"start":{"line":23,"column":0},"end":{"line":23,"column":4}},"23":{"start":{"line":24,"column":0},"end":{"line":24,"column":67}},"24":{"start":{"line":25,"column":0},"end":{"line":25,"column":14}},"25":{"start":{"line":26,"column":0},"end":{"line":26,"column":4}},"26":{"start":{"line":27,"column":0},"end":{"line":27,"column":26}},"27":{"start":{"line":28,"column":0},"end":{"line":28,"column":70}},"28":{"start":{"line":29,"column":0},"end":{"line":29,"column":66}},"29":{"start":{"line":30,"column":0},"end":{"line":30,"column":32}},"30":{"start":{"line":31,"column":0},"end":{"line":31,"column":68}},"31":{"start":{"line":32,"column":0},"end":{"line":32,"column":2}},"32":{"start":{"line":33,"column":0},"end":{"line":33,"column":0}},"33":{"start":{"line":34,"column":0},"end":{"line":34,"column":1}}},"s":{"0":1,"1":1,"2":1,"3":1,"4":29,"5":29,"6":29,"7":29,"8":29,"9":29,"10":29,"11":9,"12":9,"13":29,"14":29,"15":29,"16":29,"17":29,"18":29,"19":6,"20":6,"21":29,"22":29,"23":29,"24":29,"25":29,"26":29,"27":8,"28":8,"29":8,"30":8,"31":8,"32":29,"33":29},"branchMap":{"0":{"type":"branch","line":5,"loc":{"start":{"line":5,"column":0},"end":{"line":34,"column":1}},"locations":[{"start":{"line":5,"column":0},"end":{"line":34,"column":1}}]},"1":{"type":"branch","line":10,"loc":{"start":{"line":10,"column":1},"end":{"line":14,"column":2}},"locations":[{"start":{"line":10,"column":1},"end":{"line":14,"column":2}}]},"2":{"type":"branch","line":11,"loc":{"start":{"line":11,"column":30},"end":{"line":13,"column":3}},"locations":[{"start":{"line":11,"column":30},"end":{"line":13,"column":3}}]},"3":{"type":"branch","line":19,"loc":{"start":{"line":19,"column":8},"end":{"line":21,"column":2}},"locations":[{"start":{"line":19,"column":8},"end":{"line":21,"column":2}}]},"4":{"type":"branch","line":27,"loc":{"start":{"line":27,"column":8},"end":{"line":32,"column":2}},"locations":[{"start":{"line":27,"column":8},"end":{"line":32,"column":2}}]}},"b":{"0":[29],"1":[29],"2":[9],"3":[6],"4":[8]},"fnMap":{"0":{"name":"<instance_members_initializer>","decl":{"start":{"line":5,"column":0},"end":{"line":34,"column":1}},"loc":{"start":{"line":5,"column":0},"end":{"line":34,"column":1}},"line":5},"1":{"name":"SourcePosition","decl":{"start":{"line":10,"column":1},"end":{"line":14,"column":2}},"loc":{"start":{"line":10,"column":1},"end":{"line":14,"column":2}},"line":10},"2":{"name":"getLine","decl":{"start":{"line":19,"column":8},"end":{"line":21,"column":2}},"loc":{"start":{"line":19,"column":8},"end":{"line":21,"column":2}},"line":19},"3":{"name":"getCol","decl":{"start":{"line":27,"column":8},"end":{"line":32,"column":2}},"loc":{"start":{"line":27,"column":8},"end":{"line":32,"column":2}},"line":27}},"f":{"0":29,"1":29,"2":6,"3":8}}
,"/Users/jmeng/Documents/code/jump/src/lexer/Token.ts": {"path":"/Users/jmeng/Documents/code/jump/src/lexer/Token.ts","all":false,"statementMap":{"0":{"start":{"line":1,"column":0},"end":{"line":1,"column":24}},"1":{"start":{"line":2,"column":0},"end":{"line":2,"column":35}},"2":{"start":{"line":3,"column":0},"end":{"line":3,"column":29}},"3":{"start":{"line":4,"column":0},"end":{"line":4,"column":35}},"4":{"start":{"line":5,"column":0},"end":{"line":5,"column":23}},"5":{"start":{"line":6,"column":0},"end":{"line":6,"column":27}},"6":{"start":{"line":7,"column":0},"end":{"line":7,"column":21}},"7":{"start":{"line":8,"column":0},"end":{"line":8,"column":21}},"8":{"start":{"line":9,"column":0},"end":{"line":9,"column":1}},"9":{"start":{"line":10,"column":0},"end":{"line":10,"column":28}},"10":{"start":{"line":11,"column":0},"end":{"line":11,"column":4}},"11":{"start":{"line":12,"column":0},"end":{"line":12,"column":3}},"12":{"start":{"line":13,"column":0},"end":{"line":13,"column":39}},"13":{"start":{"line":14,"column":0},"end":{"line":14,"column":42}},"14":{"start":{"line":15,"column":0},"end":{"line":15,"column":4}},"15":{"start":{"line":16,"column":0},"end":{"line":16,"column":13}},"16":{"start":{"line":17,"column":0},"end":{"line":17,"column":35}},"17":{"start":{"line":18,"column":0},"end":{"line":18,"column":32}},"18":{"start":{"line":19,"column":0},"end":{"line":19,"column":5}},"19":{"start":{"line":20,"column":0},"end":{"line":20,"column":0}},"20":{"start":{"line":21,"column":0},"end":{"line":21,"column":30}},"21":{"start":{"line":22,"column":0},"end":{"line":22,"column":66}},"22":{"start":{"line":23,"column":0},"end":{"line":23,"column":2}},"23":{"start":{"line":24,"column":0},"end":{"line":24,"column":1}}},"s":{"0":3,"1":3,"2":3,"3":3,"4":3,"5":3,"6":3,"7":3,"8":3,"9":175,"10":175,"11":175,"12":175,"13":175,"14":175,"15":175,"16":175,"17":175,"18":175,"19":175,"20":175,"21":4,"22":4,"23":175},"branchMap":{"0":{"type":"branch","line":1,"loc":{"start":{"line":1,"column":0},"end":{"line":9,"column":1}},"locations":[{"start":{"line":1,"column":0},"end":{"line":9,"column":1}}]},"1":{"type":"branch","line":10,"loc":{"start":{"line":10,"column":0},"end":{"line":24,"column":1}},"locations":[{"start":{"line":10,"column":0},"end":{"line":24,"column":1}}]},"2":{"type":"branch","line":16,"loc":{"start":{"line":16,"column":1},"end":{"line":19,"column":5}},"locations":[{"start":{"line":16,"column":1},"end":{"line":19,"column":5}}]},"3":{"type":"branch","line":21,"loc":{"start":{"line":21,"column":8},"end":{"line":23,"column":2}},"locations":[{"start":{"line":21,"column":8},"end":{"line":23,"column":2}}]},"4":{"type":"branch","line":22,"loc":{"start":{"line":22,"column":33},"end":{"line":22,"column":65}},"locations":[{"start":{"line":22,"column":33},"end":{"line":22,"column":65}}]}},"b":{"0":[3],"1":[175],"2":[175],"3":[4],"4":[2]},"fnMap":{"0":{"name":"<instance_members_initializer>","decl":{"start":{"line":10,"column":0},"end":{"line":24,"column":1}},"loc":{"start":{"line":10,"column":0},"end":{"line":24,"column":1}},"line":10},"1":{"name":"Token","decl":{"start":{"line":16,"column":1},"end":{"line":19,"column":5}},"loc":{"start":{"line":16,"column":1},"end":{"line":19,"column":5}},"line":16},"2":{"name":"equals","decl":{"start":{"line":21,"column":8},"end":{"line":23,"column":2}},"loc":{"start":{"line":21,"column":8},"end":{"line":23,"column":2}},"line":21}},"f":{"0":175,"1":175,"2":4}}
}
