{"/Users/jmeng/Documents/code/jump/src/errors.ts": {"path":"/Users/jmeng/Documents/code/jump/src/errors.ts","all":false,"statementMap":{"0":{"start":{"line":1,"column":0},"end":{"line":1,"column":52}},"1":{"start":{"line":2,"column":0},"end":{"line":2,"column":0}},"2":{"start":{"line":3,"column":0},"end":{"line":3,"column":38}},"3":{"start":{"line":4,"column":0},"end":{"line":4,"column":31}},"4":{"start":{"line":5,"column":0},"end":{"line":5,"column":17}},"5":{"start":{"line":6,"column":0},"end":{"line":6,"column":2}},"6":{"start":{"line":7,"column":0},"end":{"line":7,"column":1}},"7":{"start":{"line":8,"column":0},"end":{"line":8,"column":0}},"8":{"start":{"line":9,"column":0},"end":{"line":9,"column":3}},"9":{"start":{"line":10,"column":0},"end":{"line":10,"column":39}},"10":{"start":{"line":11,"column":0},"end":{"line":11,"column":3}},"11":{"start":{"line":12,"column":0},"end":{"line":12,"column":48}},"12":{"start":{"line":13,"column":0},"end":{"line":13,"column":42}},"13":{"start":{"line":14,"column":0},"end":{"line":14,"column":0}},"14":{"start":{"line":15,"column":0},"end":{"line":15,"column":57}},"15":{"start":{"line":16,"column":0},"end":{"line":16,"column":17}},"16":{"start":{"line":17,"column":0},"end":{"line":17,"column":27}},"17":{"start":{"line":18,"column":0},"end":{"line":18,"column":2}},"18":{"start":{"line":19,"column":0},"end":{"line":19,"column":1}},"19":{"start":{"line":20,"column":0},"end":{"line":20,"column":0}},"20":{"start":{"line":21,"column":0},"end":{"line":21,"column":64}},"21":{"start":{"line":22,"column":0},"end":{"line":22,"column":46}},"22":{"start":{"line":23,"column":0},"end":{"line":23,"column":45}},"23":{"start":{"line":24,"column":0},"end":{"line":24,"column":0}},"24":{"start":{"line":25,"column":0},"end":{"line":25,"column":31}},"25":{"start":{"line":26,"column":0},"end":{"line":26,"column":17}},"26":{"start":{"line":27,"column":0},"end":{"line":27,"column":30}},"27":{"start":{"line":28,"column":0},"end":{"line":28,"column":2}},"28":{"start":{"line":29,"column":0},"end":{"line":29,"column":1}},"29":{"start":{"line":30,"column":0},"end":{"line":30,"column":0}},"30":{"start":{"line":31,"column":0},"end":{"line":31,"column":64}},"31":{"start":{"line":32,"column":0},"end":{"line":32,"column":46}},"32":{"start":{"line":33,"column":0},"end":{"line":33,"column":45}},"33":{"start":{"line":34,"column":0},"end":{"line":34,"column":0}},"34":{"start":{"line":35,"column":0},"end":{"line":35,"column":31}},"35":{"start":{"line":36,"column":0},"end":{"line":36,"column":17}},"36":{"start":{"line":37,"column":0},"end":{"line":37,"column":30}},"37":{"start":{"line":38,"column":0},"end":{"line":38,"column":2}},"38":{"start":{"line":39,"column":0},"end":{"line":39,"column":1}},"39":{"start":{"line":40,"column":0},"end":{"line":40,"column":0}},"40":{"start":{"line":41,"column":0},"end":{"line":41,"column":3}},"41":{"start":{"line":42,"column":0},"end":{"line":42,"column":69}},"42":{"start":{"line":43,"column":0},"end":{"line":43,"column":24}},"43":{"start":{"line":44,"column":0},"end":{"line":44,"column":3}},"44":{"start":{"line":45,"column":0},"end":{"line":45,"column":50}},"45":{"start":{"line":46,"column":0},"end":{"line":46,"column":45}},"46":{"start":{"line":47,"column":0},"end":{"line":47,"column":0}},"47":{"start":{"line":48,"column":0},"end":{"line":48,"column":31}},"48":{"start":{"line":49,"column":0},"end":{"line":49,"column":17}},"49":{"start":{"line":50,"column":0},"end":{"line":50,"column":30}},"50":{"start":{"line":51,"column":0},"end":{"line":51,"column":2}},"51":{"start":{"line":52,"column":0},"end":{"line":52,"column":1}},"52":{"start":{"line":53,"column":0},"end":{"line":53,"column":0}},"53":{"start":{"line":54,"column":0},"end":{"line":54,"column":50}},"54":{"start":{"line":55,"column":0},"end":{"line":55,"column":31}},"55":{"start":{"line":56,"column":0},"end":{"line":56,"column":17}},"56":{"start":{"line":57,"column":0},"end":{"line":57,"column":2}},"57":{"start":{"line":58,"column":0},"end":{"line":58,"column":1}},"58":{"start":{"line":59,"column":0},"end":{"line":59,"column":0}},"59":{"start":{"line":60,"column":0},"end":{"line":60,"column":56}},"60":{"start":{"line":61,"column":0},"end":{"line":61,"column":74}},"61":{"start":{"line":62,"column":0},"end":{"line":62,"column":71}},"62":{"start":{"line":63,"column":0},"end":{"line":63,"column":2}},"63":{"start":{"line":64,"column":0},"end":{"line":64,"column":1}}},"s":{"0":1,"1":1,"2":1,"3":1,"4":34,"5":34,"6":1,"7":1,"8":1,"9":1,"10":1,"11":1,"12":1,"13":1,"14":1,"15":21,"16":21,"17":21,"18":1,"19":1,"20":1,"21":1,"22":1,"23":1,"24":1,"25":4,"26":4,"27":4,"28":1,"29":1,"30":1,"31":1,"32":1,"33":1,"34":1,"35":2,"36":2,"37":2,"38":1,"39":1,"40":1,"41":1,"42":1,"43":1,"44":1,"45":1,"46":1,"47":1,"48":0,"49":0,"50":0,"51":1,"52":1,"53":1,"54":1,"55":5,"56":5,"57":1,"58":1,"59":1,"60":1,"61":2,"62":2,"63":1},"branchMap":{"0":{"type":"branch","line":4,"loc":{"start":{"line":4,"column":1},"end":{"line":6,"column":2}},"locations":[{"start":{"line":4,"column":1},"end":{"line":6,"column":2}}]},"1":{"type":"branch","line":15,"loc":{"start":{"line":15,"column":1},"end":{"line":18,"column":2}},"locations":[{"start":{"line":15,"column":1},"end":{"line":18,"column":2}}]},"2":{"type":"branch","line":25,"loc":{"start":{"line":25,"column":1},"end":{"line":28,"column":2}},"locations":[{"start":{"line":25,"column":1},"end":{"line":28,"column":2}}]},"3":{"type":"branch","line":35,"loc":{"start":{"line":35,"column":1},"end":{"line":38,"column":2}},"locations":[{"start":{"line":35,"column":1},"end":{"line":38,"column":2}}]},"4":{"type":"branch","line":55,"loc":{"start":{"line":55,"column":1},"end":{"line":57,"column":2}},"locations":[{"start":{"line":55,"column":1},"end":{"line":57,"column":2}}]},"5":{"type":"branch","line":61,"loc":{"start":{"line":61,"column":1},"end":{"line":63,"column":2}},"locations":[{"start":{"line":61,"column":1},"end":{"line":63,"column":2}}]}},"b":{"0":[34],"1":[21],"2":[4],"3":[2],"4":[5],"5":[2]},"fnMap":{"0":{"name":"JumpError","decl":{"start":{"line":4,"column":1},"end":{"line":6,"column":2}},"loc":{"start":{"line":4,"column":1},"end":{"line":6,"column":2}},"line":4},"1":{"name":"JumpSyntaxError","decl":{"start":{"line":15,"column":1},"end":{"line":18,"column":2}},"loc":{"start":{"line":15,"column":1},"end":{"line":18,"column":2}},"line":15},"2":{"name":"JumpTypeError","decl":{"start":{"line":25,"column":1},"end":{"line":28,"column":2}},"loc":{"start":{"line":25,"column":1},"end":{"line":28,"column":2}},"line":25},"3":{"name":"JumpNameError","decl":{"start":{"line":35,"column":1},"end":{"line":38,"column":2}},"loc":{"start":{"line":35,"column":1},"end":{"line":38,"column":2}},"line":35},"4":{"name":"JumpArgumentError","decl":{"start":{"line":48,"column":1},"end":{"line":51,"column":2}},"loc":{"start":{"line":48,"column":1},"end":{"line":51,"column":2}},"line":48},"5":{"name":"JumpInternalError","decl":{"start":{"line":55,"column":1},"end":{"line":57,"column":2}},"loc":{"start":{"line":55,"column":1},"end":{"line":57,"column":2}},"line":55},"6":{"name":"JumpDivisionByZeroError","decl":{"start":{"line":61,"column":1},"end":{"line":63,"column":2}},"loc":{"start":{"line":61,"column":1},"end":{"line":63,"column":2}},"line":61}},"f":{"0":34,"1":21,"2":4,"3":2,"4":0,"5":5,"6":2}}
,"/Users/jmeng/Documents/code/jump/src/ast/JumpCallable.ts": {"path":"/Users/jmeng/Documents/code/jump/src/ast/JumpCallable.ts","all":false,"statementMap":{"0":{"start":{"line":1,"column":0},"end":{"line":1,"column":40}},"1":{"start":{"line":2,"column":0},"end":{"line":2,"column":38}},"2":{"start":{"line":3,"column":0},"end":{"line":3,"column":0}},"3":{"start":{"line":4,"column":0},"end":{"line":4,"column":59}},"4":{"start":{"line":5,"column":0},"end":{"line":5,"column":22}},"5":{"start":{"line":6,"column":0},"end":{"line":6,"column":1}},"6":{"start":{"line":7,"column":0},"end":{"line":7,"column":0}},"7":{"start":{"line":8,"column":0},"end":{"line":8,"column":3}},"8":{"start":{"line":9,"column":0},"end":{"line":9,"column":52}},"9":{"start":{"line":10,"column":0},"end":{"line":10,"column":3}},"10":{"start":{"line":11,"column":0},"end":{"line":11,"column":39}},"11":{"start":{"line":12,"column":0},"end":{"line":12,"column":59}},"12":{"start":{"line":13,"column":0},"end":{"line":13,"column":1}}},"s":{"0":1,"1":1,"2":1,"3":35,"4":35,"5":35,"6":1,"7":1,"8":1,"9":1,"10":1,"11":1,"12":1},"branchMap":{"0":{"type":"branch","line":4,"loc":{"start":{"line":4,"column":0},"end":{"line":6,"column":1}},"locations":[{"start":{"line":4,"column":0},"end":{"line":6,"column":1}}]}},"b":{"0":[35]},"fnMap":{"0":{"name":"isCallable","decl":{"start":{"line":4,"column":0},"end":{"line":6,"column":1}},"loc":{"start":{"line":4,"column":0},"end":{"line":6,"column":1}},"line":4}},"f":{"0":35}}
,"/Users/jmeng/Documents/code/jump/src/ast/SymbolTable.ts": {"path":"/Users/jmeng/Documents/code/jump/src/ast/SymbolTable.ts","all":false,"statementMap":{"0":{"start":{"line":1,"column":0},"end":{"line":1,"column":53}},"1":{"start":{"line":2,"column":0},"end":{"line":2,"column":46}},"2":{"start":{"line":3,"column":0},"end":{"line":3,"column":0}},"3":{"start":{"line":4,"column":0},"end":{"line":4,"column":24}},"4":{"start":{"line":5,"column":0},"end":{"line":5,"column":15}},"5":{"start":{"line":6,"column":0},"end":{"line":6,"column":23}},"6":{"start":{"line":7,"column":0},"end":{"line":7,"column":19}},"7":{"start":{"line":8,"column":0},"end":{"line":8,"column":1}},"8":{"start":{"line":9,"column":0},"end":{"line":9,"column":0}},"9":{"start":{"line":10,"column":0},"end":{"line":10,"column":3}},"10":{"start":{"line":11,"column":0},"end":{"line":11,"column":58}},"11":{"start":{"line":12,"column":0},"end":{"line":12,"column":70}},"12":{"start":{"line":13,"column":0},"end":{"line":13,"column":3}},"13":{"start":{"line":14,"column":0},"end":{"line":14,"column":37}},"14":{"start":{"line":15,"column":0},"end":{"line":15,"column":25}},"15":{"start":{"line":16,"column":0},"end":{"line":16,"column":15}},"16":{"start":{"line":17,"column":0},"end":{"line":17,"column":12}},"17":{"start":{"line":18,"column":0},"end":{"line":18,"column":1}},"18":{"start":{"line":19,"column":0},"end":{"line":19,"column":0}},"19":{"start":{"line":20,"column":0},"end":{"line":20,"column":34}},"20":{"start":{"line":21,"column":0},"end":{"line":21,"column":19}},"21":{"start":{"line":22,"column":0},"end":{"line":22,"column":15}},"22":{"start":{"line":23,"column":0},"end":{"line":23,"column":10}},"23":{"start":{"line":24,"column":0},"end":{"line":24,"column":4}},"24":{"start":{"line":25,"column":0},"end":{"line":25,"column":17}},"25":{"start":{"line":26,"column":0},"end":{"line":26,"column":15}},"26":{"start":{"line":27,"column":0},"end":{"line":27,"column":4}},"27":{"start":{"line":28,"column":0},"end":{"line":28,"column":4}},"28":{"start":{"line":29,"column":0},"end":{"line":29,"column":15}},"29":{"start":{"line":30,"column":0},"end":{"line":30,"column":19}},"30":{"start":{"line":31,"column":0},"end":{"line":31,"column":27}},"31":{"start":{"line":32,"column":0},"end":{"line":32,"column":8}},"32":{"start":{"line":33,"column":0},"end":{"line":33,"column":3}},"33":{"start":{"line":34,"column":0},"end":{"line":34,"column":18}},"34":{"start":{"line":35,"column":0},"end":{"line":35,"column":27}},"35":{"start":{"line":36,"column":0},"end":{"line":36,"column":39}},"36":{"start":{"line":37,"column":0},"end":{"line":37,"column":22}},"37":{"start":{"line":38,"column":0},"end":{"line":38,"column":4}},"38":{"start":{"line":39,"column":0},"end":{"line":39,"column":3}},"39":{"start":{"line":40,"column":0},"end":{"line":40,"column":0}},"40":{"start":{"line":41,"column":0},"end":{"line":41,"column":4}},"41":{"start":{"line":42,"column":0},"end":{"line":42,"column":44}},"42":{"start":{"line":43,"column":0},"end":{"line":43,"column":40}},"43":{"start":{"line":44,"column":0},"end":{"line":44,"column":40}},"44":{"start":{"line":45,"column":0},"end":{"line":45,"column":75}},"45":{"start":{"line":46,"column":0},"end":{"line":46,"column":4}},"46":{"start":{"line":47,"column":0},"end":{"line":47,"column":18}},"47":{"start":{"line":48,"column":0},"end":{"line":48,"column":15}},"48":{"start":{"line":49,"column":0},"end":{"line":49,"column":19}},"49":{"start":{"line":50,"column":0},"end":{"line":50,"column":26}},"50":{"start":{"line":51,"column":0},"end":{"line":51,"column":10}},"51":{"start":{"line":52,"column":0},"end":{"line":52,"column":29}},"52":{"start":{"line":53,"column":0},"end":{"line":53,"column":28}},"53":{"start":{"line":54,"column":0},"end":{"line":54,"column":19}},"54":{"start":{"line":55,"column":0},"end":{"line":55,"column":8}},"55":{"start":{"line":56,"column":0},"end":{"line":56,"column":8}},"56":{"start":{"line":57,"column":0},"end":{"line":57,"column":12}},"57":{"start":{"line":58,"column":0},"end":{"line":58,"column":22}},"58":{"start":{"line":59,"column":0},"end":{"line":59,"column":5}},"59":{"start":{"line":60,"column":0},"end":{"line":60,"column":2}},"60":{"start":{"line":61,"column":0},"end":{"line":61,"column":0}},"61":{"start":{"line":62,"column":0},"end":{"line":62,"column":4}},"62":{"start":{"line":63,"column":0},"end":{"line":63,"column":83}},"63":{"start":{"line":64,"column":0},"end":{"line":64,"column":4}},"64":{"start":{"line":65,"column":0},"end":{"line":65,"column":27}},"65":{"start":{"line":66,"column":0},"end":{"line":66,"column":31}},"66":{"start":{"line":67,"column":0},"end":{"line":67,"column":64}},"67":{"start":{"line":68,"column":0},"end":{"line":68,"column":3}},"68":{"start":{"line":69,"column":0},"end":{"line":69,"column":19}},"69":{"start":{"line":70,"column":0},"end":{"line":70,"column":2}},"70":{"start":{"line":71,"column":0},"end":{"line":71,"column":0}},"71":{"start":{"line":72,"column":0},"end":{"line":72,"column":4}},"72":{"start":{"line":73,"column":0},"end":{"line":73,"column":53}},"73":{"start":{"line":74,"column":0},"end":{"line":74,"column":47}},"74":{"start":{"line":75,"column":0},"end":{"line":75,"column":4}},"75":{"start":{"line":76,"column":0},"end":{"line":76,"column":25}},"76":{"start":{"line":77,"column":0},"end":{"line":77,"column":69}},"77":{"start":{"line":78,"column":0},"end":{"line":78,"column":2}},"78":{"start":{"line":79,"column":0},"end":{"line":79,"column":0}},"79":{"start":{"line":80,"column":0},"end":{"line":80,"column":4}},"80":{"start":{"line":81,"column":0},"end":{"line":81,"column":60}},"81":{"start":{"line":82,"column":0},"end":{"line":82,"column":47}},"82":{"start":{"line":83,"column":0},"end":{"line":83,"column":86}},"83":{"start":{"line":84,"column":0},"end":{"line":84,"column":45}},"84":{"start":{"line":85,"column":0},"end":{"line":85,"column":4}},"85":{"start":{"line":86,"column":0},"end":{"line":86,"column":61}},"86":{"start":{"line":87,"column":0},"end":{"line":87,"column":43}},"87":{"start":{"line":88,"column":0},"end":{"line":88,"column":31}},"88":{"start":{"line":89,"column":0},"end":{"line":89,"column":51}},"89":{"start":{"line":90,"column":0},"end":{"line":90,"column":5}},"90":{"start":{"line":91,"column":0},"end":{"line":91,"column":3}},"91":{"start":{"line":92,"column":0},"end":{"line":92,"column":70}},"92":{"start":{"line":93,"column":0},"end":{"line":93,"column":38}},"93":{"start":{"line":94,"column":0},"end":{"line":94,"column":8}},"94":{"start":{"line":95,"column":0},"end":{"line":95,"column":9}},"95":{"start":{"line":96,"column":0},"end":{"line":96,"column":5}},"96":{"start":{"line":97,"column":0},"end":{"line":97,"column":2}},"97":{"start":{"line":98,"column":0},"end":{"line":98,"column":0}},"98":{"start":{"line":99,"column":0},"end":{"line":99,"column":4}},"99":{"start":{"line":100,"column":0},"end":{"line":100,"column":55}},"100":{"start":{"line":101,"column":0},"end":{"line":101,"column":47}},"101":{"start":{"line":102,"column":0},"end":{"line":102,"column":49}},"102":{"start":{"line":103,"column":0},"end":{"line":103,"column":4}},"103":{"start":{"line":104,"column":0},"end":{"line":104,"column":38}},"104":{"start":{"line":105,"column":0},"end":{"line":105,"column":45}},"105":{"start":{"line":106,"column":0},"end":{"line":106,"column":31}},"106":{"start":{"line":107,"column":0},"end":{"line":107,"column":27}},"107":{"start":{"line":108,"column":0},"end":{"line":108,"column":31}},"108":{"start":{"line":109,"column":0},"end":{"line":109,"column":16}},"109":{"start":{"line":110,"column":0},"end":{"line":110,"column":7}},"110":{"start":{"line":111,"column":0},"end":{"line":111,"column":11}},"111":{"start":{"line":112,"column":0},"end":{"line":112,"column":4}},"112":{"start":{"line":113,"column":0},"end":{"line":113,"column":3}},"113":{"start":{"line":114,"column":0},"end":{"line":114,"column":30}},"114":{"start":{"line":115,"column":0},"end":{"line":115,"column":86}},"115":{"start":{"line":116,"column":0},"end":{"line":116,"column":4}},"116":{"start":{"line":117,"column":0},"end":{"line":117,"column":2}},"117":{"start":{"line":118,"column":0},"end":{"line":118,"column":0}},"118":{"start":{"line":119,"column":0},"end":{"line":119,"column":4}},"119":{"start":{"line":120,"column":0},"end":{"line":120,"column":75}},"120":{"start":{"line":121,"column":0},"end":{"line":121,"column":47}},"121":{"start":{"line":122,"column":0},"end":{"line":122,"column":4}},"122":{"start":{"line":123,"column":0},"end":{"line":123,"column":55}},"123":{"start":{"line":124,"column":0},"end":{"line":124,"column":45}},"124":{"start":{"line":125,"column":0},"end":{"line":125,"column":31}},"125":{"start":{"line":126,"column":0},"end":{"line":126,"column":34}},"126":{"start":{"line":127,"column":0},"end":{"line":127,"column":4}},"127":{"start":{"line":128,"column":0},"end":{"line":128,"column":3}},"128":{"start":{"line":129,"column":0},"end":{"line":129,"column":30}},"129":{"start":{"line":130,"column":0},"end":{"line":130,"column":83}},"130":{"start":{"line":131,"column":0},"end":{"line":131,"column":4}},"131":{"start":{"line":132,"column":0},"end":{"line":132,"column":2}},"132":{"start":{"line":133,"column":0},"end":{"line":133,"column":1}}},"s":{"0":1,"1":1,"2":1,"3":8,"4":8,"5":8,"6":8,"7":8,"8":1,"9":1,"10":1,"11":1,"12":1,"13":67,"14":67,"15":67,"16":67,"17":67,"18":1,"19":137,"20":137,"21":137,"22":137,"23":137,"24":137,"25":137,"26":137,"27":137,"28":137,"29":137,"30":137,"31":137,"32":137,"33":137,"34":137,"35":137,"36":137,"37":137,"38":137,"39":137,"40":137,"41":137,"42":137,"43":137,"44":137,"45":137,"46":137,"47":4,"48":4,"49":4,"50":4,"51":4,"52":4,"53":4,"54":4,"55":4,"56":4,"57":4,"58":4,"59":4,"60":137,"61":137,"62":137,"63":137,"64":137,"65":5,"66":1,"67":1,"68":4,"69":4,"70":137,"71":137,"72":137,"73":137,"74":137,"75":137,"76":24,"77":24,"78":137,"79":137,"80":137,"81":137,"82":137,"83":137,"84":137,"85":137,"86":18,"87":1,"88":1,"89":1,"90":1,"91":17,"92":17,"93":17,"94":17,"95":17,"96":17,"97":137,"98":137,"99":137,"100":137,"101":137,"102":137,"103":137,"104":6,"105":6,"106":5,"107":5,"108":5,"109":5,"110":5,"111":5,"112":6,"113":1,"114":1,"115":1,"116":1,"117":137,"118":137,"119":137,"120":137,"121":137,"122":137,"123":37,"124":41,"125":36,"126":36,"127":41,"128":1,"129":1,"130":1,"131":1,"132":137},"branchMap":{"0":{"type":"branch","line":4,"loc":{"start":{"line":4,"column":0},"end":{"line":8,"column":1}},"locations":[{"start":{"line":4,"column":0},"end":{"line":8,"column":1}}]},"1":{"type":"branch","line":14,"loc":{"start":{"line":14,"column":0},"end":{"line":18,"column":1}},"locations":[{"start":{"line":14,"column":0},"end":{"line":18,"column":1}}]},"2":{"type":"branch","line":20,"loc":{"start":{"line":20,"column":0},"end":{"line":133,"column":1}},"locations":[{"start":{"line":20,"column":0},"end":{"line":133,"column":1}}]},"3":{"type":"branch","line":47,"loc":{"start":{"line":47,"column":8},"end":{"line":60,"column":2}},"locations":[{"start":{"line":47,"column":8},"end":{"line":60,"column":2}}]},"4":{"type":"branch","line":65,"loc":{"start":{"line":65,"column":8},"end":{"line":70,"column":2}},"locations":[{"start":{"line":65,"column":8},"end":{"line":70,"column":2}}]},"5":{"type":"branch","line":66,"loc":{"start":{"line":66,"column":30},"end":{"line":68,"column":3}},"locations":[{"start":{"line":66,"column":30},"end":{"line":68,"column":3}}]},"6":{"type":"branch","line":69,"loc":{"start":{"line":69,"column":-1},"end":{"line":70,"column":2}},"locations":[{"start":{"line":69,"column":-1},"end":{"line":70,"column":2}}]},"7":{"type":"branch","line":76,"loc":{"start":{"line":76,"column":8},"end":{"line":78,"column":2}},"locations":[{"start":{"line":76,"column":8},"end":{"line":78,"column":2}}]},"8":{"type":"branch","line":77,"loc":{"start":{"line":77,"column":35},"end":{"line":77,"column":67}},"locations":[{"start":{"line":77,"column":35},"end":{"line":77,"column":67}}]},"9":{"type":"branch","line":86,"loc":{"start":{"line":86,"column":8},"end":{"line":97,"column":2}},"locations":[{"start":{"line":86,"column":8},"end":{"line":97,"column":2}}]},"10":{"type":"branch","line":87,"loc":{"start":{"line":87,"column":42},"end":{"line":91,"column":3}},"locations":[{"start":{"line":87,"column":42},"end":{"line":91,"column":3}}]},"11":{"type":"branch","line":92,"loc":{"start":{"line":92,"column":-1},"end":{"line":97,"column":2}},"locations":[{"start":{"line":92,"column":-1},"end":{"line":97,"column":2}}]},"12":{"type":"branch","line":104,"loc":{"start":{"line":104,"column":8},"end":{"line":117,"column":2}},"locations":[{"start":{"line":104,"column":8},"end":{"line":117,"column":2}}]},"13":{"type":"branch","line":106,"loc":{"start":{"line":106,"column":30},"end":{"line":112,"column":4}},"locations":[{"start":{"line":106,"column":30},"end":{"line":112,"column":4}}]},"14":{"type":"branch","line":114,"loc":{"start":{"line":114,"column":-1},"end":{"line":117,"column":2}},"locations":[{"start":{"line":114,"column":-1},"end":{"line":117,"column":2}}]},"15":{"type":"branch","line":123,"loc":{"start":{"line":123,"column":8},"end":{"line":132,"column":2}},"locations":[{"start":{"line":123,"column":8},"end":{"line":132,"column":2}}]},"16":{"type":"branch","line":124,"loc":{"start":{"line":124,"column":44},"end":{"line":128,"column":3}},"locations":[{"start":{"line":124,"column":44},"end":{"line":128,"column":3}}]},"17":{"type":"branch","line":125,"loc":{"start":{"line":125,"column":30},"end":{"line":127,"column":4}},"locations":[{"start":{"line":125,"column":30},"end":{"line":127,"column":4}}]},"18":{"type":"branch","line":129,"loc":{"start":{"line":129,"column":-1},"end":{"line":132,"column":2}},"locations":[{"start":{"line":129,"column":-1},"end":{"line":132,"column":2}}]}},"b":{"0":[8],"1":[67],"2":[137],"3":[4],"4":[5],"5":[1],"6":[4],"7":[24],"8":[29],"9":[18],"10":[1],"11":[17],"12":[6],"13":[5],"14":[1],"15":[37],"16":[41],"17":[36],"18":[1]},"fnMap":{"0":{"name":"reversed","decl":{"start":{"line":14,"column":0},"end":{"line":18,"column":1}},"loc":{"start":{"line":14,"column":0},"end":{"line":18,"column":1}},"line":14},"1":{"name":"SymbolTable","decl":{"start":{"line":20,"column":0},"end":{"line":133,"column":1}},"loc":{"start":{"line":20,"column":0},"end":{"line":133,"column":1}},"line":20},"2":{"name":"pushScope","decl":{"start":{"line":47,"column":8},"end":{"line":60,"column":2}},"loc":{"start":{"line":47,"column":8},"end":{"line":60,"column":2}},"line":47},"3":{"name":"exitScope","decl":{"start":{"line":65,"column":8},"end":{"line":70,"column":2}},"loc":{"start":{"line":65,"column":8},"end":{"line":70,"column":2}},"line":65},"4":{"name":"has","decl":{"start":{"line":76,"column":8},"end":{"line":78,"column":2}},"loc":{"start":{"line":76,"column":8},"end":{"line":78,"column":2}},"line":76},"5":{"name":"declare","decl":{"start":{"line":86,"column":8},"end":{"line":97,"column":2}},"loc":{"start":{"line":86,"column":8},"end":{"line":97,"column":2}},"line":86},"6":{"name":"update","decl":{"start":{"line":104,"column":8},"end":{"line":117,"column":2}},"loc":{"start":{"line":104,"column":8},"end":{"line":117,"column":2}},"line":104},"7":{"name":"get","decl":{"start":{"line":123,"column":8},"end":{"line":132,"column":2}},"loc":{"start":{"line":123,"column":8},"end":{"line":132,"column":2}},"line":123}},"f":{"0":67,"1":137,"2":4,"3":5,"4":24,"5":18,"6":6,"7":37}}
,"/Users/jmeng/Documents/code/jump/src/ast/nodes/ASTNode.ts": {"path":"/Users/jmeng/Documents/code/jump/src/ast/nodes/ASTNode.ts","all":false,"statementMap":{"0":{"start":{"line":1,"column":0},"end":{"line":1,"column":41}},"1":{"start":{"line":2,"column":0},"end":{"line":2,"column":56}},"2":{"start":{"line":3,"column":0},"end":{"line":3,"column":0}},"3":{"start":{"line":4,"column":0},"end":{"line":4,"column":42}},"4":{"start":{"line":5,"column":0},"end":{"line":5,"column":4}},"5":{"start":{"line":6,"column":0},"end":{"line":6,"column":68}},"6":{"start":{"line":7,"column":0},"end":{"line":7,"column":4}},"7":{"start":{"line":8,"column":0},"end":{"line":8,"column":55}},"8":{"start":{"line":9,"column":0},"end":{"line":9,"column":0}},"9":{"start":{"line":10,"column":0},"end":{"line":10,"column":47}},"10":{"start":{"line":11,"column":0},"end":{"line":11,"column":0}},"11":{"start":{"line":12,"column":0},"end":{"line":12,"column":4}},"12":{"start":{"line":13,"column":0},"end":{"line":13,"column":69}},"13":{"start":{"line":14,"column":0},"end":{"line":14,"column":4}},"14":{"start":{"line":15,"column":0},"end":{"line":15,"column":39}},"15":{"start":{"line":16,"column":0},"end":{"line":16,"column":1}}},"s":{"0":1,"1":1,"2":1,"3":1,"4":1,"5":1,"6":1,"7":1,"8":1,"9":1,"10":1,"11":1,"12":1,"13":1,"14":1,"15":1},"branchMap":{},"b":{},"fnMap":{},"f":{}}
,"/Users/jmeng/Documents/code/jump/src/ast/nodes/FunctionNodes.ts": {"path":"/Users/jmeng/Documents/code/jump/src/ast/nodes/FunctionNodes.ts","all":false,"statementMap":{"0":{"start":{"line":1,"column":0},"end":{"line":1,"column":32}},"1":{"start":{"line":2,"column":0},"end":{"line":2,"column":43}},"2":{"start":{"line":3,"column":0},"end":{"line":3,"column":41}},"3":{"start":{"line":4,"column":0},"end":{"line":4,"column":8}},"4":{"start":{"line":5,"column":0},"end":{"line":5,"column":19}},"5":{"start":{"line":6,"column":0},"end":{"line":6,"column":19}},"6":{"start":{"line":7,"column":0},"end":{"line":7,"column":15}},"7":{"start":{"line":8,"column":0},"end":{"line":8,"column":22}},"8":{"start":{"line":9,"column":0},"end":{"line":9,"column":0}},"9":{"start":{"line":10,"column":0},"end":{"line":10,"column":77}},"10":{"start":{"line":11,"column":0},"end":{"line":11,"column":68}},"11":{"start":{"line":12,"column":0},"end":{"line":12,"column":0}},"12":{"start":{"line":13,"column":0},"end":{"line":13,"column":32}},"13":{"start":{"line":14,"column":0},"end":{"line":14,"column":24}},"14":{"start":{"line":15,"column":0},"end":{"line":15,"column":24}},"15":{"start":{"line":16,"column":0},"end":{"line":16,"column":1}},"16":{"start":{"line":17,"column":0},"end":{"line":17,"column":55}},"17":{"start":{"line":18,"column":0},"end":{"line":18,"column":10}},"18":{"start":{"line":19,"column":0},"end":{"line":19,"column":2}},"19":{"start":{"line":20,"column":0},"end":{"line":20,"column":0}},"20":{"start":{"line":21,"column":0},"end":{"line":21,"column":52}},"21":{"start":{"line":22,"column":0},"end":{"line":22,"column":9}},"22":{"start":{"line":23,"column":0},"end":{"line":23,"column":51}},"23":{"start":{"line":24,"column":0},"end":{"line":24,"column":2}},"24":{"start":{"line":25,"column":0},"end":{"line":25,"column":0}},"25":{"start":{"line":26,"column":0},"end":{"line":26,"column":39}},"26":{"start":{"line":27,"column":0},"end":{"line":27,"column":10}},"27":{"start":{"line":28,"column":0},"end":{"line":28,"column":41}},"28":{"start":{"line":29,"column":0},"end":{"line":29,"column":4}},"29":{"start":{"line":30,"column":0},"end":{"line":30,"column":2}},"30":{"start":{"line":31,"column":0},"end":{"line":31,"column":0}},"31":{"start":{"line":32,"column":0},"end":{"line":32,"column":107}},"32":{"start":{"line":33,"column":0},"end":{"line":33,"column":42}},"33":{"start":{"line":34,"column":0},"end":{"line":34,"column":56}},"34":{"start":{"line":35,"column":0},"end":{"line":35,"column":28}},"35":{"start":{"line":36,"column":0},"end":{"line":36,"column":24}},"36":{"start":{"line":37,"column":0},"end":{"line":37,"column":33}},"37":{"start":{"line":38,"column":0},"end":{"line":38,"column":29}},"38":{"start":{"line":39,"column":0},"end":{"line":39,"column":32}},"39":{"start":{"line":40,"column":0},"end":{"line":40,"column":29}},"40":{"start":{"line":41,"column":0},"end":{"line":41,"column":49}},"41":{"start":{"line":42,"column":0},"end":{"line":42,"column":7}},"42":{"start":{"line":43,"column":0},"end":{"line":43,"column":5}},"43":{"start":{"line":44,"column":0},"end":{"line":44,"column":6}},"44":{"start":{"line":45,"column":0},"end":{"line":45,"column":28}},"45":{"start":{"line":46,"column":0},"end":{"line":46,"column":33}},"46":{"start":{"line":47,"column":0},"end":{"line":47,"column":29}},"47":{"start":{"line":48,"column":0},"end":{"line":48,"column":32}},"48":{"start":{"line":49,"column":0},"end":{"line":49,"column":29}},"49":{"start":{"line":50,"column":0},"end":{"line":50,"column":49}},"50":{"start":{"line":51,"column":0},"end":{"line":51,"column":7}},"51":{"start":{"line":52,"column":0},"end":{"line":52,"column":5}},"52":{"start":{"line":53,"column":0},"end":{"line":53,"column":6}},"53":{"start":{"line":54,"column":0},"end":{"line":54,"column":28}},"54":{"start":{"line":55,"column":0},"end":{"line":55,"column":10}},"55":{"start":{"line":56,"column":0},"end":{"line":56,"column":31}},"56":{"start":{"line":57,"column":0},"end":{"line":57,"column":59}},"57":{"start":{"line":58,"column":0},"end":{"line":58,"column":5}},"58":{"start":{"line":59,"column":0},"end":{"line":59,"column":3}},"59":{"start":{"line":60,"column":0},"end":{"line":60,"column":2}},"60":{"start":{"line":61,"column":0},"end":{"line":61,"column":1}}},"s":{"0":1,"1":1,"2":1,"3":1,"4":1,"5":1,"6":1,"7":1,"8":1,"9":1,"10":1,"11":1,"12":1,"13":1,"14":1,"15":1,"16":1,"17":35,"18":35,"19":1,"20":1,"21":0,"22":0,"23":0,"24":1,"25":1,"26":0,"27":0,"28":0,"29":0,"30":1,"31":1,"32":1,"33":1,"34":35,"35":7,"36":35,"37":13,"38":26,"39":2,"40":2,"41":2,"42":2,"43":13,"44":13,"45":28,"46":15,"47":29,"48":2,"49":2,"50":2,"51":2,"52":15,"53":15,"54":15,"55":0,"56":0,"57":0,"58":0,"59":35,"60":1},"branchMap":{"0":{"type":"branch","line":17,"loc":{"start":{"line":17,"column":1},"end":{"line":19,"column":2}},"locations":[{"start":{"line":17,"column":1},"end":{"line":19,"column":2}}]},"1":{"type":"branch","line":34,"loc":{"start":{"line":34,"column":8},"end":{"line":60,"column":2}},"locations":[{"start":{"line":34,"column":8},"end":{"line":60,"column":2}}]},"2":{"type":"branch","line":35,"loc":{"start":{"line":35,"column":27},"end":{"line":37,"column":9}},"locations":[{"start":{"line":35,"column":27},"end":{"line":37,"column":9}}]},"3":{"type":"branch","line":37,"loc":{"start":{"line":37,"column":3},"end":{"line":59,"column":3}},"locations":[{"start":{"line":37,"column":3},"end":{"line":59,"column":3}}]},"4":{"type":"branch","line":37,"loc":{"start":{"line":37,"column":32},"end":{"line":46,"column":9}},"locations":[{"start":{"line":37,"column":32},"end":{"line":46,"column":9}}]},"5":{"type":"branch","line":46,"loc":{"start":{"line":46,"column":3},"end":{"line":59,"column":3}},"locations":[{"start":{"line":46,"column":3},"end":{"line":59,"column":3}}]},"6":{"type":"branch","line":55,"loc":{"start":{"line":55,"column":3},"end":{"line":59,"column":3}},"locations":[{"start":{"line":55,"column":3},"end":{"line":59,"column":3}}]},"7":{"type":"branch","line":38,"loc":{"start":{"line":38,"column":16},"end":{"line":44,"column":4}},"locations":[{"start":{"line":38,"column":16},"end":{"line":44,"column":4}}]},"8":{"type":"branch","line":39,"loc":{"start":{"line":39,"column":31},"end":{"line":43,"column":5}},"locations":[{"start":{"line":39,"column":31},"end":{"line":43,"column":5}}]},"9":{"type":"branch","line":47,"loc":{"start":{"line":47,"column":16},"end":{"line":53,"column":4}},"locations":[{"start":{"line":47,"column":16},"end":{"line":53,"column":4}}]},"10":{"type":"branch","line":48,"loc":{"start":{"line":48,"column":31},"end":{"line":52,"column":5}},"locations":[{"start":{"line":48,"column":31},"end":{"line":52,"column":5}}]}},"b":{"0":[35],"1":[35],"2":[7],"3":[28],"4":[13],"5":[15],"6":[0],"7":[26],"8":[2],"9":[29],"10":[2]},"fnMap":{"0":{"name":"BuiltInFunctionNode","decl":{"start":{"line":17,"column":1},"end":{"line":19,"column":2}},"loc":{"start":{"line":17,"column":1},"end":{"line":19,"column":2}},"line":17},"1":{"name":"evaluate","decl":{"start":{"line":21,"column":8},"end":{"line":24,"column":2}},"loc":{"start":{"line":21,"column":8},"end":{"line":24,"column":2}},"line":21},"2":{"name":"toJSON","decl":{"start":{"line":26,"column":8},"end":{"line":30,"column":2}},"loc":{"start":{"line":26,"column":8},"end":{"line":30,"column":2}},"line":26},"3":{"name":"call","decl":{"start":{"line":34,"column":8},"end":{"line":60,"column":2}},"loc":{"start":{"line":34,"column":8},"end":{"line":60,"column":2}},"line":34}},"f":{"0":35,"1":0,"2":0,"3":35}}
,"/Users/jmeng/Documents/code/jump/src/ast/nodes/IdentifierNodes.ts": {"path":"/Users/jmeng/Documents/code/jump/src/ast/nodes/IdentifierNodes.ts","all":false,"statementMap":{"0":{"start":{"line":1,"column":0},"end":{"line":1,"column":32}},"1":{"start":{"line":2,"column":0},"end":{"line":2,"column":41}},"2":{"start":{"line":3,"column":0},"end":{"line":3,"column":53}},"3":{"start":{"line":4,"column":0},"end":{"line":4,"column":64}},"4":{"start":{"line":5,"column":0},"end":{"line":5,"column":43}},"5":{"start":{"line":6,"column":0},"end":{"line":6,"column":8}},"6":{"start":{"line":7,"column":0},"end":{"line":7,"column":20}},"7":{"start":{"line":8,"column":0},"end":{"line":8,"column":21}},"8":{"start":{"line":9,"column":0},"end":{"line":9,"column":21}},"9":{"start":{"line":10,"column":0},"end":{"line":10,"column":25}},"10":{"start":{"line":11,"column":0},"end":{"line":11,"column":0}},"11":{"start":{"line":12,"column":0},"end":{"line":12,"column":25}},"12":{"start":{"line":13,"column":0},"end":{"line":13,"column":45}},"13":{"start":{"line":14,"column":0},"end":{"line":14,"column":0}},"14":{"start":{"line":15,"column":0},"end":{"line":15,"column":4}},"15":{"start":{"line":16,"column":0},"end":{"line":16,"column":68}},"16":{"start":{"line":17,"column":0},"end":{"line":17,"column":43}},"17":{"start":{"line":18,"column":0},"end":{"line":18,"column":40}},"18":{"start":{"line":19,"column":0},"end":{"line":19,"column":4}},"19":{"start":{"line":20,"column":0},"end":{"line":20,"column":40}},"20":{"start":{"line":21,"column":0},"end":{"line":21,"column":44}},"21":{"start":{"line":22,"column":0},"end":{"line":22,"column":31}},"22":{"start":{"line":23,"column":0},"end":{"line":23,"column":80}},"23":{"start":{"line":24,"column":0},"end":{"line":24,"column":21}},"24":{"start":{"line":25,"column":0},"end":{"line":25,"column":5}},"25":{"start":{"line":26,"column":0},"end":{"line":26,"column":3}},"26":{"start":{"line":27,"column":0},"end":{"line":27,"column":38}},"27":{"start":{"line":28,"column":0},"end":{"line":28,"column":2}},"28":{"start":{"line":29,"column":0},"end":{"line":29,"column":1}},"29":{"start":{"line":30,"column":0},"end":{"line":30,"column":0}},"30":{"start":{"line":31,"column":0},"end":{"line":31,"column":48}},"31":{"start":{"line":32,"column":0},"end":{"line":32,"column":13}},"32":{"start":{"line":33,"column":0},"end":{"line":33,"column":63}},"33":{"start":{"line":34,"column":0},"end":{"line":34,"column":49}},"34":{"start":{"line":35,"column":0},"end":{"line":35,"column":4}},"35":{"start":{"line":36,"column":0},"end":{"line":36,"column":14}},"36":{"start":{"line":37,"column":0},"end":{"line":37,"column":2}},"37":{"start":{"line":38,"column":0},"end":{"line":38,"column":1}},"38":{"start":{"line":39,"column":0},"end":{"line":39,"column":0}},"39":{"start":{"line":40,"column":0},"end":{"line":40,"column":59}},"40":{"start":{"line":41,"column":0},"end":{"line":41,"column":13}},"41":{"start":{"line":42,"column":0},"end":{"line":42,"column":33}},"42":{"start":{"line":43,"column":0},"end":{"line":43,"column":39}},"43":{"start":{"line":44,"column":0},"end":{"line":44,"column":37}},"44":{"start":{"line":45,"column":0},"end":{"line":45,"column":4}},"45":{"start":{"line":46,"column":0},"end":{"line":46,"column":10}},"46":{"start":{"line":47,"column":0},"end":{"line":47,"column":2}},"47":{"start":{"line":48,"column":0},"end":{"line":48,"column":0}},"48":{"start":{"line":49,"column":0},"end":{"line":49,"column":49}},"49":{"start":{"line":50,"column":0},"end":{"line":50,"column":29}},"50":{"start":{"line":51,"column":0},"end":{"line":51,"column":16}},"51":{"start":{"line":52,"column":0},"end":{"line":52,"column":18}},"52":{"start":{"line":53,"column":0},"end":{"line":53,"column":35}},"53":{"start":{"line":54,"column":0},"end":{"line":54,"column":4}},"54":{"start":{"line":55,"column":0},"end":{"line":55,"column":2}},"55":{"start":{"line":56,"column":0},"end":{"line":56,"column":0}},"56":{"start":{"line":57,"column":0},"end":{"line":57,"column":18}},"57":{"start":{"line":58,"column":0},"end":{"line":58,"column":10}},"58":{"start":{"line":59,"column":0},"end":{"line":59,"column":57}},"59":{"start":{"line":60,"column":0},"end":{"line":60,"column":30}},"60":{"start":{"line":61,"column":0},"end":{"line":61,"column":4}},"61":{"start":{"line":62,"column":0},"end":{"line":62,"column":2}},"62":{"start":{"line":63,"column":0},"end":{"line":63,"column":1}},"63":{"start":{"line":64,"column":0},"end":{"line":64,"column":0}},"64":{"start":{"line":65,"column":0},"end":{"line":65,"column":58}},"65":{"start":{"line":66,"column":0},"end":{"line":66,"column":13}},"66":{"start":{"line":67,"column":0},"end":{"line":67,"column":33}},"67":{"start":{"line":68,"column":0},"end":{"line":68,"column":37}},"68":{"start":{"line":69,"column":0},"end":{"line":69,"column":4}},"69":{"start":{"line":70,"column":0},"end":{"line":70,"column":10}},"70":{"start":{"line":71,"column":0},"end":{"line":71,"column":2}},"71":{"start":{"line":72,"column":0},"end":{"line":72,"column":0}},"72":{"start":{"line":73,"column":0},"end":{"line":73,"column":49}},"73":{"start":{"line":74,"column":0},"end":{"line":74,"column":28}},"74":{"start":{"line":75,"column":0},"end":{"line":75,"column":16}},"75":{"start":{"line":76,"column":0},"end":{"line":76,"column":35}},"76":{"start":{"line":77,"column":0},"end":{"line":77,"column":4}},"77":{"start":{"line":78,"column":0},"end":{"line":78,"column":2}},"78":{"start":{"line":79,"column":0},"end":{"line":79,"column":0}},"79":{"start":{"line":80,"column":0},"end":{"line":80,"column":18}},"80":{"start":{"line":81,"column":0},"end":{"line":81,"column":10}},"81":{"start":{"line":82,"column":0},"end":{"line":82,"column":34}},"82":{"start":{"line":83,"column":0},"end":{"line":83,"column":30}},"83":{"start":{"line":84,"column":0},"end":{"line":84,"column":4}},"84":{"start":{"line":85,"column":0},"end":{"line":85,"column":2}},"85":{"start":{"line":86,"column":0},"end":{"line":86,"column":1}},"86":{"start":{"line":87,"column":0},"end":{"line":87,"column":0}},"87":{"start":{"line":88,"column":0},"end":{"line":88,"column":74}},"88":{"start":{"line":89,"column":0},"end":{"line":89,"column":32}},"89":{"start":{"line":90,"column":0},"end":{"line":90,"column":0}},"90":{"start":{"line":91,"column":0},"end":{"line":91,"column":30}},"91":{"start":{"line":92,"column":0},"end":{"line":92,"column":10}},"92":{"start":{"line":93,"column":0},"end":{"line":93,"column":15}},"93":{"start":{"line":94,"column":0},"end":{"line":94,"column":2}},"94":{"start":{"line":95,"column":0},"end":{"line":95,"column":0}},"95":{"start":{"line":96,"column":0},"end":{"line":96,"column":49}},"96":{"start":{"line":97,"column":0},"end":{"line":97,"column":38}},"97":{"start":{"line":98,"column":0},"end":{"line":98,"column":46}},"98":{"start":{"line":99,"column":0},"end":{"line":99,"column":64}},"99":{"start":{"line":100,"column":0},"end":{"line":100,"column":71}},"100":{"start":{"line":101,"column":0},"end":{"line":101,"column":10}},"101":{"start":{"line":102,"column":0},"end":{"line":102,"column":66}},"102":{"start":{"line":103,"column":0},"end":{"line":103,"column":3}},"103":{"start":{"line":104,"column":0},"end":{"line":104,"column":2}},"104":{"start":{"line":105,"column":0},"end":{"line":105,"column":0}},"105":{"start":{"line":106,"column":0},"end":{"line":106,"column":18}},"106":{"start":{"line":107,"column":0},"end":{"line":107,"column":10}},"107":{"start":{"line":108,"column":0},"end":{"line":108,"column":39}},"108":{"start":{"line":109,"column":0},"end":{"line":109,"column":4}},"109":{"start":{"line":110,"column":0},"end":{"line":110,"column":2}},"110":{"start":{"line":111,"column":0},"end":{"line":111,"column":0}},"111":{"start":{"line":112,"column":0},"end":{"line":112,"column":62}},"112":{"start":{"line":113,"column":0},"end":{"line":113,"column":57}},"113":{"start":{"line":114,"column":0},"end":{"line":114,"column":34}},"114":{"start":{"line":115,"column":0},"end":{"line":115,"column":39}},"115":{"start":{"line":116,"column":0},"end":{"line":116,"column":29}},"116":{"start":{"line":117,"column":0},"end":{"line":117,"column":3}},"117":{"start":{"line":118,"column":0},"end":{"line":118,"column":72}},"118":{"start":{"line":119,"column":0},"end":{"line":119,"column":2}},"119":{"start":{"line":120,"column":0},"end":{"line":120,"column":1}}},"s":{"0":1,"1":1,"2":1,"3":1,"4":1,"5":1,"6":1,"7":1,"8":1,"9":1,"10":1,"11":1,"12":1,"13":1,"14":1,"15":1,"16":1,"17":1,"18":1,"19":1,"20":65,"21":1,"22":1,"23":1,"24":1,"25":1,"26":64,"27":64,"28":1,"29":1,"30":1,"31":1,"32":9,"33":9,"34":9,"35":9,"36":9,"37":1,"38":1,"39":1,"40":1,"41":9,"42":9,"43":9,"44":9,"45":9,"46":9,"47":1,"48":1,"49":9,"50":9,"51":9,"52":9,"53":9,"54":9,"55":1,"56":1,"57":1,"58":1,"59":1,"60":1,"61":1,"62":1,"63":1,"64":1,"65":1,"66":4,"67":4,"68":4,"69":4,"70":4,"71":1,"72":1,"73":4,"74":4,"75":4,"76":4,"77":4,"78":1,"79":1,"80":1,"81":1,"82":1,"83":1,"84":1,"85":1,"86":1,"87":1,"88":1,"89":1,"90":1,"91":52,"92":52,"93":52,"94":1,"95":1,"96":16,"97":14,"98":16,"99":0,"100":2,"101":2,"102":2,"103":16,"104":1,"105":1,"106":1,"107":1,"108":1,"109":1,"110":1,"111":1,"112":35,"113":35,"114":35,"115":35,"116":35,"117":0,"118":0,"119":1},"branchMap":{"0":{"type":"branch","line":13,"loc":{"start":{"line":13,"column":1},"end":{"line":13,"column":45}},"locations":[{"start":{"line":13,"column":1},"end":{"line":13,"column":45}}]},"1":{"type":"branch","line":20,"loc":{"start":{"line":20,"column":15},"end":{"line":28,"column":2}},"locations":[{"start":{"line":20,"column":15},"end":{"line":28,"column":2}}]},"2":{"type":"branch","line":21,"loc":{"start":{"line":21,"column":43},"end":{"line":26,"column":3}},"locations":[{"start":{"line":21,"column":43},"end":{"line":26,"column":3}}]},"3":{"type":"branch","line":27,"loc":{"start":{"line":27,"column":-1},"end":{"line":28,"column":2}},"locations":[{"start":{"line":27,"column":-1},"end":{"line":28,"column":2}}]},"4":{"type":"branch","line":32,"loc":{"start":{"line":32,"column":1},"end":{"line":37,"column":2}},"locations":[{"start":{"line":32,"column":1},"end":{"line":37,"column":2}}]},"5":{"type":"branch","line":41,"loc":{"start":{"line":41,"column":1},"end":{"line":47,"column":2}},"locations":[{"start":{"line":41,"column":1},"end":{"line":47,"column":2}}]},"6":{"type":"branch","line":49,"loc":{"start":{"line":49,"column":8},"end":{"line":55,"column":2}},"locations":[{"start":{"line":49,"column":8},"end":{"line":55,"column":2}}]},"7":{"type":"branch","line":57,"loc":{"start":{"line":57,"column":8},"end":{"line":62,"column":2}},"locations":[{"start":{"line":57,"column":8},"end":{"line":62,"column":2}}]},"8":{"type":"branch","line":66,"loc":{"start":{"line":66,"column":1},"end":{"line":71,"column":2}},"locations":[{"start":{"line":66,"column":1},"end":{"line":71,"column":2}}]},"9":{"type":"branch","line":73,"loc":{"start":{"line":73,"column":8},"end":{"line":78,"column":2}},"locations":[{"start":{"line":73,"column":8},"end":{"line":78,"column":2}}]},"10":{"type":"branch","line":80,"loc":{"start":{"line":80,"column":8},"end":{"line":85,"column":2}},"locations":[{"start":{"line":80,"column":8},"end":{"line":85,"column":2}}]},"11":{"type":"branch","line":91,"loc":{"start":{"line":91,"column":1},"end":{"line":94,"column":2}},"locations":[{"start":{"line":91,"column":1},"end":{"line":94,"column":2}}]},"12":{"type":"branch","line":96,"loc":{"start":{"line":96,"column":8},"end":{"line":104,"column":2}},"locations":[{"start":{"line":96,"column":8},"end":{"line":104,"column":2}}]},"13":{"type":"branch","line":97,"loc":{"start":{"line":97,"column":37},"end":{"line":99,"column":9}},"locations":[{"start":{"line":97,"column":37},"end":{"line":99,"column":9}}]},"14":{"type":"branch","line":99,"loc":{"start":{"line":99,"column":3},"end":{"line":103,"column":3}},"locations":[{"start":{"line":99,"column":3},"end":{"line":103,"column":3}}]},"15":{"type":"branch","line":99,"loc":{"start":{"line":99,"column":63},"end":{"line":101,"column":9}},"locations":[{"start":{"line":99,"column":63},"end":{"line":101,"column":9}}]},"16":{"type":"branch","line":106,"loc":{"start":{"line":106,"column":8},"end":{"line":110,"column":2}},"locations":[{"start":{"line":106,"column":8},"end":{"line":110,"column":2}}]},"17":{"type":"branch","line":112,"loc":{"start":{"line":112,"column":8},"end":{"line":119,"column":2}},"locations":[{"start":{"line":112,"column":8},"end":{"line":119,"column":2}}]},"18":{"type":"branch","line":118,"loc":{"start":{"line":118,"column":-1},"end":{"line":119,"column":2}},"locations":[{"start":{"line":118,"column":-1},"end":{"line":119,"column":2}}]}},"b":{"0":[77],"1":[65],"2":[1],"3":[64],"4":[9],"5":[9],"6":[9],"7":[1],"8":[4],"9":[4],"10":[1],"11":[52],"12":[16],"13":[14],"14":[2],"15":[0],"16":[1],"17":[35],"18":[0]},"fnMap":{"0":{"name":"Identifier","decl":{"start":{"line":13,"column":1},"end":{"line":13,"column":45}},"loc":{"start":{"line":13,"column":1},"end":{"line":13,"column":45}},"line":13},"1":{"name":"fromToken","decl":{"start":{"line":20,"column":15},"end":{"line":28,"column":2}},"loc":{"start":{"line":20,"column":15},"end":{"line":28,"column":2}},"line":20},"2":{"name":"TypeIdentifier","decl":{"start":{"line":32,"column":1},"end":{"line":37,"column":2}},"loc":{"start":{"line":32,"column":1},"end":{"line":37,"column":2}},"line":32},"3":{"name":"VariableDeclarationNode","decl":{"start":{"line":41,"column":1},"end":{"line":47,"column":2}},"loc":{"start":{"line":41,"column":1},"end":{"line":47,"column":2}},"line":41},"4":{"name":"evaluate","decl":{"start":{"line":49,"column":8},"end":{"line":55,"column":2}},"loc":{"start":{"line":49,"column":8},"end":{"line":55,"column":2}},"line":49},"5":{"name":"toJSON","decl":{"start":{"line":57,"column":8},"end":{"line":62,"column":2}},"loc":{"start":{"line":57,"column":8},"end":{"line":62,"column":2}},"line":57},"6":{"name":"VariableAssignmentNode","decl":{"start":{"line":66,"column":1},"end":{"line":71,"column":2}},"loc":{"start":{"line":66,"column":1},"end":{"line":71,"column":2}},"line":66},"7":{"name":"evaluate","decl":{"start":{"line":73,"column":8},"end":{"line":78,"column":2}},"loc":{"start":{"line":73,"column":8},"end":{"line":78,"column":2}},"line":73},"8":{"name":"toJSON","decl":{"start":{"line":80,"column":8},"end":{"line":85,"column":2}},"loc":{"start":{"line":80,"column":8},"end":{"line":85,"column":2}},"line":80},"9":{"name":"IdentifierNode","decl":{"start":{"line":91,"column":1},"end":{"line":94,"column":2}},"loc":{"start":{"line":91,"column":1},"end":{"line":94,"column":2}},"line":91},"10":{"name":"evaluate","decl":{"start":{"line":96,"column":8},"end":{"line":104,"column":2}},"loc":{"start":{"line":96,"column":8},"end":{"line":104,"column":2}},"line":96},"11":{"name":"toJSON","decl":{"start":{"line":106,"column":8},"end":{"line":110,"column":2}},"loc":{"start":{"line":106,"column":8},"end":{"line":110,"column":2}},"line":106},"12":{"name":"call","decl":{"start":{"line":112,"column":8},"end":{"line":119,"column":2}},"loc":{"start":{"line":112,"column":8},"end":{"line":119,"column":2}},"line":112}},"f":{"0":77,"1":65,"2":9,"3":9,"4":9,"5":1,"6":4,"7":4,"8":1,"9":52,"10":16,"11":1,"12":35}}
,"/Users/jmeng/Documents/code/jump/src/ast/nodes/LiteralNodes.ts": {"path":"/Users/jmeng/Documents/code/jump/src/ast/nodes/LiteralNodes.ts","all":false,"statementMap":{"0":{"start":{"line":1,"column":0},"end":{"line":1,"column":32}},"1":{"start":{"line":2,"column":0},"end":{"line":2,"column":49}},"2":{"start":{"line":3,"column":0},"end":{"line":3,"column":0}},"3":{"start":{"line":4,"column":0},"end":{"line":4,"column":50}},"4":{"start":{"line":5,"column":0},"end":{"line":5,"column":26}},"5":{"start":{"line":6,"column":0},"end":{"line":6,"column":0}},"6":{"start":{"line":7,"column":0},"end":{"line":7,"column":25}},"7":{"start":{"line":8,"column":0},"end":{"line":8,"column":10}},"8":{"start":{"line":9,"column":0},"end":{"line":9,"column":22}},"9":{"start":{"line":10,"column":0},"end":{"line":10,"column":2}},"10":{"start":{"line":11,"column":0},"end":{"line":11,"column":1}},"11":{"start":{"line":12,"column":0},"end":{"line":12,"column":0}},"12":{"start":{"line":13,"column":0},"end":{"line":13,"column":53}},"13":{"start":{"line":14,"column":0},"end":{"line":14,"column":30}},"14":{"start":{"line":15,"column":0},"end":{"line":15,"column":35}},"15":{"start":{"line":16,"column":0},"end":{"line":16,"column":15}},"16":{"start":{"line":17,"column":0},"end":{"line":17,"column":2}},"17":{"start":{"line":18,"column":0},"end":{"line":18,"column":0}},"18":{"start":{"line":19,"column":0},"end":{"line":19,"column":20}},"19":{"start":{"line":20,"column":0},"end":{"line":20,"column":20}},"20":{"start":{"line":21,"column":0},"end":{"line":21,"column":2}},"21":{"start":{"line":22,"column":0},"end":{"line":22,"column":0}},"22":{"start":{"line":23,"column":0},"end":{"line":23,"column":18}},"23":{"start":{"line":24,"column":0},"end":{"line":24,"column":10}},"24":{"start":{"line":25,"column":0},"end":{"line":25,"column":41}},"25":{"start":{"line":26,"column":0},"end":{"line":26,"column":4}},"26":{"start":{"line":27,"column":0},"end":{"line":27,"column":2}},"27":{"start":{"line":28,"column":0},"end":{"line":28,"column":1}},"28":{"start":{"line":29,"column":0},"end":{"line":29,"column":0}},"29":{"start":{"line":30,"column":0},"end":{"line":30,"column":50}},"30":{"start":{"line":31,"column":0},"end":{"line":31,"column":30}},"31":{"start":{"line":32,"column":0},"end":{"line":32,"column":35}},"32":{"start":{"line":33,"column":0},"end":{"line":33,"column":24}},"33":{"start":{"line":34,"column":0},"end":{"line":34,"column":31}},"34":{"start":{"line":35,"column":0},"end":{"line":35,"column":45}},"35":{"start":{"line":36,"column":0},"end":{"line":36,"column":5}},"36":{"start":{"line":37,"column":0},"end":{"line":37,"column":3}},"37":{"start":{"line":38,"column":0},"end":{"line":38,"column":15}},"38":{"start":{"line":39,"column":0},"end":{"line":39,"column":2}},"39":{"start":{"line":40,"column":0},"end":{"line":40,"column":0}},"40":{"start":{"line":41,"column":0},"end":{"line":41,"column":20}},"41":{"start":{"line":42,"column":0},"end":{"line":42,"column":20}},"42":{"start":{"line":43,"column":0},"end":{"line":43,"column":2}},"43":{"start":{"line":44,"column":0},"end":{"line":44,"column":0}},"44":{"start":{"line":45,"column":0},"end":{"line":45,"column":18}},"45":{"start":{"line":46,"column":0},"end":{"line":46,"column":10}},"46":{"start":{"line":47,"column":0},"end":{"line":47,"column":38}},"47":{"start":{"line":48,"column":0},"end":{"line":48,"column":4}},"48":{"start":{"line":49,"column":0},"end":{"line":49,"column":2}},"49":{"start":{"line":50,"column":0},"end":{"line":50,"column":1}},"50":{"start":{"line":51,"column":0},"end":{"line":51,"column":0}},"51":{"start":{"line":52,"column":0},"end":{"line":52,"column":55}},"52":{"start":{"line":53,"column":0},"end":{"line":53,"column":30}},"53":{"start":{"line":54,"column":0},"end":{"line":54,"column":26}},"54":{"start":{"line":55,"column":0},"end":{"line":55,"column":15}},"55":{"start":{"line":56,"column":0},"end":{"line":56,"column":34}},"56":{"start":{"line":57,"column":0},"end":{"line":57,"column":16}},"57":{"start":{"line":58,"column":0},"end":{"line":58,"column":10}},"58":{"start":{"line":59,"column":0},"end":{"line":59,"column":31}},"59":{"start":{"line":60,"column":0},"end":{"line":60,"column":74}},"60":{"start":{"line":61,"column":0},"end":{"line":61,"column":5}},"61":{"start":{"line":62,"column":0},"end":{"line":62,"column":3}},"62":{"start":{"line":63,"column":0},"end":{"line":63,"column":2}},"63":{"start":{"line":64,"column":0},"end":{"line":64,"column":0}},"64":{"start":{"line":65,"column":0},"end":{"line":65,"column":20}},"65":{"start":{"line":66,"column":0},"end":{"line":66,"column":20}},"66":{"start":{"line":67,"column":0},"end":{"line":67,"column":2}},"67":{"start":{"line":68,"column":0},"end":{"line":68,"column":0}},"68":{"start":{"line":69,"column":0},"end":{"line":69,"column":18}},"69":{"start":{"line":70,"column":0},"end":{"line":70,"column":10}},"70":{"start":{"line":71,"column":0},"end":{"line":71,"column":38}},"71":{"start":{"line":72,"column":0},"end":{"line":72,"column":4}},"72":{"start":{"line":73,"column":0},"end":{"line":73,"column":2}},"73":{"start":{"line":74,"column":0},"end":{"line":74,"column":1}},"74":{"start":{"line":75,"column":0},"end":{"line":75,"column":0}},"75":{"start":{"line":76,"column":0},"end":{"line":76,"column":53}},"76":{"start":{"line":77,"column":0},"end":{"line":77,"column":20}},"77":{"start":{"line":78,"column":0},"end":{"line":78,"column":20}},"78":{"start":{"line":79,"column":0},"end":{"line":79,"column":2}},"79":{"start":{"line":80,"column":0},"end":{"line":80,"column":0}},"80":{"start":{"line":81,"column":0},"end":{"line":81,"column":18}},"81":{"start":{"line":82,"column":0},"end":{"line":82,"column":10}},"82":{"start":{"line":83,"column":0},"end":{"line":83,"column":43}},"83":{"start":{"line":84,"column":0},"end":{"line":84,"column":4}},"84":{"start":{"line":85,"column":0},"end":{"line":85,"column":2}},"85":{"start":{"line":86,"column":0},"end":{"line":86,"column":1}}},"s":{"0":1,"1":1,"2":1,"3":1,"4":1,"5":1,"6":1,"7":293,"8":293,"9":293,"10":1,"11":1,"12":1,"13":1,"14":10,"15":10,"16":10,"17":1,"18":1,"19":10,"20":10,"21":1,"22":1,"23":0,"24":0,"25":0,"26":0,"27":1,"28":1,"29":1,"30":1,"31":239,"32":239,"33":0,"34":0,"35":0,"36":0,"37":239,"38":239,"39":1,"40":1,"41":231,"42":231,"43":1,"44":1,"45":2,"46":2,"47":2,"48":2,"49":1,"50":1,"51":1,"52":1,"53":29,"54":13,"55":28,"56":16,"57":16,"58":0,"59":0,"60":0,"61":0,"62":29,"63":1,"64":1,"65":29,"66":29,"67":1,"68":1,"69":0,"70":0,"71":0,"72":0,"73":1,"74":1,"75":1,"76":1,"77":15,"78":15,"79":1,"80":1,"81":0,"82":0,"83":0,"84":0,"85":1},"branchMap":{"0":{"type":"branch","line":7,"loc":{"start":{"line":7,"column":1},"end":{"line":10,"column":2}},"locations":[{"start":{"line":7,"column":1},"end":{"line":10,"column":2}}]},"1":{"type":"branch","line":14,"loc":{"start":{"line":14,"column":1},"end":{"line":17,"column":2}},"locations":[{"start":{"line":14,"column":1},"end":{"line":17,"column":2}}]},"2":{"type":"branch","line":19,"loc":{"start":{"line":19,"column":8},"end":{"line":21,"column":2}},"locations":[{"start":{"line":19,"column":8},"end":{"line":21,"column":2}}]},"3":{"type":"branch","line":31,"loc":{"start":{"line":31,"column":1},"end":{"line":39,"column":2}},"locations":[{"start":{"line":31,"column":1},"end":{"line":39,"column":2}}]},"4":{"type":"branch","line":33,"loc":{"start":{"line":33,"column":23},"end":{"line":37,"column":3}},"locations":[{"start":{"line":33,"column":23},"end":{"line":37,"column":3}}]},"5":{"type":"branch","line":41,"loc":{"start":{"line":41,"column":8},"end":{"line":43,"column":2}},"locations":[{"start":{"line":41,"column":8},"end":{"line":43,"column":2}}]},"6":{"type":"branch","line":45,"loc":{"start":{"line":45,"column":8},"end":{"line":49,"column":2}},"locations":[{"start":{"line":45,"column":8},"end":{"line":49,"column":2}}]},"7":{"type":"branch","line":53,"loc":{"start":{"line":53,"column":1},"end":{"line":63,"column":2}},"locations":[{"start":{"line":53,"column":1},"end":{"line":63,"column":2}}]},"8":{"type":"branch","line":54,"loc":{"start":{"line":54,"column":25},"end":{"line":62,"column":3}},"locations":[{"start":{"line":54,"column":25},"end":{"line":62,"column":3}}]},"9":{"type":"branch","line":54,"loc":{"start":{"line":54,"column":25},"end":{"line":56,"column":9}},"locations":[{"start":{"line":54,"column":25},"end":{"line":56,"column":9}}]},"10":{"type":"branch","line":56,"loc":{"start":{"line":56,"column":3},"end":{"line":62,"column":3}},"locations":[{"start":{"line":56,"column":3},"end":{"line":62,"column":3}}]},"11":{"type":"branch","line":58,"loc":{"start":{"line":58,"column":3},"end":{"line":62,"column":3}},"locations":[{"start":{"line":58,"column":3},"end":{"line":62,"column":3}}]},"12":{"type":"branch","line":65,"loc":{"start":{"line":65,"column":8},"end":{"line":67,"column":2}},"locations":[{"start":{"line":65,"column":8},"end":{"line":67,"column":2}}]},"13":{"type":"branch","line":77,"loc":{"start":{"line":77,"column":8},"end":{"line":79,"column":2}},"locations":[{"start":{"line":77,"column":8},"end":{"line":79,"column":2}}]}},"b":{"0":[293],"1":[10],"2":[10],"3":[239],"4":[0],"5":[231],"6":[2],"7":[29],"8":[28],"9":[13],"10":[16],"11":[0],"12":[29],"13":[15]},"fnMap":{"0":{"name":"LiteralNode","decl":{"start":{"line":7,"column":1},"end":{"line":10,"column":2}},"loc":{"start":{"line":7,"column":1},"end":{"line":10,"column":2}},"line":7},"1":{"name":"DoubleNode","decl":{"start":{"line":14,"column":1},"end":{"line":17,"column":2}},"loc":{"start":{"line":14,"column":1},"end":{"line":17,"column":2}},"line":14},"2":{"name":"evaluate","decl":{"start":{"line":19,"column":8},"end":{"line":21,"column":2}},"loc":{"start":{"line":19,"column":8},"end":{"line":21,"column":2}},"line":19},"3":{"name":"toJSON","decl":{"start":{"line":23,"column":8},"end":{"line":27,"column":2}},"loc":{"start":{"line":23,"column":8},"end":{"line":27,"column":2}},"line":23},"4":{"name":"IntNode","decl":{"start":{"line":31,"column":1},"end":{"line":39,"column":2}},"loc":{"start":{"line":31,"column":1},"end":{"line":39,"column":2}},"line":31},"5":{"name":"evaluate","decl":{"start":{"line":41,"column":8},"end":{"line":43,"column":2}},"loc":{"start":{"line":41,"column":8},"end":{"line":43,"column":2}},"line":41},"6":{"name":"toJSON","decl":{"start":{"line":45,"column":8},"end":{"line":49,"column":2}},"loc":{"start":{"line":45,"column":8},"end":{"line":49,"column":2}},"line":45},"7":{"name":"BooleanNode","decl":{"start":{"line":53,"column":1},"end":{"line":63,"column":2}},"loc":{"start":{"line":53,"column":1},"end":{"line":63,"column":2}},"line":53},"8":{"name":"evaluate","decl":{"start":{"line":65,"column":8},"end":{"line":67,"column":2}},"loc":{"start":{"line":65,"column":8},"end":{"line":67,"column":2}},"line":65},"9":{"name":"toJSON","decl":{"start":{"line":69,"column":8},"end":{"line":73,"column":2}},"loc":{"start":{"line":69,"column":8},"end":{"line":73,"column":2}},"line":69},"10":{"name":"evaluate","decl":{"start":{"line":77,"column":8},"end":{"line":79,"column":2}},"loc":{"start":{"line":77,"column":8},"end":{"line":79,"column":2}},"line":77},"11":{"name":"toJSON","decl":{"start":{"line":81,"column":8},"end":{"line":85,"column":2}},"loc":{"start":{"line":81,"column":8},"end":{"line":85,"column":2}},"line":81}},"f":{"0":293,"1":10,"2":10,"3":0,"4":239,"5":231,"6":2,"7":29,"8":29,"9":0,"10":15,"11":0}}
,"/Users/jmeng/Documents/code/jump/src/ast/nodes/OperatorNode.ts": {"path":"/Users/jmeng/Documents/code/jump/src/ast/nodes/OperatorNode.ts","all":false,"statementMap":{"0":{"start":{"line":1,"column":0},"end":{"line":1,"column":53}},"1":{"start":{"line":2,"column":0},"end":{"line":2,"column":32}},"2":{"start":{"line":3,"column":0},"end":{"line":3,"column":8}},"3":{"start":{"line":4,"column":0},"end":{"line":4,"column":25}},"4":{"start":{"line":5,"column":0},"end":{"line":5,"column":19}},"5":{"start":{"line":6,"column":0},"end":{"line":6,"column":15}},"6":{"start":{"line":7,"column":0},"end":{"line":7,"column":22}},"7":{"start":{"line":8,"column":0},"end":{"line":8,"column":41}},"8":{"start":{"line":9,"column":0},"end":{"line":9,"column":45}},"9":{"start":{"line":10,"column":0},"end":{"line":10,"column":0}},"10":{"start":{"line":11,"column":0},"end":{"line":11,"column":67}},"11":{"start":{"line":12,"column":0},"end":{"line":12,"column":13}},"12":{"start":{"line":13,"column":0},"end":{"line":13,"column":40}},"13":{"start":{"line":14,"column":0},"end":{"line":14,"column":34}},"14":{"start":{"line":15,"column":0},"end":{"line":15,"column":40}},"15":{"start":{"line":16,"column":0},"end":{"line":16,"column":4}},"16":{"start":{"line":17,"column":0},"end":{"line":17,"column":10}},"17":{"start":{"line":18,"column":0},"end":{"line":18,"column":2}},"18":{"start":{"line":19,"column":0},"end":{"line":19,"column":0}},"19":{"start":{"line":20,"column":0},"end":{"line":20,"column":62}},"20":{"start":{"line":21,"column":0},"end":{"line":21,"column":50}},"21":{"start":{"line":22,"column":0},"end":{"line":22,"column":71}},"22":{"start":{"line":23,"column":0},"end":{"line":23,"column":73}},"23":{"start":{"line":24,"column":0},"end":{"line":24,"column":23}},"24":{"start":{"line":25,"column":0},"end":{"line":25,"column":0}},"25":{"start":{"line":26,"column":0},"end":{"line":26,"column":47}},"26":{"start":{"line":27,"column":0},"end":{"line":27,"column":49}},"27":{"start":{"line":28,"column":0},"end":{"line":28,"column":0}},"28":{"start":{"line":29,"column":0},"end":{"line":29,"column":50}},"29":{"start":{"line":30,"column":0},"end":{"line":30,"column":23}},"30":{"start":{"line":31,"column":0},"end":{"line":31,"column":57}},"31":{"start":{"line":32,"column":0},"end":{"line":32,"column":23}},"32":{"start":{"line":33,"column":0},"end":{"line":33,"column":57}},"33":{"start":{"line":34,"column":0},"end":{"line":34,"column":23}},"34":{"start":{"line":35,"column":0},"end":{"line":35,"column":57}},"35":{"start":{"line":36,"column":0},"end":{"line":36,"column":21}},"36":{"start":{"line":37,"column":0},"end":{"line":37,"column":68}},"37":{"start":{"line":38,"column":0},"end":{"line":38,"column":4}},"38":{"start":{"line":39,"column":0},"end":{"line":39,"column":23}},"39":{"start":{"line":40,"column":0},"end":{"line":40,"column":58}},"40":{"start":{"line":41,"column":0},"end":{"line":41,"column":24}},"41":{"start":{"line":42,"column":0},"end":{"line":42,"column":57}},"42":{"start":{"line":43,"column":0},"end":{"line":43,"column":23}},"43":{"start":{"line":44,"column":0},"end":{"line":44,"column":58}},"44":{"start":{"line":45,"column":0},"end":{"line":45,"column":93}},"45":{"start":{"line":46,"column":0},"end":{"line":46,"column":25}},"46":{"start":{"line":47,"column":0},"end":{"line":47,"column":58}},"47":{"start":{"line":48,"column":0},"end":{"line":48,"column":25}},"48":{"start":{"line":49,"column":0},"end":{"line":49,"column":58}},"49":{"start":{"line":50,"column":0},"end":{"line":50,"column":24}},"50":{"start":{"line":51,"column":0},"end":{"line":51,"column":58}},"51":{"start":{"line":52,"column":0},"end":{"line":52,"column":24}},"52":{"start":{"line":53,"column":0},"end":{"line":53,"column":57}},"53":{"start":{"line":54,"column":0},"end":{"line":54,"column":23}},"54":{"start":{"line":55,"column":0},"end":{"line":55,"column":58}},"55":{"start":{"line":56,"column":0},"end":{"line":56,"column":24}},"56":{"start":{"line":57,"column":0},"end":{"line":57,"column":58}},"57":{"start":{"line":58,"column":0},"end":{"line":58,"column":24}},"58":{"start":{"line":59,"column":0},"end":{"line":59,"column":57}},"59":{"start":{"line":60,"column":0},"end":{"line":60,"column":23}},"60":{"start":{"line":61,"column":0},"end":{"line":61,"column":10}},"61":{"start":{"line":62,"column":0},"end":{"line":62,"column":31}},"62":{"start":{"line":63,"column":0},"end":{"line":63,"column":90}},"63":{"start":{"line":64,"column":0},"end":{"line":64,"column":47}},"64":{"start":{"line":65,"column":0},"end":{"line":65,"column":5}},"65":{"start":{"line":66,"column":0},"end":{"line":66,"column":3}},"66":{"start":{"line":67,"column":0},"end":{"line":67,"column":2}},"67":{"start":{"line":68,"column":0},"end":{"line":68,"column":0}},"68":{"start":{"line":69,"column":0},"end":{"line":69,"column":18}},"69":{"start":{"line":70,"column":0},"end":{"line":70,"column":10}},"70":{"start":{"line":71,"column":0},"end":{"line":71,"column":42}},"71":{"start":{"line":72,"column":0},"end":{"line":72,"column":28}},"72":{"start":{"line":73,"column":0},"end":{"line":73,"column":30}},"73":{"start":{"line":74,"column":0},"end":{"line":74,"column":4}},"74":{"start":{"line":75,"column":0},"end":{"line":75,"column":2}},"75":{"start":{"line":76,"column":0},"end":{"line":76,"column":1}},"76":{"start":{"line":77,"column":0},"end":{"line":77,"column":0}},"77":{"start":{"line":78,"column":0},"end":{"line":78,"column":66}},"78":{"start":{"line":79,"column":0},"end":{"line":79,"column":13}},"79":{"start":{"line":80,"column":0},"end":{"line":80,"column":34}},"80":{"start":{"line":81,"column":0},"end":{"line":81,"column":50}},"81":{"start":{"line":82,"column":0},"end":{"line":82,"column":4}},"82":{"start":{"line":83,"column":0},"end":{"line":83,"column":10}},"83":{"start":{"line":84,"column":0},"end":{"line":84,"column":2}},"84":{"start":{"line":85,"column":0},"end":{"line":85,"column":0}},"85":{"start":{"line":86,"column":0},"end":{"line":86,"column":62}},"86":{"start":{"line":87,"column":0},"end":{"line":87,"column":50}},"87":{"start":{"line":88,"column":0},"end":{"line":88,"column":50}},"88":{"start":{"line":89,"column":0},"end":{"line":89,"column":43}},"89":{"start":{"line":90,"column":0},"end":{"line":90,"column":57}},"90":{"start":{"line":91,"column":0},"end":{"line":91,"column":50}},"91":{"start":{"line":92,"column":0},"end":{"line":92,"column":21}},"92":{"start":{"line":93,"column":0},"end":{"line":93,"column":17}},"93":{"start":{"line":94,"column":0},"end":{"line":94,"column":4}},"94":{"start":{"line":95,"column":0},"end":{"line":95,"column":35}},"95":{"start":{"line":96,"column":0},"end":{"line":96,"column":28}},"96":{"start":{"line":97,"column":0},"end":{"line":97,"column":59}},"97":{"start":{"line":98,"column":0},"end":{"line":98,"column":6}},"98":{"start":{"line":99,"column":0},"end":{"line":99,"column":4}},"99":{"start":{"line":100,"column":0},"end":{"line":100,"column":21}},"100":{"start":{"line":101,"column":0},"end":{"line":101,"column":57}},"101":{"start":{"line":102,"column":0},"end":{"line":102,"column":44}},"102":{"start":{"line":103,"column":0},"end":{"line":103,"column":10}},"103":{"start":{"line":104,"column":0},"end":{"line":104,"column":31}},"104":{"start":{"line":105,"column":0},"end":{"line":105,"column":89}},"105":{"start":{"line":106,"column":0},"end":{"line":106,"column":37}},"106":{"start":{"line":107,"column":0},"end":{"line":107,"column":5}},"107":{"start":{"line":108,"column":0},"end":{"line":108,"column":3}},"108":{"start":{"line":109,"column":0},"end":{"line":109,"column":2}},"109":{"start":{"line":110,"column":0},"end":{"line":110,"column":0}},"110":{"start":{"line":111,"column":0},"end":{"line":111,"column":18}},"111":{"start":{"line":112,"column":0},"end":{"line":112,"column":10}},"112":{"start":{"line":113,"column":0},"end":{"line":113,"column":41}},"113":{"start":{"line":114,"column":0},"end":{"line":114,"column":30}},"114":{"start":{"line":115,"column":0},"end":{"line":115,"column":4}},"115":{"start":{"line":116,"column":0},"end":{"line":116,"column":2}},"116":{"start":{"line":117,"column":0},"end":{"line":117,"column":1}},"117":{"start":{"line":118,"column":0},"end":{"line":118,"column":0}},"118":{"start":{"line":119,"column":0},"end":{"line":119,"column":44}},"119":{"start":{"line":120,"column":0},"end":{"line":120,"column":13}},"120":{"start":{"line":121,"column":0},"end":{"line":121,"column":39}},"121":{"start":{"line":122,"column":0},"end":{"line":122,"column":38}},"122":{"start":{"line":123,"column":0},"end":{"line":123,"column":4}},"123":{"start":{"line":124,"column":0},"end":{"line":124,"column":10}},"124":{"start":{"line":125,"column":0},"end":{"line":125,"column":2}},"125":{"start":{"line":126,"column":0},"end":{"line":126,"column":0}},"126":{"start":{"line":127,"column":0},"end":{"line":127,"column":44}},"127":{"start":{"line":128,"column":0},"end":{"line":128,"column":33}},"128":{"start":{"line":129,"column":0},"end":{"line":129,"column":27}},"129":{"start":{"line":130,"column":0},"end":{"line":130,"column":57}},"130":{"start":{"line":131,"column":0},"end":{"line":131,"column":5}},"131":{"start":{"line":132,"column":0},"end":{"line":132,"column":3}},"132":{"start":{"line":133,"column":0},"end":{"line":133,"column":26}},"133":{"start":{"line":134,"column":0},"end":{"line":134,"column":15}},"134":{"start":{"line":135,"column":0},"end":{"line":135,"column":52}},"135":{"start":{"line":136,"column":0},"end":{"line":136,"column":4}},"136":{"start":{"line":137,"column":0},"end":{"line":137,"column":2}},"137":{"start":{"line":138,"column":0},"end":{"line":138,"column":0}},"138":{"start":{"line":139,"column":0},"end":{"line":139,"column":18}},"139":{"start":{"line":140,"column":0},"end":{"line":140,"column":10}},"140":{"start":{"line":141,"column":0},"end":{"line":141,"column":16}},"141":{"start":{"line":142,"column":0},"end":{"line":142,"column":32}},"142":{"start":{"line":143,"column":0},"end":{"line":143,"column":46}},"143":{"start":{"line":144,"column":0},"end":{"line":144,"column":4}},"144":{"start":{"line":145,"column":0},"end":{"line":145,"column":2}},"145":{"start":{"line":146,"column":0},"end":{"line":146,"column":1}}},"s":{"0":1,"1":1,"2":1,"3":1,"4":1,"5":1,"6":1,"7":1,"8":1,"9":1,"10":1,"11":1,"12":131,"13":131,"14":131,"15":131,"16":131,"17":131,"18":1,"19":1,"20":129,"21":129,"22":129,"23":129,"24":129,"25":129,"26":129,"27":129,"28":129,"29":37,"30":129,"31":8,"32":91,"33":20,"34":83,"35":9,"36":2,"37":2,"38":7,"39":63,"40":3,"41":54,"42":2,"43":51,"44":7,"45":7,"46":49,"47":2,"48":42,"49":8,"50":40,"51":10,"52":32,"53":11,"54":11,"55":3,"56":11,"57":3,"58":8,"59":5,"60":5,"61":0,"62":0,"63":0,"64":0,"65":0,"66":129,"67":1,"68":1,"69":0,"70":0,"71":0,"72":0,"73":0,"74":0,"75":1,"76":1,"77":1,"78":1,"79":23,"80":23,"81":23,"82":23,"83":23,"84":1,"85":1,"86":23,"87":23,"88":2,"89":23,"90":17,"91":17,"92":2,"93":2,"94":17,"95":0,"96":0,"97":0,"98":0,"99":15,"100":21,"101":4,"102":4,"103":0,"104":0,"105":0,"106":0,"107":0,"108":23,"109":1,"110":1,"111":0,"112":0,"113":0,"114":0,"115":0,"116":1,"117":1,"118":1,"119":1,"120":35,"121":35,"122":35,"123":35,"124":35,"125":1,"126":1,"127":35,"128":0,"129":0,"130":0,"131":0,"132":35,"133":35,"134":35,"135":35,"136":35,"137":1,"138":1,"139":0,"140":0,"141":0,"142":0,"143":0,"144":0,"145":1},"branchMap":{"0":{"type":"branch","line":12,"loc":{"start":{"line":12,"column":1},"end":{"line":18,"column":2}},"locations":[{"start":{"line":12,"column":1},"end":{"line":18,"column":2}}]},"1":{"type":"branch","line":20,"loc":{"start":{"line":20,"column":8},"end":{"line":67,"column":2}},"locations":[{"start":{"line":20,"column":8},"end":{"line":67,"column":2}}]},"2":{"type":"branch","line":29,"loc":{"start":{"line":29,"column":49},"end":{"line":31,"column":9}},"locations":[{"start":{"line":29,"column":49},"end":{"line":31,"column":9}}]},"3":{"type":"branch","line":31,"loc":{"start":{"line":31,"column":3},"end":{"line":66,"column":3}},"locations":[{"start":{"line":31,"column":3},"end":{"line":66,"column":3}}]},"4":{"type":"branch","line":31,"loc":{"start":{"line":31,"column":56},"end":{"line":33,"column":9}},"locations":[{"start":{"line":31,"column":56},"end":{"line":33,"column":9}}]},"5":{"type":"branch","line":33,"loc":{"start":{"line":33,"column":3},"end":{"line":66,"column":3}},"locations":[{"start":{"line":33,"column":3},"end":{"line":66,"column":3}}]},"6":{"type":"branch","line":33,"loc":{"start":{"line":33,"column":56},"end":{"line":35,"column":9}},"locations":[{"start":{"line":33,"column":56},"end":{"line":35,"column":9}}]},"7":{"type":"branch","line":35,"loc":{"start":{"line":35,"column":3},"end":{"line":66,"column":3}},"locations":[{"start":{"line":35,"column":3},"end":{"line":66,"column":3}}]},"8":{"type":"branch","line":35,"loc":{"start":{"line":35,"column":56},"end":{"line":40,"column":9}},"locations":[{"start":{"line":35,"column":56},"end":{"line":40,"column":9}}]},"9":{"type":"branch","line":36,"loc":{"start":{"line":36,"column":20},"end":{"line":38,"column":4}},"locations":[{"start":{"line":36,"column":20},"end":{"line":38,"column":4}}]},"10":{"type":"branch","line":39,"loc":{"start":{"line":39,"column":-1},"end":{"line":40,"column":9}},"locations":[{"start":{"line":39,"column":-1},"end":{"line":40,"column":9}}]},"11":{"type":"branch","line":40,"loc":{"start":{"line":40,"column":3},"end":{"line":66,"column":3}},"locations":[{"start":{"line":40,"column":3},"end":{"line":66,"column":3}}]},"12":{"type":"branch","line":40,"loc":{"start":{"line":40,"column":57},"end":{"line":42,"column":9}},"locations":[{"start":{"line":40,"column":57},"end":{"line":42,"column":9}}]},"13":{"type":"branch","line":42,"loc":{"start":{"line":42,"column":3},"end":{"line":66,"column":3}},"locations":[{"start":{"line":42,"column":3},"end":{"line":66,"column":3}}]},"14":{"type":"branch","line":42,"loc":{"start":{"line":42,"column":56},"end":{"line":44,"column":9}},"locations":[{"start":{"line":42,"column":56},"end":{"line":44,"column":9}}]},"15":{"type":"branch","line":44,"loc":{"start":{"line":44,"column":3},"end":{"line":66,"column":3}},"locations":[{"start":{"line":44,"column":3},"end":{"line":66,"column":3}}]},"16":{"type":"branch","line":44,"loc":{"start":{"line":44,"column":57},"end":{"line":47,"column":9}},"locations":[{"start":{"line":44,"column":57},"end":{"line":47,"column":9}}]},"17":{"type":"branch","line":47,"loc":{"start":{"line":47,"column":3},"end":{"line":66,"column":3}},"locations":[{"start":{"line":47,"column":3},"end":{"line":66,"column":3}}]},"18":{"type":"branch","line":47,"loc":{"start":{"line":47,"column":57},"end":{"line":49,"column":9}},"locations":[{"start":{"line":47,"column":57},"end":{"line":49,"column":9}}]},"19":{"type":"branch","line":49,"loc":{"start":{"line":49,"column":3},"end":{"line":66,"column":3}},"locations":[{"start":{"line":49,"column":3},"end":{"line":66,"column":3}}]},"20":{"type":"branch","line":49,"loc":{"start":{"line":49,"column":57},"end":{"line":51,"column":9}},"locations":[{"start":{"line":49,"column":57},"end":{"line":51,"column":9}}]},"21":{"type":"branch","line":50,"loc":{"start":{"line":50,"column":14},"end":{"line":50,"column":23}},"locations":[{"start":{"line":50,"column":14},"end":{"line":50,"column":23}}]},"22":{"type":"branch","line":51,"loc":{"start":{"line":51,"column":3},"end":{"line":66,"column":3}},"locations":[{"start":{"line":51,"column":3},"end":{"line":66,"column":3}}]},"23":{"type":"branch","line":51,"loc":{"start":{"line":51,"column":57},"end":{"line":53,"column":9}},"locations":[{"start":{"line":51,"column":57},"end":{"line":53,"column":9}}]},"24":{"type":"branch","line":52,"loc":{"start":{"line":52,"column":14},"end":{"line":52,"column":23}},"locations":[{"start":{"line":52,"column":14},"end":{"line":52,"column":23}}]},"25":{"type":"branch","line":53,"loc":{"start":{"line":53,"column":3},"end":{"line":66,"column":3}},"locations":[{"start":{"line":53,"column":3},"end":{"line":66,"column":3}}]},"26":{"type":"branch","line":53,"loc":{"start":{"line":53,"column":56},"end":{"line":66,"column":3}},"locations":[{"start":{"line":53,"column":56},"end":{"line":66,"column":3}}]},"27":{"type":"branch","line":55,"loc":{"start":{"line":55,"column":57},"end":{"line":57,"column":9}},"locations":[{"start":{"line":55,"column":57},"end":{"line":57,"column":9}}]},"28":{"type":"branch","line":57,"loc":{"start":{"line":57,"column":3},"end":{"line":66,"column":3}},"locations":[{"start":{"line":57,"column":3},"end":{"line":66,"column":3}}]},"29":{"type":"branch","line":57,"loc":{"start":{"line":57,"column":57},"end":{"line":59,"column":9}},"locations":[{"start":{"line":57,"column":57},"end":{"line":59,"column":9}}]},"30":{"type":"branch","line":59,"loc":{"start":{"line":59,"column":3},"end":{"line":66,"column":3}},"locations":[{"start":{"line":59,"column":3},"end":{"line":66,"column":3}}]},"31":{"type":"branch","line":61,"loc":{"start":{"line":61,"column":3},"end":{"line":66,"column":3}},"locations":[{"start":{"line":61,"column":3},"end":{"line":66,"column":3}}]},"32":{"type":"branch","line":79,"loc":{"start":{"line":79,"column":1},"end":{"line":84,"column":2}},"locations":[{"start":{"line":79,"column":1},"end":{"line":84,"column":2}}]},"33":{"type":"branch","line":86,"loc":{"start":{"line":86,"column":8},"end":{"line":109,"column":2}},"locations":[{"start":{"line":86,"column":8},"end":{"line":109,"column":2}}]},"34":{"type":"branch","line":88,"loc":{"start":{"line":88,"column":49},"end":{"line":90,"column":9}},"locations":[{"start":{"line":88,"column":49},"end":{"line":90,"column":9}}]},"35":{"type":"branch","line":90,"loc":{"start":{"line":90,"column":3},"end":{"line":108,"column":3}},"locations":[{"start":{"line":90,"column":3},"end":{"line":108,"column":3}}]},"36":{"type":"branch","line":90,"loc":{"start":{"line":90,"column":56},"end":{"line":101,"column":9}},"locations":[{"start":{"line":90,"column":56},"end":{"line":101,"column":9}}]},"37":{"type":"branch","line":92,"loc":{"start":{"line":92,"column":20},"end":{"line":94,"column":4}},"locations":[{"start":{"line":92,"column":20},"end":{"line":94,"column":4}}]},"38":{"type":"branch","line":95,"loc":{"start":{"line":95,"column":-1},"end":{"line":95,"column":34}},"locations":[{"start":{"line":95,"column":-1},"end":{"line":95,"column":34}}]},"39":{"type":"branch","line":95,"loc":{"start":{"line":95,"column":34},"end":{"line":99,"column":4}},"locations":[{"start":{"line":95,"column":34},"end":{"line":99,"column":4}}]},"40":{"type":"branch","line":100,"loc":{"start":{"line":100,"column":-1},"end":{"line":101,"column":9}},"locations":[{"start":{"line":100,"column":-1},"end":{"line":101,"column":9}}]},"41":{"type":"branch","line":101,"loc":{"start":{"line":101,"column":3},"end":{"line":108,"column":3}},"locations":[{"start":{"line":101,"column":3},"end":{"line":108,"column":3}}]},"42":{"type":"branch","line":103,"loc":{"start":{"line":103,"column":3},"end":{"line":108,"column":3}},"locations":[{"start":{"line":103,"column":3},"end":{"line":108,"column":3}}]},"43":{"type":"branch","line":120,"loc":{"start":{"line":120,"column":1},"end":{"line":125,"column":2}},"locations":[{"start":{"line":120,"column":1},"end":{"line":125,"column":2}}]},"44":{"type":"branch","line":127,"loc":{"start":{"line":127,"column":8},"end":{"line":137,"column":2}},"locations":[{"start":{"line":127,"column":8},"end":{"line":137,"column":2}}]},"45":{"type":"branch","line":128,"loc":{"start":{"line":128,"column":32},"end":{"line":132,"column":3}},"locations":[{"start":{"line":128,"column":32},"end":{"line":132,"column":3}}]},"46":{"type":"branch","line":135,"loc":{"start":{"line":135,"column":17},"end":{"line":135,"column":51}},"locations":[{"start":{"line":135,"column":17},"end":{"line":135,"column":51}}]}},"b":{"0":[131],"1":[129],"2":[37],"3":[91],"4":[8],"5":[83],"6":[20],"7":[63],"8":[9],"9":[2],"10":[7],"11":[54],"12":[3],"13":[51],"14":[2],"15":[49],"16":[7],"17":[42],"18":[2],"19":[40],"20":[8],"21":[4],"22":[32],"23":[10],"24":[4],"25":[22],"26":[11],"27":[3],"28":[8],"29":[3],"30":[5],"31":[0],"32":[23],"33":[23],"34":[2],"35":[21],"36":[17],"37":[2],"38":[15],"39":[0],"40":[15],"41":[4],"42":[0],"43":[35],"44":[35],"45":[0],"46":[65]},"fnMap":{"0":{"name":"BinaryOperatorNode","decl":{"start":{"line":12,"column":1},"end":{"line":18,"column":2}},"loc":{"start":{"line":12,"column":1},"end":{"line":18,"column":2}},"line":12},"1":{"name":"evaluate","decl":{"start":{"line":20,"column":8},"end":{"line":67,"column":2}},"loc":{"start":{"line
[...]
nd":{"line":193,"column":3}}]},"28":{"type":"branch","line":194,"loc":{"start":{"line":194,"column":-1},"end":{"line":195,"column":2}},"locations":[{"start":{"line":194,"column":-1},"end":{"line":195,"column":2}}]},"29":{"type":"branch","line":198,"loc":{"start":{"line":198,"column":11},"end":{"line":205,"column":2}},"locations":[{"start":{"line":198,"column":11},"end":{"line":205,"column":2}}]},"30":{"type":"branch","line":201,"loc":{"start":{"line":201,"column":59},"end":{"line":203,"column":3}},"locations":[{"start":{"line":201,"column":59},"end":{"line":203,"column":3}}]},"31":{"type":"branch","line":204,"loc":{"start":{"line":204,"column":-1},"end":{"line":205,"column":2}},"locations":[{"start":{"line":204,"column":-1},"end":{"line":205,"column":2}}]},"32":{"type":"branch","line":208,"loc":{"start":{"line":208,"column":11},"end":{"line":214,"column":2}},"locations":[{"start":{"line":208,"column":11},"end":{"line":214,"column":2}}]},"33":{"type":"branch","line":210,"loc":{"start":{"line":210,"column":64},"end":{"line":212,"column":3}},"locations":[{"start":{"line":210,"column":64},"end":{"line":212,"column":3}}]},"34":{"type":"branch","line":213,"loc":{"start":{"line":213,"column":-1},"end":{"line":214,"column":2}},"locations":[{"start":{"line":213,"column":-1},"end":{"line":214,"column":2}}]},"35":{"type":"branch","line":217,"loc":{"start":{"line":217,"column":11},"end":{"line":223,"column":2}},"locations":[{"start":{"line":217,"column":11},"end":{"line":223,"column":2}}]},"36":{"type":"branch","line":219,"loc":{"start":{"line":219,"column":50},"end":{"line":221,"column":3}},"locations":[{"start":{"line":219,"column":50},"end":{"line":221,"column":3}}]},"37":{"type":"branch","line":222,"loc":{"start":{"line":222,"column":-1},"end":{"line":223,"column":2}},"locations":[{"start":{"line":222,"column":-1},"end":{"line":223,"column":2}}]},"38":{"type":"branch","line":225,"loc":{"start":{"line":225,"column":11},"end":{"line":232,"column":2}},"locations":[{"start":{"line":225,"column":11},"end":{"line":232,"column":2}}]},"39":{"type":"branch","line":226,"loc":{"start":{"line":226,"column":56},"end":{"line":228,"column":9}},"locations":[{"start":{"line":226,"column":56},"end":{"line":228,"column":9}}]},"40":{"type":"branch","line":228,"loc":{"start":{"line":228,"column":3},"end":{"line":230,"column":3}},"locations":[{"start":{"line":228,"column":3},"end":{"line":230,"column":3}}]},"41":{"type":"branch","line":228,"loc":{"start":{"line":228,"column":56},"end":{"line":230,"column":3}},"locations":[{"start":{"line":228,"column":56},"end":{"line":230,"column":3}}]},"42":{"type":"branch","line":231,"loc":{"start":{"line":231,"column":-1},"end":{"line":232,"column":2}},"locations":[{"start":{"line":231,"column":-1},"end":{"line":232,"column":2}}]},"43":{"type":"branch","line":234,"loc":{"start":{"line":234,"column":11},"end":{"line":253,"column":2}},"locations":[{"start":{"line":234,"column":11},"end":{"line":253,"column":2}}]},"44":{"type":"branch","line":236,"loc":{"start":{"line":236,"column":44},"end":{"line":250,"column":3}},"locations":[{"start":{"line":236,"column":44},"end":{"line":250,"column":3}}]},"45":{"type":"branch","line":238,"loc":{"start":{"line":238,"column":45},"end":{"line":240,"column":4}},"locations":[{"start":{"line":238,"column":45},"end":{"line":240,"column":4}}]},"46":{"type":"branch","line":241,"loc":{"start":{"line":241,"column":-1},"end":{"line":244,"column":48}},"locations":[{"start":{"line":241,"column":-1},"end":{"line":244,"column":48}}]},"47":{"type":"branch","line":244,"loc":{"start":{"line":244,"column":48},"end":{"line":246,"column":4}},"locations":[{"start":{"line":244,"column":48},"end":{"line":246,"column":4}}]},"48":{"type":"branch","line":247,"loc":{"start":{"line":247,"column":-1},"end":{"line":250,"column":3}},"locations":[{"start":{"line":247,"column":-1},"end":{"line":250,"column":3}}]},"49":{"type":"branch","line":251,"loc":{"start":{"line":251,"column":-1},"end":{"line":253,"column":2}},"locations":[{"start":{"line":251,"column":-1},"end":{"line":253,"column":2}}]},"50":{"type":"branch","line":256,"loc":{"start":{"line":256,"column":11},"end":{"line":278,"column":2}},"locations":[{"start":{"line":256,"column":11},"end":{"line":278,"column":2}}]},"51":{"type":"branch","line":257,"loc":{"start":{"line":257,"column":44},"end":{"line":261,"column":9}},"locations":[{"start":{"line":257,"column":44},"end":{"line":261,"column":9}}]},"52":{"type":"branch","line":261,"loc":{"start":{"line":261,"column":3},"end":{"line":271,"column":3}},"locations":[{"start":{"line":261,"column":3},"end":{"line":271,"column":3}}]},"53":{"type":"branch","line":261,"loc":{"start":{"line":261,"column":58},"end":{"line":263,"column":9}},"locations":[{"start":{"line":261,"column":58},"end":{"line":263,"column":9}}]},"54":{"type":"branch","line":263,"loc":{"start":{"line":263,"column":3},"end":{"line":271,"column":3}},"locations":[{"start":{"line":263,"column":3},"end":{"line":271,"column":3}}]},"55":{"type":"branch","line":263,"loc":{"start":{"line":263,"column":61},"end":{"line":265,"column":9}},"locations":[{"start":{"line":263,"column":61},"end":{"line":265,"column":9}}]},"56":{"type":"branch","line":265,"loc":{"start":{"line":265,"column":3},"end":{"line":271,"column":3}},"locations":[{"start":{"line":265,"column":3},"end":{"line":271,"column":3}}]},"57":{"type":"branch","line":265,"loc":{"start":{"line":265,"column":61},"end":{"line":267,"column":9}},"locations":[{"start":{"line":265,"column":61},"end":{"line":267,"column":9}}]},"58":{"type":"branch","line":267,"loc":{"start":{"line":267,"column":3},"end":{"line":271,"column":3}},"locations":[{"start":{"line":267,"column":3},"end":{"line":271,"column":3}}]},"59":{"type":"branch","line":267,"loc":{"start":{"line":267,"column":62},"end":{"line":269,"column":9}},"locations":[{"start":{"line":267,"column":62},"end":{"line":269,"column":9}}]},"60":{"type":"branch","line":269,"loc":{"start":{"line":269,"column":3},"end":{"line":271,"column":3}},"locations":[{"start":{"line":269,"column":3},"end":{"line":271,"column":3}}]},"61":{"type":"branch","line":269,"loc":{"start":{"line":269,"column":57},"end":{"line":271,"column":3}},"locations":[{"start":{"line":269,"column":57},"end":{"line":271,"column":3}}]},"62":{"type":"branch","line":272,"loc":{"start":{"line":272,"column":-1},"end":{"line":278,"column":2}},"locations":[{"start":{"line":272,"column":-1},"end":{"line":278,"column":2}}]},"63":{"type":"branch","line":284,"loc":{"start":{"line":284,"column":11},"end":{"line":287,"column":2}},"locations":[{"start":{"line":284,"column":11},"end":{"line":287,"column":2}}]},"64":{"type":"branch","line":286,"loc":{"start":{"line":286,"column":37},"end":{"line":286,"column":66}},"locations":[{"start":{"line":286,"column":37},"end":{"line":286,"column":66}}]},"65":{"type":"branch","line":317,"loc":{"start":{"line":317,"column":11},"end":{"line":340,"column":2}},"locations":[{"start":{"line":317,"column":11},"end":{"line":340,"column":2}}]},"66":{"type":"branch","line":323,"loc":{"start":{"line":323,"column":13},"end":{"line":325,"column":66}},"locations":[{"start":{"line":323,"column":13},"end":{"line":325,"column":66}}]},"67":{"type":"branch","line":324,"loc":{"start":{"line":324,"column":33},"end":{"line":325,"column":65}},"locations":[{"start":{"line":324,"column":33},"end":{"line":325,"column":65}}]},"68":{"type":"branch","line":325,"loc":{"start":{"line":325,"column":17},"end":{"line":325,"column":64}},"locations":[{"start":{"line":325,"column":17},"end":{"line":325,"column":64}}]},"69":{"type":"branch","line":326,"loc":{"start":{"line":326,"column":4},"end":{"line":335,"column":3}},"locations":[{"start":{"line":326,"column":4},"end":{"line":335,"column":3}}]},"70":{"type":"branch","line":329,"loc":{"start":{"line":329,"column":5},"end":{"line":329,"column":19}},"locations":[{"start":{"line":329,"column":5},"end":{"line":329,"column":19}}]},"71":{"type":"branch","line":330,"loc":{"start":{"line":330,"column":5},"end":{"line":332,"column":38}},"locations":[{"start":{"line":330,"column":5},"end":{"line":332,"column":38}}]},"72":{"type":"branch","line":336,"loc":{"start":{"line":336,"column":-1},"end":{"line":336,"column":36}},"locations":[{"start":{"line":336,"column":-1},"end":{"line":336,"column":36}}]},"73":{"type":"branch","line":336,"loc":{"start":{"line":336,"column":36},"end":{"line":338,"column":3}},"locations":[{"start":{"line":336,"column":36},"end":{"line":338,"column":3}}]},"74":{"type":"branch","line":339,"loc":{"start":{"line":339,"column":-1},"end":{"line":340,"column":2}},"locations":[{"start":{"line":339,"column":-1},"end":{"line":340,"column":2}}]},"75":{"type":"branch","line":346,"loc":{"start":{"line":346,"column":11},"end":{"line":356,"column":2}},"locations":[{"start":{"line":346,"column":11},"end":{"line":356,"column":2}}]},"76":{"type":"branch","line":349,"loc":{"start":{"line":349,"column":13},"end":{"line":354,"column":3}},"locations":[{"start":{"line":349,"column":13},"end":{"line":354,"column":3}}]},"77":{"type":"branch","line":355,"loc":{"start":{"line":355,"column":-1},"end":{"line":356,"column":2}},"locations":[{"start":{"line":355,"column":-1},"end":{"line":356,"column":2}}]},"78":{"type":"branch","line":366,"loc":{"start":{"line":366,"column":11},"end":{"line":373,"column":2}},"locations":[{"start":{"line":366,"column":11},"end":{"line":373,"column":2}}]},"79":{"type":"branch","line":367,"loc":{"start":{"line":367,"column":52},"end":{"line":370,"column":9}},"locations":[{"start":{"line":367,"column":52},"end":{"line":370,"column":9}}]},"80":{"type":"branch","line":370,"loc":{"start":{"line":370,"column":3},"end":{"line":372,"column":3}},"locations":[{"start":{"line":370,"column":3},"end":{"line":372,"column":3}}]},"81":{"type":"branch","line":381,"loc":{"start":{"line":381,"column":11},"end":{"line":390,"column":2}},"locations":[{"start":{"line":381,"column":11},"end":{"line":390,"column":2}}]},"82":{"type":"branch","line":382,"loc":{"start":{"line":382,"column":39},"end":{"line":388,"column":3}},"locations":[{"start":{"line":382,"column":39},"end":{"line":388,"column":3}}]},"83":{"type":"branch","line":384,"loc":{"start":{"line":384,"column":14},"end":{"line":384,"column":44}},"locations":[{"start":{"line":384,"column":14},"end":{"line":384,"column":44}}]},"84":{"type":"branch","line":384,"loc":{"start":{"line":384,"column":46},"end":{"line":386,"column":4}},"locations":[{"start":{"line":384,"column":46},"end":{"line":386,"column":4}}]},"85":{"type":"branch","line":389,"loc":{"start":{"line":389,"column":-1},"end":{"line":390,"column":2}},"locations":[{"start":{"line":389,"column":-1},"end":{"line":390,"column":2}}]},"86":{"type":"branch","line":408,"loc":{"start":{"line":408,"column":11},"end":{"line":424,"column":2}},"locations":[{"start":{"line":408,"column":11},"end":{"line":424,"column":2}}]},"87":{"type":"branch","line":412,"loc":{"start":{"line":412,"column":23},"end":{"line":412,"column":36}},"locations":[{"start":{"line":412,"column":23},"end":{"line":412,"column":36}}]},"88":{"type":"branch","line":413,"loc":{"start":{"line":413,"column":-1},"end":{"line":414,"column":34}},"locations":[{"start":{"line":413,"column":-1},"end":{"line":414,"column":34}}]},"89":{"type":"branch","line":414,"loc":{"start":{"line":414,"column":34},"end":{"line":417,"column":9}},"locations":[{"start":{"line":414,"column":34},"end":{"line":417,"column":9}}]},"90":{"type":"branch","line":416,"loc":{"start":{"line":416,"column":23},"end":{"line":416,"column":27}},"locations":[{"start":{"line":416,"column":23},"end":{"line":416,"column":27}}]},"91":{"type":"branch","line":417,"loc":{"start":{"line":417,"column":3},"end":{"line":423,"column":3}},"locations":[{"start":{"line":417,"column":3},"end":{"line":423,"column":3}}]},"92":{"type":"branch","line":417,"loc":{"start":{"line":417,"column":21},"end":{"line":420,"column":9}},"locations":[{"start":{"line":417,"column":21},"end":{"line":420,"column":9}}]},"93":{"type":"branch","line":420,"loc":{"start":{"line":420,"column":3},"end":{"line":423,"column":3}},"locations":[{"start":{"line":420,"column":3},"end":{"line":423,"column":3}}]},"94":{"type":"branch","line":422,"loc":{"start":{"line":422,"column":21},"end":{"line":422,"column":27}},"locations":[{"start":{"line":422,"column":21},"end":{"line":422,"column":27}}]},"95":{"type":"branch","line":419,"loc":{"start":{"line":419,"column":22},"end":{"line":419,"column":54}},"locations":[{"start":{"line":419,"column":22},"end":{"line":419,"column":54}}]}},"b":{"0":[155],"1":[150],"2":[150],"3":[140],"4":[0],"5":[0],"6":[150],"7":[49],"8":[41],"9":[11],"10":[138],"11":[0],"12":[142],"13":[11],"14":[8],"15":[3],"16":[229],"17":[229],"18":[8],"19":[217],"20":[237],"21":[10],"22":[225],"23":[247],"24":[9],"25":[235],"26":[256],"27":[22],"28":[244],"29":[278],"30":[50],"31":[266],"32":[328],"33":[32],"34":[316],"35":[363],"36":[3],"37":[348],"38":[367],"39":[19],"40":[348],"41":[4],"42":[344],"43":[344],"44":[35],"45":[1],"46":[34],"47":[31],"48":[34],"49":[297],"50":[363],"51":[15],"52":[348],"53":[237],"54":[111],"55":[10],"56":[101],"57":[15],"58":[86],"59":[29],"60":[57],"61":[51],"62":[6],"63":[8767],"64":[1239],"65":[808],"66":[301],"67":[299],"68":[280],"69":[3],"70":[2],"71":[1],"72":[805],"73":[801],"74":[4],"75":[817],"76":[1],"77":[814],"78":[796],"79":[82],"80":[713],"81":[7609],"82":[813],"83":[50],"84":[0],"85":[7607],"86":[8487],"87":[1],"88":[8486],"89":[6340],"90":[6339],"91":[2146],"92":[1683],"93":[463],"94":[462],"95":[4100]},"fnMap":{"0":{"name":"Parser","decl":{"start":{"line":40,"column":1},"end":{"line":43,"column":2}},"loc":{"start":{"line":40,"column":1},"end":{"line":43,"column":2}},"line":40},"1":{"name":"getRoot","decl":{"start":{"line":45,"column":8},"end":{"line":47,"column":2}},"loc":{"start":{"line":45,"column":8},"end":{"line":47,"column":2}},"line":45},"2":{"name":"getCompoundStatements","decl":{"start":{"line":49,"column":11},"end":{"line":63,"column":2}},"loc":{"start":{"line":49,"column":11},"end":{"line":63,"column":2}},"line":49},"3":{"name":"getBlock","decl":{"start":{"line":65,"column":11},"end":{"line":78,"column":2}},"loc":{"start":{"line":65,"column":11},"end":{"line":78,"column":2}},"line":65},"4":{"name":"getStatement","decl":{"start":{"line":80,"column":11},"end":{"line":110,"column":2}},"loc":{"start":{"line":80,"column":11},"end":{"line":110,"column":2}},"line":80},"5":{"name":"getAssignment","decl":{"start":{"line":116,"column":11},"end":{"line":140,"column":2}},"loc":{"start":{"line":116,"column":11},"end":{"line":140,"column":2}},"line":116},"6":{"name":"getExpression","decl":{"start":{"line":143,"column":11},"end":{"line":145,"column":2}},"loc":{"start":{"line":143,"column":11},"end":{"line":145,"column":2}},"line":143},"7":{"name":"getLogicalAnd","decl":{"start":{"line":147,"column":11},"end":{"line":158,"column":2}},"loc":{"start":{"line":147,"column":11},"end":{"line":158,"column":2}},"line":147},"8":{"name":"getLogicalOr","decl":{"start":{"line":160,"column":11},"end":{"line":171,"column":2}},"loc":{"start":{"line":160,"column":11},"end":{"line":171,"column":2}},"line":160},"9":{"name":"getEquality","decl":{"start":{"line":173,"column":11},"end":{"line":183,"column":2}},"loc":{"start":{"line":173,"column":11},"end":{"line":183,"column":2}},"line":173},"10":{"name":"getComparison","decl":{"start":{"line":185,"column":11},"end":{"line":195,"column":2}},"loc":{"start":{"line":185,"column":11},"end":{"line":195,"column":2}},"line":185},"11":{"name":"getAddition","decl":{"start":{"line":198,"column":11},"end":{"line":205,"column":2}},"loc":{"start":{"line":198,"column":11},"end":{"line":205,"column":2}},"line":198},"12":{"name":"getTerm","decl":{"start":{"line":208,"column":11},"end":{"line":214,"column":2}},"loc":{"start":{"line":208,"column":11},"end":{"line":214,"column":2}},"line":208},"13":{"name":"getFactor","decl":{"start":{"line":217,"column":11},"end":{"line":223,"column":2}},"loc":{"start":{"line":217,"column":11},"end":{"line":223,"column":2}},"line":217},"14":{"name":"getUnary","decl":{"start":{"line":225,"column":11},"end":{"line":232,"column":2}},"loc":{"start":{"line":225,"column":11},"end":{"line":232,"column":2}},"line":225},"15":{"name":"getCall","decl":{"start":{"line":234,"column":11},"end":{"line":253,"column":2}},"loc":{"start":{"line":234,"column":11},"end":{"line":253,"column":2}},"line":234},"16":{"name":"getBase","decl":{"start":{"line":256,"column":11},"end":{"line":278,"column":2}},"loc":{"start":{"line":256,"column":11},"end":{"line":278,"column":2}},"line":256},"17":{"name":"hasNext","decl":{"start":{"line":284,"column":11},"end":{"line":287,"column":2}},"loc":{"start":{"line":284,"column":11},"end":{"line":287,"column":2}},"line":284},"18":{"name":"next","decl":{"start":{"line":317,"column":11},"end":{"line":340,"column":2}},"loc":{"start":{"line":317,"column":11},"end":{"line":340,"column":2}},"line":317},"19":{"name":"nextFromLexer","decl":{"start":{"line":346,"column":11},"end":{"line":356,"column":2}},"loc":{"start":{"line":346,"column":11},"end":{"line":356,"column":2}},"line":346},"20":{"name":"nextIs","decl":{"start":{"line":366,"column":11},"end":{"line":373,"column":2}},"loc":{"start":{"line":366,"column":11},"end":{"line":373,"column":2}},"line":366},"21":{"name":"peek","decl":{"start":{"line":381,"column":11},"end":{"line":390,"column":2}},"loc":{"start":{"line":381,"column":11},"end":{"line":390,"column":2}},"line":381},"22":{"name":"peekMatches","decl":{"start":{"line":408,"column":11},"end":{"line":424,"column":2}},"loc":{"start":{"line":408,"column":11},"end":{"line":424,"column":2}},"line":408},"23":{"name":"nextNewlines","decl":{"start":{"line":431,"column":11},"end":{"line":438,"column":2}},"loc":{"start":{"line":431,"column":11},"end":{"line":438,"column":2}},"line":431}},"f":{"0":155,"1":150,"2":150,"3":0,"4":150,"5":11,"6":229,"7":229,"8":237,"9":247,"10":256,"11":278,"12":328,"13":363,"14":367,"15":344,"16":363,"17":8767,"18":808,"19":817,"20":796,"21":7609,"22":8487,"23":0}}
,"/Users/jmeng/Documents/code/jump/src/parser/tests/exec.ts": {"path":"/Users/jmeng/Documents/code/jump/src/parser/tests/exec.ts","all":false,"statementMap":{"0":{"start":{"line":1,"column":0},"end":{"line":1,"column":31}},"1":{"start":{"line":2,"column":0},"end":{"line":2,"column":38}},"2":{"start":{"line":3,"column":0},"end":{"line":3,"column":40}},"3":{"start":{"line":4,"column":0},"end":{"line":4,"column":48}},"4":{"start":{"line":5,"column":0},"end":{"line":5,"column":71}},"5":{"start":{"line":6,"column":0},"end":{"line":6,"column":0}},"6":{"start":{"line":7,"column":0},"end":{"line":7,"column":79}},"7":{"start":{"line":8,"column":0},"end":{"line":8,"column":29}},"8":{"start":{"line":9,"column":0},"end":{"line":9,"column":16}},"9":{"start":{"line":10,"column":0},"end":{"line":10,"column":2}},"10":{"start":{"line":11,"column":0},"end":{"line":11,"column":65}},"11":{"start":{"line":12,"column":0},"end":{"line":12,"column":0}},"12":{"start":{"line":13,"column":0},"end":{"line":13,"column":35}},"13":{"start":{"line":14,"column":0},"end":{"line":14,"column":49}},"14":{"start":{"line":15,"column":0},"end":{"line":15,"column":2}},"15":{"start":{"line":16,"column":0},"end":{"line":16,"column":1}}},"s":{"0":1,"1":1,"2":1,"3":1,"4":1,"5":1,"6":150,"7":150,"8":150,"9":150,"10":150,"11":150,"12":150,"13":140,"14":140,"15":150},"branchMap":{"0":{"type":"branch","line":7,"loc":{"start":{"line":7,"column":0},"end":{"line":16,"column":1}},"locations":[{"start":{"line":7,"column":0},"end":{"line":16,"column":1}}]},"1":{"type":"branch","line":13,"loc":{"start":{"line":13,"column":34},"end":{"line":15,"column":2}},"locations":[{"start":{"line":13,"column":34},"end":{"line":15,"column":2}}]}},"b":{"0":[150],"1":[140]},"fnMap":{"0":{"name":"exec","decl":{"start":{"line":7,"column":0},"end":{"line":16,"column":1}},"loc":{"start":{"line":7,"column":0},"end":{"line":16,"column":1}},"line":7}},"f":{"0":150}}
}
