TN:
SF:src/ast/JumpInternalError.ts
FN:5,JumpInternalError
FNF:1
FNH:1
FNDA:4,JumpInternalError
DA:1,1
DA:2,1
DA:3,1
DA:4,1
DA:5,1
DA:6,4
DA:7,4
DA:8,1
LF:8
LH:8
BRDA:5,0,0,4
BRF:1
BRH:1
end_of_record
TN:
SF:src/ast/SymbolTable.ts
FN:14,reversed
FN:20,<instance_members_initializer>
FN:47,pushScope
FN:65,exitScope
FN:76,has
FN:86,declare
FN:104,update
FN:123,get
FNF:8
FNH:8
FNDA:29,reversed
FNDA:4,<instance_members_initializer>
FNDA:4,pushScope
FNDA:5,exitScope
FNDA:8,has
FNDA:10,declare
FNDA:3,update
FNDA:18,get
DA:1,1
DA:2,1
DA:3,1
DA:4,1
DA:5,1
DA:6,1
DA:7,1
DA:8,1
DA:9,1
DA:10,1
DA:11,1
DA:12,1
DA:13,1
DA:14,29
DA:15,29
DA:16,29
DA:17,29
DA:18,29
DA:19,1
DA:20,4
DA:21,4
DA:22,4
DA:23,4
DA:24,4
DA:25,4
DA:26,4
DA:27,4
DA:28,4
DA:29,4
DA:30,4
DA:31,4
DA:32,4
DA:33,4
DA:34,4
DA:35,4
DA:36,4
DA:37,4
DA:38,4
DA:39,4
DA:40,4
DA:41,4
DA:42,4
DA:43,4
DA:44,4
DA:45,4
DA:46,4
DA:47,4
DA:48,4
DA:49,4
DA:50,4
DA:51,4
DA:52,4
DA:53,4
DA:54,4
DA:55,4
DA:56,4
DA:57,4
DA:58,4
DA:59,4
DA:60,4
DA:61,4
DA:62,4
DA:63,4
DA:64,4
DA:65,4
DA:66,5
DA:67,1
DA:68,1
DA:69,4
DA:70,4
DA:71,4
DA:72,4
DA:73,4
DA:74,4
DA:75,4
DA:76,4
DA:77,8
DA:78,8
DA:79,4
DA:80,4
DA:81,4
DA:82,4
DA:83,4
DA:84,4
DA:85,4
DA:86,4
DA:87,10
DA:88,1
DA:89,1
DA:90,1
DA:91,1
DA:92,9
DA:93,9
DA:94,9
DA:95,9
DA:96,9
DA:97,9
DA:98,4
DA:99,4
DA:100,4
DA:101,4
DA:102,4
DA:103,4
DA:104,4
DA:105,3
DA:106,3
DA:107,2
DA:108,2
DA:109,2
DA:110,2
DA:111,2
DA:112,2
DA:113,3
DA:114,1
DA:115,1
DA:116,1
DA:117,1
DA:118,4
DA:119,4
DA:120,4
DA:121,4
DA:122,4
DA:123,4
DA:124,18
DA:125,22
DA:126,17
DA:127,17
DA:128,22
DA:129,1
DA:130,1
DA:131,1
DA:132,1
DA:133,4
LF:133
LH:133
BRDA:4,0,0,1
BRDA:14,1,0,29
BRDA:20,2,0,4
BRDA:47,3,0,4
BRDA:65,4,0,5
BRDA:66,5,0,1
BRDA:69,6,0,4
BRDA:76,7,0,8
BRDA:77,8,0,13
BRDA:86,9,0,10
BRDA:87,10,0,1
BRDA:92,11,0,9
BRDA:104,12,0,3
BRDA:106,13,0,2
BRDA:114,14,0,1
BRDA:123,15,0,18
BRDA:124,16,0,22
BRDA:125,17,0,17
BRDA:129,18,0,1
BRF:19
BRH:19
end_of_record
TN:
SF:src/lexer/Lexer.ts
FN:9,<instance_members_initializer>
FN:12,JumpSyntaxError
FN:34,Lexer
FN:44,<static_initializer>
FN:49,nextToken
FN:153,hasNextToken
FN:159,next
FN:175,setTokenIndex
FN:179,Object.<anonymous>
FNF:9
FNH:9
FNDA:9,<instance_members_initializer>
FNDA:9,JumpSyntaxError
FNDA:10,Lexer
FNDA:2,<static_initializer>
FNDA:133,nextToken
FNDA:95,hasNextToken
FNDA:95,next
FNDA:133,setTokenIndex
FNDA:9,Object.<anonymous>
DA:1,1
DA:2,1
DA:3,1
DA:4,1
DA:5,1
DA:6,1
DA:7,1
DA:8,1
DA:9,9
DA:10,9
DA:11,9
DA:12,9
DA:13,9
DA:14,9
DA:15,9
DA:16,9
DA:17,1
DA:18,1
DA:19,1
DA:20,1
DA:21,1
DA:22,1
DA:23,1
DA:24,1
DA:25,1
DA:26,1
DA:27,1
DA:28,1
DA:29,1
DA:30,1
DA:31,1
DA:32,1
DA:33,1
DA:34,1
DA:35,10
DA:36,10
DA:37,1
DA:38,1
DA:39,1
DA:40,1
DA:41,1
DA:42,1
DA:43,1
DA:44,1
DA:45,1
DA:46,1
DA:47,1
DA:48,1
DA:49,1
DA:50,133
DA:51,133
DA:52,133
DA:53,133
DA:54,133
DA:55,9
DA:56,9
DA:57,9
DA:58,9
DA:59,133
DA:60,17
DA:61,17
DA:62,17
DA:63,17
DA:64,17
DA:65,17
DA:66,17
DA:67,17
DA:68,3
DA:69,3
DA:70,17
DA:71,15
DA:72,17
DA:73,2
DA:74,2
DA:75,2
DA:76,17
DA:77,133
DA:78,6
DA:79,6
DA:80,6
DA:81,3
DA:82,3
DA:83,6
DA:84,6
DA:85,6
DA:86,2
DA:87,2
DA:88,2
DA:89,4
DA:90,4
DA:91,6
DA:92,1
DA:93,1
DA:94,4
DA:95,4
DA:96,4
DA:97,4
DA:98,101
DA:99,101
DA:100,101
DA:101,133
DA:102,26
DA:103,26
DA:104,2
DA:105,2
DA:106,24
DA:107,24
DA:108,26
DA:109,2
DA:110,2
DA:111,22
DA:112,22
DA:113,26
DA:114,2
DA:115,2
DA:116,20
DA:117,20
DA:118,20
DA:119,133
DA:120,9
DA:121,9
DA:122,66
DA:123,66
DA:124,66
DA:125,66
DA:126,133
DA:127,21
DA:128,21
DA:129,21
DA:130,21
DA:131,21
DA:132,21
DA:133,21
DA:134,21
DA:135,21
DA:136,21
DA:137,2
DA:138,2
DA:139,19
DA:140,19
DA:141,133
DA:142,44
DA:143,44
DA:144,44
DA:145,44
DA:146,1
DA:147,1
DA:148,1
DA:149,1
DA:150,1
DA:151,1
DA:152,1
DA:153,1
DA:154,95
DA:155,95
DA:156,95
DA:157,95
DA:158,1
DA:159,1
DA:160,95
DA:161,6
DA:162,6
DA:163,6
DA:164,6
DA:165,6
DA:166,89
DA:167,89
DA:168,89
DA:169,89
DA:170,89
DA:171,1
DA:172,1
DA:173,1
DA:174,1
DA:175,1
DA:176,133
DA:177,133
DA:178,1
DA:179,1
DA:180,9
DA:181,9
DA:182,1
LF:182
LH:182
BRDA:9,0,0,9
BRDA:12,1,0,9
BRDA:34,2,0,10
BRDA:44,3,0,2
BRDA:49,4,0,133
BRDA:54,5,0,9
BRDA:59,6,0,124
BRDA:59,7,0,17
BRDA:67,8,0,3
BRDA:70,9,0,15
BRDA:72,10,0,2
BRDA:77,11,0,107
BRDA:77,12,0,6
BRDA:80,13,0,3
BRDA:85,14,0,2
BRDA:89,15,0,4
BRDA:91,16,0,1
BRDA:91,17,0,1
BRDA:94,18,0,4
BRDA:98,19,0,101
BRDA:101,20,0,26
BRDA:103,21,0,3
BRDA:103,22,0,2
BRDA:106,23,0,24
BRDA:108,24,0,2
BRDA:108,25,0,2
BRDA:111,26,0,22
BRDA:113,27,0,2
BRDA:113,28,0,2
BRDA:116,29,0,20
BRDA:119,30,0,75
BRDA:119,31,0,9
BRDA:122,32,0,66
BRDA:126,33,0,21
BRDA:136,34,0,2
BRDA:139,35,0,19
BRDA:141,36,0,45
BRDA:141,37,0,44
BRDA:146,38,0,1
BRDA:153,39,0,95
BRDA:159,40,0,95
BRDA:160,41,0,6
BRDA:166,42,0,89
BRDA:175,43,0,133
BRDA:179,44,0,9
BRF:45
BRH:45
end_of_record
TN:
SF:src/lexer/Source.ts
FN:4,<instance_members_initializer>
FN:11,get index
FN:15,Source
FN:23,next
FN:40,peekNext
FN:52,peekNextCharacters
FN:77,consumeUntil
FN:100,consumeAll
FN:110,consumeWhile
FN:122,getPosition
FN:129,hasNext
FNF:11
FNH:11
FNDA:18,<instance_members_initializer>
FNDA:3,get index
FNDA:18,Source
FNDA:255,next
FNDA:191,peekNext
FNDA:103,peekNextCharacters
FNDA:12,consumeUntil
FNDA:46,consumeAll
FNDA:61,consumeWhile
FNDA:8,getPosition
FNDA:153,hasNext
DA:1,1
DA:2,1
DA:3,1
DA:4,18
DA:5,18
DA:6,18
DA:7,18
DA:8,18
DA:9,18
DA:10,18
DA:11,18
DA:12,3
DA:13,3
DA:14,18
DA:15,18
DA:16,18
DA:17,18
DA:18,18
DA:19,18
DA:20,18
DA:21,18
DA:22,18
DA:23,18
DA:24,255
DA:25,2
DA:26,2
DA:27,2
DA:28,2
DA:29,2
DA:30,253
DA:31,253
DA:32,253
DA:33,253
DA:34,18
DA:35,18
DA:36,18
DA:37,18
DA:38,18
DA:39,18
DA:40,18
DA:41,191
DA:42,2
DA:43,2
DA:44,189
DA:45,189
DA:46,189
DA:47,18
DA:48,18
DA:49,18
DA:50,18
DA:51,18
DA:52,18
DA:53,103
DA:54,99
DA:55,99
DA:56,4
DA:57,103
DA:58,2
DA:59,2
DA:60,2
DA:61,2
DA:62,2
DA:63,2
DA:64,2
DA:65,18
DA:66,18
DA:67,18
DA:68,18
DA:69,18
DA:70,18
DA:71,18
DA:72,18
DA:73,18
DA:74,18
DA:75,18
DA:76,18
DA:77,18
DA:78,12
DA:79,12
DA:80,12
DA:81,12
DA:82,12
DA:83,12
DA:84,12
DA:85,12
DA:86,8
DA:87,12
DA:88,4
DA:89,4
DA:90,4
DA:91,4
DA:92,4
DA:93,8
DA:94,8
DA:95,18
DA:96,18
DA:97,18
DA:98,18
DA:99,18
DA:100,18
DA:101,46
DA:102,46
DA:103,18
DA:104,18
DA:105,18
DA:106,18
DA:107,18
DA:108,18
DA:109,18
DA:110,18
DA:111,61
DA:112,61
DA:113,92
DA:114,92
DA:115,61
DA:116,61
DA:117,18
DA:118,18
DA:119,18
DA:120,18
DA:121,18
DA:122,18
DA:123,8
DA:124,8
DA:125,18
DA:126,18
DA:127,18
DA:128,18
DA:129,18
DA:130,153
DA:131,153
DA:132,18
LF:132
LH:132
BRDA:4,0,0,18
BRDA:11,1,0,3
BRDA:15,2,0,18
BRDA:23,3,0,255
BRDA:24,4,0,2
BRDA:30,5,0,253
BRDA:40,6,0,191
BRDA:41,7,0,2
BRDA:44,8,0,189
BRDA:52,9,0,103
BRDA:53,10,0,99
BRDA:56,11,0,4
BRDA:57,12,0,2
BRDA:77,13,0,12
BRDA:85,14,0,8
BRDA:87,15,0,4
BRDA:93,16,0,8
BRDA:81,17,0,37
BRDA:100,18,0,46
BRDA:101,19,0,92
BRDA:110,20,0,61
BRDA:112,21,0,146
BRDA:112,22,0,92
BRDA:122,23,0,8
BRDA:129,24,0,153
BRF:25
BRH:25
end_of_record
TN:
SF:src/lexer/SourcePosition.ts
FN:5,<instance_members_initializer>
FN:10,SourcePosition
FN:22,getLine
FN:30,getCol
FN:37,toString
FNF:5
FNH:5
FNDA:39,<instance_members_initializer>
FNDA:39,SourcePosition
FNDA:8,getLine
FNDA:10,getCol
FNDA:2,toString
DA:1,1
DA:2,1
DA:3,1
DA:4,1
DA:5,39
DA:6,39
DA:7,39
DA:8,39
DA:9,39
DA:10,39
DA:11,39
DA:12,39
DA:13,39
DA:14,39
DA:15,17
DA:16,17
DA:17,39
DA:18,39
DA:19,39
DA:20,39
DA:21,39
DA:22,39
DA:23,8
DA:24,8
DA:25,39
DA:26,39
DA:27,39
DA:28,39
DA:29,39
DA:30,39
DA:31,10
DA:32,10
DA:33,10
DA:34,10
DA:35,10
DA:36,39
DA:37,39
DA:38,2
DA:39,2
DA:40,39
LF:40
LH:40
BRDA:5,0,0,39
BRDA:10,1,0,39
BRDA:14,2,0,17
BRDA:22,3,0,8
BRDA:30,4,0,10
BRDA:37,5,0,2
BRF:6
BRH:6
end_of_record
TN:
SF:src/lexer/Token.ts
FN:10,<instance_members_initializer>
FN:16,Token
FN:21,equals
FNF:3
FNH:3
FNDA:175,<instance_members_initializer>
FNDA:175,Token
FNDA:4,equals
DA:1,3
DA:2,3
DA:3,3
DA:4,3
DA:5,3
DA:6,3
DA:7,3
DA:8,3
DA:9,3
DA:10,175
DA:11,175
DA:12,175
DA:13,175
DA:14,175
DA:15,175
DA:16,175
DA:17,175
DA:18,175
DA:19,175
DA:20,175
DA:21,175
DA:22,4
DA:23,4
DA:24,175
LF:24
LH:24
BRDA:1,0,0,3
BRDA:10,1,0,175
BRDA:16,2,0,175
BRDA:21,3,0,4
BRDA:22,4,0,2
BRF:5
BRH:5
end_of_record
