TN:
SF:src/errors.ts
FN:4,JumpError
FN:15,JumpSyntaxError
FN:25,JumpTypeError
FN:35,JumpNameError
FN:48,JumpArgumentError
FN:55,JumpInternalError
FN:61,JumpDivisionByZeroError
FNF:7
FNH:6
FNDA:34,JumpError
FNDA:21,JumpSyntaxError
FNDA:4,JumpTypeError
FNDA:2,JumpNameError
FNDA:0,JumpArgumentError
FNDA:5,JumpInternalError
FNDA:2,JumpDivisionByZeroError
DA:1,1
DA:2,1
DA:3,1
DA:4,1
DA:5,34
DA:6,34
DA:7,1
DA:8,1
DA:9,1
DA:10,1
DA:11,1
DA:12,1
DA:13,1
DA:14,1
DA:15,1
DA:16,21
DA:17,21
DA:18,21
DA:19,1
DA:20,1
DA:21,1
DA:22,1
DA:23,1
DA:24,1
DA:25,1
DA:26,4
DA:27,4
DA:28,4
DA:29,1
DA:30,1
DA:31,1
DA:32,1
DA:33,1
DA:34,1
DA:35,1
DA:36,2
DA:37,2
DA:38,2
DA:39,1
DA:40,1
DA:41,1
DA:42,1
DA:43,1
DA:44,1
DA:45,1
DA:46,1
DA:47,1
DA:48,1
DA:49,0
DA:50,0
DA:51,0
DA:52,1
DA:53,1
DA:54,1
DA:55,1
DA:56,5
DA:57,5
DA:58,1
DA:59,1
DA:60,1
DA:61,1
DA:62,2
DA:63,2
DA:64,1
LF:64
LH:61
BRDA:4,0,0,34
BRDA:15,1,0,21
BRDA:25,2,0,4
BRDA:35,3,0,2
BRDA:55,4,0,5
BRDA:61,5,0,2
BRF:6
BRH:6
end_of_record
TN:
SF:src/ast/JumpCallable.ts
FN:4,isCallable
FNF:1
FNH:1
FNDA:35,isCallable
DA:1,1
DA:2,1
DA:3,1
DA:4,35
DA:5,35
DA:6,35
DA:7,1
DA:8,1
DA:9,1
DA:10,1
DA:11,1
DA:12,1
DA:13,1
LF:13
LH:13
BRDA:4,0,0,35
BRF:1
BRH:1
end_of_record
TN:
SF:src/ast/SymbolTable.ts
FN:14,reversed
FN:20,SymbolTable
FN:47,pushScope
FN:65,exitScope
FN:76,has
FN:86,declare
FN:104,update
FN:123,get
FNF:8
FNH:8
FNDA:67,reversed
FNDA:137,SymbolTable
FNDA:4,pushScope
FNDA:5,exitScope
FNDA:24,has
FNDA:18,declare
FNDA:6,update
FNDA:37,get
DA:1,1
DA:2,1
DA:3,1
DA:4,8
DA:5,8
DA:6,8
DA:7,8
DA:8,8
DA:9,1
DA:10,1
DA:11,1
DA:12,1
DA:13,1
DA:14,67
DA:15,67
DA:16,67
DA:17,67
DA:18,67
DA:19,1
DA:20,137
DA:21,137
DA:22,137
DA:23,137
DA:24,137
DA:25,137
DA:26,137
DA:27,137
DA:28,137
DA:29,137
DA:30,137
DA:31,137
DA:32,137
DA:33,137
DA:34,137
DA:35,137
DA:36,137
DA:37,137
DA:38,137
DA:39,137
DA:40,137
DA:41,137
DA:42,137
DA:43,137
DA:44,137
DA:45,137
DA:46,137
DA:47,137
DA:48,4
DA:49,4
DA:50,4
DA:51,4
DA:52,4
DA:53,4
DA:54,4
DA:55,4
DA:56,4
DA:57,4
DA:58,4
DA:59,4
DA:60,4
DA:61,137
DA:62,137
DA:63,137
DA:64,137
DA:65,137
DA:66,5
DA:67,1
DA:68,1
DA:69,4
DA:70,4
DA:71,137
DA:72,137
DA:73,137
DA:74,137
DA:75,137
DA:76,137
DA:77,24
DA:78,24
DA:79,137
DA:80,137
DA:81,137
DA:82,137
DA:83,137
DA:84,137
DA:85,137
DA:86,137
DA:87,18
DA:88,1
DA:89,1
DA:90,1
DA:91,1
DA:92,17
DA:93,17
DA:94,17
DA:95,17
DA:96,17
DA:97,17
DA:98,137
DA:99,137
DA:100,137
DA:101,137
DA:102,137
DA:103,137
DA:104,137
DA:105,6
DA:106,6
DA:107,5
DA:108,5
DA:109,5
DA:110,5
DA:111,5
DA:112,5
DA:113,6
DA:114,1
DA:115,1
DA:116,1
DA:117,1
DA:118,137
DA:119,137
DA:120,137
DA:121,137
DA:122,137
DA:123,137
DA:124,37
DA:125,41
DA:126,36
DA:127,36
DA:128,41
DA:129,1
DA:130,1
DA:131,1
DA:132,1
DA:133,137
LF:133
LH:133
BRDA:4,0,0,8
BRDA:14,1,0,67
BRDA:20,2,0,137
BRDA:47,3,0,4
BRDA:65,4,0,5
BRDA:66,5,0,1
BRDA:69,6,0,4
BRDA:76,7,0,24
BRDA:77,8,0,29
BRDA:86,9,0,18
BRDA:87,10,0,1
BRDA:92,11,0,17
BRDA:104,12,0,6
BRDA:106,13,0,5
BRDA:114,14,0,1
BRDA:123,15,0,37
BRDA:124,16,0,41
BRDA:125,17,0,36
BRDA:129,18,0,1
BRF:19
BRH:19
end_of_record
TN:
SF:src/ast/nodes/ASTNode.ts
FNF:0
FNH:0
DA:1,1
DA:2,1
DA:3,1
DA:4,1
DA:5,1
DA:6,1
DA:7,1
DA:8,1
DA:9,1
DA:10,1
DA:11,1
DA:12,1
DA:13,1
DA:14,1
DA:15,1
DA:16,1
LF:16
LH:16
BRF:0
BRH:0
end_of_record
TN:
SF:src/ast/nodes/FunctionNodes.ts
FN:17,BuiltInFunctionNode
FN:21,evaluate
FN:26,toJSON
FN:34,call
FNF:4
FNH:2
FNDA:35,BuiltInFunctionNode
FNDA:0,evaluate
FNDA:0,toJSON
FNDA:35,call
DA:1,1
DA:2,1
DA:3,1
DA:4,1
DA:5,1
DA:6,1
DA:7,1
DA:8,1
DA:9,1
DA:10,1
DA:11,1
DA:12,1
DA:13,1
DA:14,1
DA:15,1
DA:16,1
DA:17,1
DA:18,35
DA:19,35
DA:20,1
DA:21,1
DA:22,0
DA:23,0
DA:24,0
DA:25,1
DA:26,1
DA:27,0
DA:28,0
DA:29,0
DA:30,0
DA:31,1
DA:32,1
DA:33,1
DA:34,1
DA:35,35
DA:36,7
DA:37,35
DA:38,13
DA:39,26
DA:40,2
DA:41,2
DA:42,2
DA:43,2
DA:44,13
DA:45,13
DA:46,28
DA:47,15
DA:48,29
DA:49,2
DA:50,2
DA:51,2
DA:52,2
DA:53,15
DA:54,15
DA:55,15
DA:56,0
DA:57,0
DA:58,0
DA:59,0
DA:60,35
DA:61,1
LF:61
LH:50
BRDA:17,0,0,35
BRDA:34,1,0,35
BRDA:35,2,0,7
BRDA:37,3,0,28
BRDA:37,4,0,13
BRDA:46,5,0,15
BRDA:55,6,0,0
BRDA:38,7,0,26
BRDA:39,8,0,2
BRDA:47,9,0,29
BRDA:48,10,0,2
BRF:11
BRH:10
end_of_record
TN:
SF:src/ast/nodes/IdentifierNodes.ts
FN:13,Identifier
FN:20,fromToken
FN:32,TypeIdentifier
FN:41,VariableDeclarationNode
FN:49,evaluate
FN:57,toJSON
FN:66,VariableAssignmentNode
FN:73,evaluate
FN:80,toJSON
FN:91,IdentifierNode
FN:96,evaluate
FN:106,toJSON
FN:112,call
FNF:13
FNH:13
FNDA:77,Identifier
FNDA:65,fromToken
FNDA:9,TypeIdentifier
FNDA:9,VariableDeclarationNode
FNDA:9,evaluate
FNDA:1,toJSON
FNDA:4,VariableAssignmentNode
FNDA:4,evaluate
FNDA:1,toJSON
FNDA:52,IdentifierNode
FNDA:16,evaluate
FNDA:1,toJSON
FNDA:35,call
DA:1,1
DA:2,1
DA:3,1
DA:4,1
DA:5,1
DA:6,1
DA:7,1
DA:8,1
DA:9,1
DA:10,1
DA:11,1
DA:12,1
DA:13,1
DA:14,1
DA:15,1
DA:16,1
DA:17,1
DA:18,1
DA:19,1
DA:20,1
DA:21,65
DA:22,1
DA:23,1
DA:24,1
DA:25,1
DA:26,1
DA:27,64
DA:28,64
DA:29,1
DA:30,1
DA:31,1
DA:32,1
DA:33,9
DA:34,9
DA:35,9
DA:36,9
DA:37,9
DA:38,1
DA:39,1
DA:40,1
DA:41,1
DA:42,9
DA:43,9
DA:44,9
DA:45,9
DA:46,9
DA:47,9
DA:48,1
DA:49,1
DA:50,9
DA:51,9
DA:52,9
DA:53,9
DA:54,9
DA:55,9
DA:56,1
DA:57,1
DA:58,1
DA:59,1
DA:60,1
DA:61,1
DA:62,1
DA:63,1
DA:64,1
DA:65,1
DA:66,1
DA:67,4
DA:68,4
DA:69,4
DA:70,4
DA:71,4
DA:72,1
DA:73,1
DA:74,4
DA:75,4
DA:76,4
DA:77,4
DA:78,4
DA:79,1
DA:80,1
DA:81,1
DA:82,1
DA:83,1
DA:84,1
DA:85,1
DA:86,1
DA:87,1
DA:88,1
DA:89,1
DA:90,1
DA:91,1
DA:92,52
DA:93,52
DA:94,52
DA:95,1
DA:96,1
DA:97,16
DA:98,14
DA:99,16
DA:100,0
DA:101,2
DA:102,2
DA:103,2
DA:104,16
DA:105,1
DA:106,1
DA:107,1
DA:108,1
DA:109,1
DA:110,1
DA:111,1
DA:112,1
DA:113,35
DA:114,35
DA:115,35
DA:116,35
DA:117,35
DA:118,0
DA:119,0
DA:120,1
LF:120
LH:117
BRDA:13,0,0,77
BRDA:20,1,0,65
BRDA:21,2,0,1
BRDA:27,3,0,64
BRDA:32,4,0,9
BRDA:41,5,0,9
BRDA:49,6,0,9
BRDA:57,7,0,1
BRDA:66,8,0,4
BRDA:73,9,0,4
BRDA:80,10,0,1
BRDA:91,11,0,52
BRDA:96,12,0,16
BRDA:97,13,0,14
BRDA:99,14,0,2
BRDA:99,15,0,0
BRDA:106,16,0,1
BRDA:112,17,0,35
BRDA:118,18,0,0
BRF:19
BRH:17
end_of_record
TN:
SF:src/ast/nodes/LiteralNodes.ts
FN:7,LiteralNode
FN:14,DoubleNode
FN:19,evaluate
FN:23,toJSON
FN:31,IntNode
FN:41,evaluate
FN:45,toJSON
FN:53,BooleanNode
FN:65,evaluate
FN:69,toJSON
FN:77,evaluate
FN:81,toJSON
FNF:12
FNH:9
FNDA:293,LiteralNode
FNDA:10,DoubleNode
FNDA:10,evaluate
FNDA:0,toJSON
FNDA:239,IntNode
FNDA:231,evaluate
FNDA:2,toJSON
FNDA:29,BooleanNode
FNDA:29,evaluate
FNDA:0,toJSON
FNDA:15,evaluate
FNDA:0,toJSON
DA:1,1
DA:2,1
DA:3,1
DA:4,1
DA:5,1
DA:6,1
DA:7,1
DA:8,293
DA:9,293
DA:10,293
DA:11,1
DA:12,1
DA:13,1
DA:14,1
DA:15,10
DA:16,10
DA:17,10
DA:18,1
DA:19,1
DA:20,10
DA:21,10
DA:22,1
DA:23,1
DA:24,0
DA:25,0
DA:26,0
DA:27,0
DA:28,1
DA:29,1
DA:30,1
DA:31,1
DA:32,239
DA:33,239
DA:34,0
DA:35,0
DA:36,0
DA:37,0
DA:38,239
DA:39,239
DA:40,1
DA:41,1
DA:42,231
DA:43,231
DA:44,1
DA:45,1
DA:46,2
DA:47,2
DA:48,2
DA:49,2
DA:50,1
DA:51,1
DA:52,1
DA:53,1
DA:54,29
DA:55,13
DA:56,28
DA:57,16
DA:58,16
DA:59,0
DA:60,0
DA:61,0
DA:62,0
DA:63,29
DA:64,1
DA:65,1
DA:66,29
DA:67,29
DA:68,1
DA:69,1
DA:70,0
DA:71,0
DA:72,0
DA:73,0
DA:74,1
DA:75,1
DA:76,1
DA:77,1
DA:78,15
DA:79,15
DA:80,1
DA:81,1
DA:82,0
DA:83,0
DA:84,0
DA:85,0
DA:86,1
LF:86
LH:66
BRDA:7,0,0,293
BRDA:14,1,0,10
BRDA:19,2,0,10
BRDA:31,3,0,239
BRDA:33,4,0,0
BRDA:41,5,0,231
BRDA:45,6,0,2
BRDA:53,7,0,29
BRDA:54,8,0,28
BRDA:54,9,0,13
BRDA:56,10,0,16
BRDA:58,11,0,0
BRDA:65,12,0,29
BRDA:77,13,0,15
BRF:14
BRH:12
end_of_record
TN:
SF:src/ast/nodes/OperatorNode.ts
FN:12,BinaryOperatorNode
FN:20,evaluate
FN:69,toJSON
FN:79,UnaryOperatorNode
FN:86,evaluate
FN:111,toJSON
FN:120,CallNode
FN:127,evaluate
FN:139,toJSON
FNF:9
FNH:6
FNDA:131,BinaryOperatorNode
FNDA:129,evaluate
FNDA:0,toJSON
FNDA:23,UnaryOperatorNode
FNDA:23,evaluate
FNDA:0,toJSON
FNDA:35,CallNode
FNDA:35,evaluate
FNDA:0,toJSON
DA:1,1
DA:2,1
DA:3,1
DA:4,1
DA:5,1
DA:6,1
DA:7,1
DA:8,1
DA:9,1
DA:10,1
DA:11,1
DA:12,1
DA:13,131
DA:14,131
DA:15,131
DA:16,131
DA:17,131
DA:18,131
DA:19,1
DA:20,1
DA:21,129
DA:22,129
DA:23,129
DA:24,129
DA:25,129
DA:26,129
DA:27,129
DA:28,129
DA:29,129
DA:30,37
DA:31,129
DA:32,8
DA:33,91
DA:34,20
DA:35,83
DA:36,9
DA:37,2
DA:38,2
DA:39,7
DA:40,63
DA:41,3
DA:42,54
DA:43,2
DA:44,51
DA:45,7
DA:46,7
DA:47,49
DA:48,2
DA:49,42
DA:50,8
DA:51,40
DA:52,10
DA:53,32
DA:54,11
DA:55,11
DA:56,3
DA:57,11
DA:58,3
DA:59,8
DA:60,5
DA:61,5
DA:62,0
DA:63,0
DA:64,0
DA:65,0
DA:66,0
DA:67,129
DA:68,1
DA:69,1
DA:70,0
DA:71,0
DA:72,0
DA:73,0
DA:74,0
DA:75,0
DA:76,1
DA:77,1
DA:78,1
DA:79,1
DA:80,23
DA:81,23
DA:82,23
DA:83,23
DA:84,23
DA:85,1
DA:86,1
DA:87,23
DA:88,23
DA:89,2
DA:90,23
DA:91,17
DA:92,17
DA:93,2
DA:94,2
DA:95,17
DA:96,0
DA:97,0
DA:98,0
DA:99,0
DA:100,15
DA:101,21
DA:102,4
DA:103,4
DA:104,0
DA:105,0
DA:106,0
DA:107,0
DA:108,0
DA:109,23
DA:110,1
DA:111,1
DA:112,0
DA:113,0
DA:114,0
DA:115,0
DA:116,0
DA:117,1
DA:118,1
DA:119,1
DA:120,1
DA:121,35
DA:122,35
DA:123,35
DA:124,35
DA:125,35
DA:126,1
DA:127,1
DA:128,35
DA:129,0
DA:130,0
DA:131,0
DA:132,0
DA:133,35
DA:134,35
DA:135,35
DA:136,35
DA:137,35
DA:138,1
DA:139,1
DA:140,0
DA:141,0
DA:142,0
DA:143,0
DA:144,0
DA:145,0
DA:146,1
LF:146
LH:111
BRDA:12,0,0,131
BRDA:20,1,0,129
BRDA:29,2,0,37
BRDA:31,3,0,91
BRDA:31,4,0,8
BRDA:33,5,0,83
BRDA:33,6,0,20
BRDA:35,7,0,63
BRDA:35,8,0,9
BRDA:36,9,0,2
BRDA:39,10,0,7
BRDA:40,11,0,54
BRDA:40,12,0,3
BRDA:42,13,0,51
BRDA:42,14,0,2
BRDA:44,15,0,49
BRDA:44,16,0,7
BRDA:47,17,0,42
BRDA:47,18,0,2
BRDA:49,19,0,40
BRDA:49,20,0,8
BRDA:50,21,0,4
BRDA:51,22,0,32
BRDA:51,23,0,10
BRDA:52,24,0,4
BRDA:53,25,0,22
BRDA:53,26,0,11
BRDA:55,27,0,3
BRDA:57,28,0,8
BRDA:57,29,0,3
BRDA:59,30,0,5
BRDA:61,31,0,0
BRDA:79,32,0,23
BRDA:86,33,0,23
BRDA:88,34,0,2
BRDA:90,35,0,21
BRDA:90,36,0,17
BRDA:92,37,0,2
BRDA:95,38,0,15
BRDA:95,39,0,0
BRDA:100,40,0,15
BRDA:101,41,0,4
BRDA:103,42,0,0
BRDA:120,43,0,35
BRDA:127,44,0,35
BRDA:128,45,0,0
BRDA:135,46,0,65
BRF:47
BRH:43
end_of_record
TN:
SF:src/ast/nodes/StatementNodes.ts
FN:5,evaluate
FN:9,toJSON
FN:17,CompoundStatementNode
FN:21,evaluate
FN:25,toJSON
FN:34,ExpressionNode
FN:38,evaluate
FN:42,toJSON
FN:51,IfStatementNode
FN:58,evaluate
FN:64,toJSON
FN:75,WhileStatementNode
FN:82,evaluate
FN:88,toJSON
FNF:14
FNH:3
FNDA:0,evaluate
FNDA:0,toJSON
FNDA:140,CompoundStatementNode
FNDA:0,evaluate
FNDA:0,toJSON
FNDA:217,ExpressionNode
FNDA:215,evaluate
FNDA:0,toJSON
FNDA:0,IfStatementNode
FNDA:0,evaluate
FNDA:0,toJSON
FNDA:0,WhileStatementNode
FNDA:0,evaluate
FNDA:0,toJSON
DA:1,1
DA:2,1
DA:3,1
DA:4,1
DA:5,1
DA:6,0
DA:7,0
DA:8,1
DA:9,1
DA:10,0
DA:11,0
DA:12,0
DA:13,0
DA:14,1
DA:15,1
DA:16,1
DA:17,1
DA:18,140
DA:19,140
DA:20,1
DA:21,1
DA:22,0
DA:23,0
DA:24,1
DA:25,1
DA:26,0
DA:27,0
DA:28,0
DA:29,0
DA:30,0
DA:31,1
DA:32,1
DA:33,1
DA:34,1
DA:35,217
DA:36,217
DA:37,1
DA:38,1
DA:39,215
DA:40,215
DA:41,1
DA:42,1
DA:43,0
DA:44,0
DA:45,0
DA:46,0
DA:47,0
DA:48,1
DA:49,1
DA:50,1
DA:51,1
DA:52,0
DA:53,0
DA:54,0
DA:55,0
DA:56,0
DA:57,1
DA:58,1
DA:59,0
DA:60,0
DA:61,0
DA:62,0
DA:63,1
DA:64,1
DA:65,0
DA:66,0
DA:67,0
DA:68,0
DA:69,0
DA:70,0
DA:71,1
DA:72,1
DA:73,1
DA:74,1
DA:75,1
DA:76,0
DA:77,0
DA:78,0
DA:79,0
DA:80,0
DA:81,1
DA:82,1
DA:83,0
DA:84,0
DA:85,0
DA:86,0
DA:87,1
DA:88,1
DA:89,0
DA:90,0
DA:91,0
DA:92,0
DA:93,0
DA:94,0
DA:95,1
LF:95
LH:47
BRDA:17,0,0,140
BRDA:34,1,0,217
BRDA:38,2,0,215
BRF:3
BRH:3
end_of_record
TN:
SF:src/lexer/Lexer.ts
FN:22,Lexer
FN:37,clone
FN:44,nextToken
FN:157,hasNextToken
FN:164,next
FN:177,getPosition
FN:184,setTokenIndex
FN:188,Object.<anonymous>
FN:192,createToken
FNF:9
FNH:9
FNDA:169,Lexer
FNDA:1,clone
FNDA:1294,nextToken
FNDA:2199,hasNextToken
FNDA:910,next
FNDA:1877,getPosition
FNDA:1294,setTokenIndex
FNDA:10,Object.<anonymous>
FNDA:901,createToken
DA:1,1
DA:2,1
DA:3,1
DA:4,1
DA:5,1
DA:6,1
DA:7,1
DA:8,1
DA:9,1
DA:10,1
DA:11,1
DA:12,1
DA:13,1
DA:14,1
DA:15,1
DA:16,1
DA:17,1
DA:18,1
DA:19,1
DA:20,1
DA:21,1
DA:22,1
DA:23,169
DA:24,169
DA:25,1
DA:26,1
DA:27,1
DA:28,1
DA:29,1
DA:30,1
DA:31,1
DA:32,1
DA:33,1
DA:34,1
DA:35,1
DA:36,1
DA:37,1
DA:38,1
DA:39,1
DA:40,1
DA:41,1
DA:42,1
DA:43,1
DA:44,1
DA:45,1294
DA:46,1294
DA:47,1294
DA:48,1294
DA:49,1294
DA:50,25
DA:51,25
DA:52,25
DA:53,25
DA:54,25
DA:55,25
DA:56,25
DA:57,1269
DA:58,1294
DA:59,279
DA:60,279
DA:61,279
DA:62,279
DA:63,279
DA:64,279
DA:65,279
DA:66,279
DA:67,13
DA:68,13
DA:69,279
DA:70,267
DA:71,279
DA:72,12
DA:73,12
DA:74,12
DA:75,279
DA:76,1294
DA:77,110
DA:78,110
DA:79,110
DA:80,6
DA:81,6
DA:82,110
DA:83,110
DA:84,110
DA:85,2
DA:86,2
DA:87,2
DA:88,108
DA:89,108
DA:90,110
DA:91,1
DA:92,1
DA:93,108
DA:94,108
DA:95,108
DA:96,108
DA:97,880
DA:98,880
DA:99,880
DA:100,1294
DA:101,219
DA:102,219
DA:103,9
DA:104,9
DA:105,210
DA:106,210
DA:107,219
DA:108,10
DA:109,10
DA:110,200
DA:111,200
DA:112,219
DA:113,20
DA:114,20
DA:115,180
DA:116,180
DA:117,180
DA:118,1294
DA:119,153
DA:120,5
DA:121,5
DA:122,148
DA:123,148
DA:124,508
DA:125,508
DA:126,508
DA:127,508
DA:128,1242
DA:129,123
DA:130,123
DA:131,123
DA:132,123
DA:133,123
DA:134,123
DA:135,123
DA:136,123
DA:137,123
DA:138,32
DA:139,32
DA:140,94
DA:141,2
DA:142,2
DA:143,89
DA:144,89
DA:145,517
DA:146,382
DA:147,382
DA:148,382
DA:149,382
DA:150,3
DA:151,3
DA:152,3
DA:153,3
DA:154,3
DA:155,3
DA:156,1
DA:157,1
DA:158,2199
DA:159,2199
DA:160,2199
DA:161,2199
DA:162,1
DA:163,1
DA:164,1
DA:165,910
DA:166,8
DA:167,8
DA:168,8
DA:169,8
DA:170,8
DA:171,902
DA:172,902
DA:173,902
DA:174,902
DA:175,902
DA:176,1
DA:177,1
DA:178,1877
DA:179,1877
DA:180,1
DA:181,1
DA:182,1
DA:183,1
DA:184,1
DA:185,1294
DA:186,1294
DA:187,1
DA:188,1
DA:189,10
DA:190,10
DA:191,1
DA:192,1
DA:193,901
DA:194,901
DA:195,1
LF:195
LH:195
BRDA:22,0,0,169
BRDA:37,1,0,1
BRDA:44,2,0,1294
BRDA:49,3,0,25
BRDA:57,4,0,1269
BRDA:58,5,0,279
BRDA:66,6,0,13
BRDA:69,7,0,267
BRDA:71,8,0,12
BRDA:76,9,0,990
BRDA:76,10,0,110
BRDA:79,11,0,6
BRDA:84,12,0,2
BRDA:88,13,0,108
BRDA:90,14,0,70
BRDA:90,15,0,1
BRDA:93,16,0,108
BRDA:97,17,0,880
BRDA:100,18,0,219
BRDA:102,19,0,21
BRDA:102,20,0,9
BRDA:105,21,0,210
BRDA:107,22,0,31
BRDA:107,23,0,10
BRDA:110,24,0,200
BRDA:112,25,0,20
BRDA:112,26,0,20
BRDA:115,27,0,180
BRDA:118,28,0,661
BRDA:118,29,0,153
BRDA:119,30,0,5
BRDA:122,31,0,148
BRDA:124,32,0,1242
BRDA:124,33,0,508
BRDA:128,34,0,123
BRDA:137,35,0,108
BRDA:137,36,0,32
BRDA:140,37,0,94
BRDA:140,38,0,91
BRDA:140,39,0,2
BRDA:143,40,0,89
BRDA:145,41,0,1240
BRDA:145,42,0,517
BRDA:145,43,0,385
BRDA:145,44,0,382
BRDA:150,45,0,3
BRDA:157,46,0,2199
BRDA:164,47,0,910
BRDA:165,48,0,8
BRDA:171,49,0,902
BRDA:177,50,0,1877
BRDA:184,51,0,1294
BRDA:188,52,0,10
BRDA:192,53,0,901
BRF:54
BRH:54
end_of_record
TN:
SF:src/lexer/Source.ts
FN:15,Source
FN:11,get index
FN:22,clone
FN:30,next
FN:47,peekNext
FN:59,peekNextCharacters
FN:84,consumeUntil
FN:107,consumeAll
FN:117,consumeWhile
FN:129,getPosition
FN:136,hasNext
FNF:11
FNH:11
FNDA:177,Source
FNDA:3,get index
FNDA:1,clone
FNDA:1805,next
FNDA:1518,peekNext
FNDA:2207,peekNextCharacters
FNDA:28,consumeUntil
FNDA:420,consumeAll
FNDA:451,consumeWhile
FNDA:1887,getPosition
FNDA:870,hasNext
DA:1,1
DA:2,1
DA:3,1
DA:4,1
DA:5,1
DA:6,1
DA:7,1
DA:8,1
DA:9,1
DA:10,1
DA:11,1
DA:12,3
DA:13,3
DA:14,1
DA:15,1
DA:16,177
DA:17,177
DA:18,1
DA:19,1
DA:20,1
DA:21,1
DA:22,1
DA:23,1
DA:24,1
DA:25,1
DA:26,1
DA:27,1
DA:28,1
DA:29,1
DA:30,1
DA:31,1805
DA:32,2
DA:33,2
DA:34,2
DA:35,2
DA:36,2
DA:37,1803
DA:38,1803
DA:39,1803
DA:40,1803
DA:41,1
DA:42,1
DA:43,1
DA:44,1
DA:45,1
DA:46,1
DA:47,1
DA:48,1518
DA:49,4
DA:50,4
DA:51,1514
DA:52,1514
DA:53,1514
DA:54,1
DA:55,1
DA:56,1
DA:57,1
DA:58,1
DA:59,1
DA:60,2207
DA:61,2203
DA:62,2203
DA:63,4
DA:64,2207
DA:65,2
DA:66,2
DA:67,2
DA:68,2
DA:69,2
DA:70,2
DA:71,2
DA:72,1
DA:73,1
DA:74,1
DA:75,1
DA:76,1
DA:77,1
DA:78,1
DA:79,1
DA:80,1
DA:81,1
DA:82,1
DA:83,1
DA:84,1
DA:85,28
DA:86,28
DA:87,28
DA:88,28
DA:89,28
DA:90,28
DA:91,28
DA:92,28
DA:93,24
DA:94,28
DA:95,4
DA:96,4
DA:97,4
DA:98,4
DA:99,4
DA:100,24
DA:101,24
DA:102,1
DA:103,1
DA:104,1
DA:105,1
DA:106,1
DA:107,1
DA:108,420
DA:109,420
DA:110,1
DA:111,1
DA:112,1
DA:113,1
DA:114,1
DA:115,1
DA:116,1
DA:117,1
DA:118,451
DA:119,451
DA:120,419
DA:121,419
DA:122,451
DA:123,451
DA:124,1
DA:125,1
DA:126,1
DA:127,1
DA:128,1
DA:129,1
DA:130,1887
DA:131,1887
DA:132,1
DA:133,1
DA:134,1
DA:135,1
DA:136,1
DA:137,870
DA:138,870
DA:139,1
LF:139
LH:139
BRDA:15,0,0,177
BRDA:11,1,0,3
BRDA:22,2,0,1
BRDA:30,3,0,1805
BRDA:31,4,0,2
BRDA:37,5,0,1803
BRDA:47,6,0,1518
BRDA:48,7,0,4
BRDA:51,8,0,1514
BRDA:59,9,0,2207
BRDA:60,10,0,2203
BRDA:63,11,0,4
BRDA:64,12,0,2
BRDA:84,13,0,28
BRDA:92,14,0,24
BRDA:94,15,0,4
BRDA:100,16,0,24
BRDA:88,17,0,97
BRDA:107,18,0,420
BRDA:108,19,0,745
BRDA:117,20,0,451
BRDA:119,21,0,859
BRDA:119,22,0,419
BRDA:129,23,0,1887
BRDA:136,24,0,870
BRF:25
BRH:25
end_of_record
TN:
SF:src/lexer/SourcePosition.ts
FN:10,SourcePosition
FN:22,getLine
FN:30,getCol
FN:37,toString
FNF:4
FNH:4
FNDA:2134,SourcePosition
FNDA:8,getLine
FNDA:10,getCol
FNDA:2,toString
DA:1,1
DA:2,1
DA:3,1
DA:4,1
DA:5,1
DA:6,1
DA:7,1
DA:8,1
DA:9,1
DA:10,1
DA:11,2134
DA:12,2134
DA:13,2134
DA:14,2134
DA:15,538
DA:16,538
DA:17,2134
DA:18,1
DA:19,1
DA:20,1
DA:21,1
DA:22,1
DA:23,8
DA:24,8
DA:25,1
DA:26,1
DA:27,1
DA:28,1
DA:29,1
DA:30,1
DA:31,10
DA:32,10
DA:33,10
DA:34,10
DA:35,10
DA:36,1
DA:37,1
DA:38,2
DA:39,2
DA:40,1
LF:40
LH:40
BRDA:10,0,0,2134
BRDA:14,1,0,538
BRDA:22,2,0,8
BRDA:30,3,0,10
BRDA:37,4,0,2
BRF:5
BRH:5
end_of_record
TN:
SF:src/lexer/Token.ts
FN:19,Token
FN:30,equals
FN:39,is
FN:43,toString
FNF:4
FNH:4
FNDA:995,Token
FNDA:85,equals
FNDA:7171,is
FNDA:4,toString
DA:1,1
DA:2,1
DA:3,9
DA:4,9
DA:5,9
DA:6,9
DA:7,9
DA:8,9
DA:9,9
DA:10,9
DA:11,9
DA:12,9
DA:13,1
DA:14,1
DA:15,1
DA:16,1
DA:17,1
DA:18,1
DA:19,1
DA:20,995
DA:21,995
DA:22,995
DA:23,995
DA:24,1
DA:25,1
DA:26,1
DA:27,1
DA:28,1
DA:29,1
DA:30,1
DA:31,85
DA:32,85
DA:33,1
DA:34,1
DA:35,1
DA:36,1
DA:37,1
DA:38,1
DA:39,1
DA:40,7171
DA:41,7171
DA:42,1
DA:43,1
DA:44,4
DA:45,4
DA:46,1
LF:46
LH:46
BRDA:3,0,0,9
BRDA:19,1,0,995
BRDA:30,2,0,85
BRDA:31,3,0,83
BRDA:39,4,0,7171
BRDA:40,5,0,3404
BRDA:40,6,0,3396
BRDA:43,7,0,4
BRF:8
BRH:8
end_of_record
TN:
SF:src/parser/Parser.ts
FN:40,Parser
FN:45,getRoot
FN:49,getCompoundStatements
FN:65,getBlock
FN:80,getStatement
FN:116,getAssignment
FN:143,getExpression
FN:147,getLogicalAnd
FN:160,getLogicalOr
FN:173,getEquality
FN:185,getComparison
FN:198,getAddition
FN:208,getTerm
FN:217,getFactor
FN:225,getUnary
FN:234,getCall
FN:256,getBase
FN:284,hasNext
FN:317,next
FN:346,nextFromLexer
FN:366,nextIs
FN:381,peek
FN:408,peekMatches
FN:431,nextNewlines
FNF:24
FNH:22
FNDA:155,Parser
FNDA:150,getRoot
FNDA:150,getCompoundStatements
FNDA:0,getBlock
FNDA:150,getStatement
FNDA:11,getAssignment
FNDA:229,getExpression
FNDA:229,getLogicalAnd
FNDA:237,getLogicalOr
FNDA:247,getEquality
FNDA:256,getComparison
FNDA:278,getAddition
FNDA:328,getTerm
FNDA:363,getFactor
FNDA:367,getUnary
FNDA:344,getCall
FNDA:363,getBase
FNDA:8767,hasNext
FNDA:808,next
FNDA:817,nextFromLexer
FNDA:796,nextIs
FNDA:7609,peek
FNDA:8487,peekMatches
FNDA:0,nextNewlines
DA:1,1
DA:2,1
DA:3,1
DA:4,1
DA:5,1
DA:6,1
DA:7,1
DA:8,1
DA:9,1
DA:10,1
DA:11,1
DA:12,1
DA:13,1
DA:14,1
DA:15,1
DA:16,1
DA:17,1
DA:18,1
DA:19,1
DA:20,1
DA:21,1
DA:22,1
DA:23,1
DA:24,1
DA:25,1
DA:26,1
DA:27,1
DA:28,1
DA:29,1
DA:30,1
DA:31,1
DA:32,1
DA:33,1
DA:34,1
DA:35,1
DA:36,1
DA:37,1
DA:38,1
DA:39,1
DA:40,1
DA:41,155
DA:42,155
DA:43,155
DA:44,1
DA:45,1
DA:46,150
DA:47,150
DA:48,1
DA:49,1
DA:50,150
DA:51,150
DA:52,150
DA:53,0
DA:54,0
DA:55,140
DA:56,0
DA:57,0
DA:58,0
DA:59,0
DA:60,0
DA:61,0
DA:62,140
DA:63,140
DA:64,1
DA:65,1
DA:66,0
DA:67,0
DA:68,0
DA:69,0
DA:70,0
DA:71,0
DA:72,0
DA:73,0
DA:74,0
DA:75,0
DA:76,0
DA:77,0
DA:78,0
DA:79,1
DA:80,1
DA:81,150
DA:82,150
DA:83,150
DA:84,150
DA:85,49
DA:86,49
DA:87,150
DA:88,11
DA:89,150
DA:90,0
DA:91,0
DA:92,0
DA:93,0
DA:94,0
DA:95,0
DA:96,0
DA:97,0
DA:98,0
DA:99,0
DA:100,0
DA:101,138
DA:102,138
DA:103,138
DA:104,142
DA:105,142
DA:106,142
DA:107,142
DA:108,142
DA:109,142
DA:110,142
DA:111,1
DA:112,1
DA:113,1
DA:114,1
DA:115,1
DA:116,1
DA:117,11
DA:118,11
DA:119,11
DA:120,11
DA:121,8
DA:122,8
DA:123,8
DA:124,8
DA:125,8
DA:126,8
DA:127,8
DA:128,8
DA:129,8
DA:130,8
DA:131,11
DA:132,3
DA:133,3
DA:134,3
DA:135,3
DA:136,3
DA:137,3
DA:138,3
DA:139,3
DA:140,11
DA:141,1
DA:142,1
DA:143,1
DA:144,229
DA:145,229
DA:146,1
DA:147,1
DA:148,229
DA:149,229
DA:150,229
DA:151,8
DA:152,8
DA:153,8
DA:154,8
DA:155,8
DA:156,8
DA:157,217
DA:158,217
DA:159,1
DA:160,1
DA:161,237
DA:162,237
DA:163,237
DA:164,10
DA:165,10
DA:166,10
DA:167,10
DA:168,10
DA:169,10
DA:170,225
DA:171,225
DA:172,1
DA:173,1
DA:174,247
DA:175,247
DA:176,9
DA:177,9
DA:178,9
DA:179,9
DA:180,9
DA:181,9
DA:182,235
DA:183,235
DA:184,1
DA:185,1
DA:186,256
DA:187,256
DA:188,22
DA:189,22
DA:190,22
DA:191,22
DA:192,22
DA:193,22
DA:194,244
DA:195,244
DA:196,1
DA:197,1
DA:198,1
DA:199,278
DA:200,278
DA:201,278
DA:202,50
DA:203,50
DA:204,266
DA:205,266
DA:206,1
DA:207,1
DA:208,1
DA:209,328
DA:210,328
DA:211,32
DA:212,32
DA:213,316
DA:214,316
DA:215,1
DA:216,1
DA:217,1
DA:218,363
DA:219,363
DA:220,3
DA:221,3
DA:222,348
DA:223,348
DA:224,1
DA:225,1
DA:226,367
DA:227,19
DA:228,367
DA:229,4
DA:230,4
DA:231,344
DA:232,344
DA:233,1
DA:234,1
DA:235,344
DA:236,344
DA:237,35
DA:238,35
DA:239,1
DA:240,1
DA:241,34
DA:242,34
DA:243,34
DA:244,35
DA:245,31
DA:246,31
DA:247,34
DA:248,34
DA:249,34
DA:250,34
DA:251,297
DA:252,297
DA:253,297
DA:254,1
DA:255,1
DA:256,1
DA:257,363
DA:258,15
DA:259,15
DA:260,15
DA:261,363
DA:262,237
DA:263,348
DA:264,10
DA:265,111
DA:266,15
DA:267,101
DA:268,29
DA:269,86
DA:270,51
DA:271,51
DA:272,6
DA:273,6
DA:274,6
DA:275,6
DA:276,6
DA:277,6
DA:278,6
DA:279,1
DA:280,1
DA:281,1
DA:282,1
DA:283,1
DA:284,1
DA:285,8767
DA:286,8767
DA:287,8767
DA:288,1
DA:289,1
DA:290,1
DA:291,1
DA:292,1
DA:293,1
DA:294,1
DA:295,1
DA:296,1
DA:297,1
DA:298,1
DA:299,1
DA:300,1
DA:301,1
DA:302,1
DA:303,1
DA:304,1
DA:305,1
DA:306,1
DA:307,1
DA:308,1
DA:309,1
DA:310,1
DA:311,1
DA:312,1
DA:313,1
DA:314,1
DA:315,1
DA:316,1
DA:317,1
DA:318,808
DA:319,808
DA:320,808
DA:321,808
DA:322,808
DA:323,808
DA:324,301
DA:325,301
DA:326,808
DA:327,3
DA:328,3
DA:329,3
DA:330,3
DA:331,1
DA:332,3
DA:333,3
DA:334,3
DA:335,3
DA:336,808
DA:337,801
DA:338,801
DA:339,4
DA:340,4
DA:341,1
DA:342,1
DA:343,1
DA:344,1
DA:345,1
DA:346,1
DA:347,817
DA:348,817
DA:349,817
DA:350,1
DA:351,1
DA:352,1
DA:353,1
DA:354,1
DA:355,814
DA:356,814
DA:357,1
DA:358,1
DA:359,1
DA:360,1
DA:361,1
DA:362,1
DA:363,1
DA:364,1
DA:365,1
DA:366,1
DA:367,796
DA:368,82
DA:369,82
DA:370,796
DA:371,713
DA:372,713
DA:373,796
DA:374,1
DA:375,1
DA:376,1
DA:377,1
DA:378,1
DA:379,1
DA:380,1
DA:381,1
DA:382,7609
DA:383,813
DA:384,813
DA:385,0
DA:386,0
DA:387,813
DA:388,813
DA:389,7607
DA:390,7607
DA:391,1
DA:392,1
DA:393,1
DA:394,1
DA:395,1
DA:396,1
DA:397,1
DA:398,1
DA:399,1
DA:400,1
DA:401,1
DA:402,1
DA:403,1
DA:404,1
DA:405,1
DA:406,1
DA:407,1
DA:408,1
DA:409,8487
DA:410,8487
DA:411,8487
DA:412,8487
DA:413,8486
DA:414,8487
DA:415,6340
DA:416,6340
DA:417,8487
DA:418,1683
DA:419,1683
DA:420,2146
DA:421,463
DA:422,463
DA:423,463
DA:424,8487
DA:425,1
DA:426,1
DA:427,1
DA:428,1
DA:429,1
DA:430,1
DA:431,1
DA:432,0
DA:433,0
DA:434,0
DA:435,0
DA:436,0
DA:437,0
DA:438,0
DA:439,1
LF:439
LH:398
BRDA:40,0,0,155
BRDA:45,1,0,150
BRDA:49,2,0,150
BRDA:52,3,0,140
BRDA:52,4,0,0
BRDA:55,5,0,0
BRDA:80,6,0,150
BRDA:84,7,0,49
BRDA:85,8,0,41
BRDA:87,9,0,11
BRDA:89,10,0,138
BRDA:89,11,0,0
BRDA:104,12,0,142
BRDA:116,13,0,11
BRDA:120,14,0,8
BRDA:131,15,0,3
BRDA:143,16,0,229
BRDA:147,17,0,229
BRDA:150,18,0,8
BRDA:157,19,0,217
BRDA:160,20,0,237
BRDA:163,21,0,10
BRDA:170,22,0,225
BRDA:173,23,0,247
BRDA:175,24,0,9
BRDA:182,25,0,235
BRDA:185,26,0,256
BRDA:187,27,0,22
BRDA:194,28,0,244
BRDA:198,29,0,278
BRDA:201,30,0,50
BRDA:204,31,0,266
BRDA:208,32,0,328
BRDA:210,33,0,32
BRDA:213,34,0,316
BRDA:217,35,0,363
BRDA:219,36,0,3
BRDA:222,37,0,348
BRDA:225,38,0,367
BRDA:226,39,0,19
BRDA:228,40,0,348
BRDA:228,41,0,4
BRDA:231,42,0,344
BRDA:234,43,0,344
BRDA:236,44,0,35
BRDA:238,45,0,1
BRDA:241,46,0,34
BRDA:244,47,0,31
BRDA:247,48,0,34
BRDA:251,49,0,297
BRDA:256,50,0,363
BRDA:257,51,0,15
BRDA:261,52,0,348
BRDA:261,53,0,237
BRDA:263,54,0,111
BRDA:263,55,0,10
BRDA:265,56,0,101
BRDA:265,57,0,15
BRDA:267,58,0,86
BRDA:267,59,0,29
BRDA:269,60,0,57
BRDA:269,61,0,51
BRDA:272,62,0,6
BRDA:284,63,0,8767
BRDA:286,64,0,1239
BRDA:317,65,0,808
BRDA:323,66,0,301
BRDA:324,67,0,299
BRDA:325,68,0,280
BRDA:326,69,0,3
BRDA:329,70,0,2
BRDA:330,71,0,1
BRDA:336,72,0,805
BRDA:336,73,0,801
BRDA:339,74,0,4
BRDA:346,75,0,817
BRDA:349,76,0,1
BRDA:355,77,0,814
BRDA:366,78,0,796
BRDA:367,79,0,82
BRDA:370,80,0,713
BRDA:381,81,0,7609
BRDA:382,82,0,813
BRDA:384,83,0,50
BRDA:384,84,0,0
BRDA:389,85,0,7607
BRDA:408,86,0,8487
BRDA:412,87,0,1
BRDA:413,88,0,8486
BRDA:414,89,0,6340
BRDA:416,90,0,6339
BRDA:417,91,0,2146
BRDA:417,92,0,1683
BRDA:420,93,0,463
BRDA:422,94,0,462
BRDA:419,95,0,4100
BRF:96
BRH:92
end_of_record
TN:
SF:src/parser/tests/exec.ts
FN:7,exec
FNF:1
FNH:1
FNDA:150,exec
DA:1,1
DA:2,1
DA:3,1
DA:4,1
DA:5,1
DA:6,1
DA:7,150
DA:8,150
DA:9,150
DA:10,150
DA:11,150
DA:12,150
DA:13,150
DA:14,140
DA:15,140
DA:16,150
LF:16
LH:16
BRDA:7,0,0,150
BRDA:13,1,0,140
BRF:2
BRH:2
end_of_record
